[ 2017-09-06T08:24:52+08:00 ] 58.214.179.197 /
INFO: [ app_init ] --START--
INFO: Run Behavior\BuildLiteBehavior [ RunTime:0.000022s ]
INFO: [ app_init ] --END-- [ RunTime:0.000522s ]
INFO: [ app_begin ] --START--
INFO: Run Behavior\ReadHtmlCacheBehavior [ RunTime:0.000726s ]
INFO: [ app_begin ] --END-- [ RunTime:0.000821s ]
NOTIC: [2] Division by zero /data/www/smalltown/Application/Admin/Controller/AuthLoginController.class.php 第 17 行.

[ 2017-09-06T08:24:52+08:00 ] 58.214.179.197 /Admin/Login/index.html
INFO: [ app_init ] --START--
INFO: Run Behavior\BuildLiteBehavior [ RunTime:0.000022s ]
INFO: [ app_init ] --END-- [ RunTime:0.000516s ]
INFO: [ app_begin ] --START--
INFO: Run Behavior\ReadHtmlCacheBehavior [ RunTime:0.000744s ]
INFO: [ app_begin ] --END-- [ RunTime:0.000843s ]
INFO: [ view_parse ] --START--
INFO: [ template_filter ] --START--
INFO: Run Behavior\ContentReplaceBehavior [ RunTime:0.000071s ]
INFO: [ template_filter ] --END-- [ RunTime:0.000163s ]
INFO: Run Behavior\ParseTemplateBehavior [ RunTime:0.009746s ]
INFO: [ view_parse ] --END-- [ RunTime:0.009830s ]
INFO: [ view_filter ] --START--
INFO: Run Behavior\WriteHtmlCacheBehavior [ RunTime:0.000349s ]
INFO: [ view_filter ] --END-- [ RunTime:0.000421s ]
INFO: [ app_end ] --START--
INFO: Run Behavior\ShowPageTraceBehavior [ RunTime:0.000775s ]
INFO: [ app_end ] --END-- [ RunTime:0.000859s ]

[ 2017-09-06T08:24:53+08:00 ] 58.214.179.197 /Admin/Login/verifyCodeServlet.html
INFO: [ app_init ] --START--
INFO: Run Behavior\BuildLiteBehavior [ RunTime:0.000021s ]
INFO: [ app_init ] --END-- [ RunTime:0.000529s ]
INFO: [ app_begin ] --START--
INFO: Run Behavior\ReadHtmlCacheBehavior [ RunTime:0.000736s ]
INFO: [ app_begin ] --END-- [ RunTime:0.000826s ]
INFO: [ app_end ] --START--
INFO: Run Behavior\ShowPageTraceBehavior [ RunTime:0.000892s ]
INFO: [ app_end ] --END-- [ RunTime:0.001010s ]

[ 2017-09-06T11:14:42+08:00 ] 58.217.192.54 /
INFO: [ app_init ] --START--
INFO: Run Behavior\BuildLiteBehavior [ RunTime:0.000022s ]
INFO: [ app_init ] --END-- [ RunTime:0.000521s ]
INFO: [ app_begin ] --START--
INFO: Run Behavior\ReadHtmlCacheBehavior [ RunTime:0.000864s ]
INFO: [ app_begin ] --END-- [ RunTime:0.000967s ]
NOTIC: [2] Division by zero /data/www/smalltown/Application/Admin/Controller/AuthLoginController.class.php 第 17 行.

[ 2017-09-06T15:09:19+08:00 ] 117.84.247.118 /
INFO: [ app_init ] --START--
INFO: Run Behavior\BuildLiteBehavior [ RunTime:0.000021s ]
INFO: [ app_init ] --END-- [ RunTime:0.000552s ]
INFO: [ app_begin ] --START--
INFO: Run Behavior\ReadHtmlCacheBehavior [ RunTime:0.000742s ]
INFO: [ app_begin ] --END-- [ RunTime:0.000834s ]
NOTIC: [2] Division by zero /data/www/smalltown/Application/Admin/Controller/AuthLoginController.class.php 第 17 行.

[ 2017-09-06T15:09:20+08:00 ] 117.84.247.118 /Admin/Login/index.html
INFO: [ app_init ] --START--
INFO: Run Behavior\BuildLiteBehavior [ RunTime:0.000036s ]
INFO: [ app_init ] --END-- [ RunTime:0.000632s ]
INFO: [ app_begin ] --START--
INFO: Run Behavior\ReadHtmlCacheBehavior [ RunTime:0.000740s ]
INFO: [ app_begin ] --END-- [ RunTime:0.000846s ]
INFO: [ view_parse ] --START--
INFO: [ template_filter ] --START--
INFO: Run Behavior\ContentReplaceBehavior [ RunTime:0.000073s ]
INFO: [ template_filter ] --END-- [ RunTime:0.000168s ]
INFO: Run Behavior\ParseTemplateBehavior [ RunTime:0.028928s ]
INFO: [ view_parse ] --END-- [ RunTime:0.029034s ]
INFO: [ view_filter ] --START--
INFO: Run Behavior\WriteHtmlCacheBehavior [ RunTime:0.000366s ]
INFO: [ view_filter ] --END-- [ RunTime:0.000449s ]
INFO: [ app_end ] --START--
INFO: Run Behavior\ShowPageTraceBehavior [ RunTime:0.000804s ]
INFO: [ app_end ] --END-- [ RunTime:0.000910s ]

[ 2017-09-06T15:09:24+08:00 ] 117.84.247.118 /Admin/Login/verifyCodeServlet.html
INFO: [ app_init ] --START--
INFO: Run Behavior\BuildLiteBehavior [ RunTime:0.000022s ]
INFO: [ app_init ] --END-- [ RunTime:0.000529s ]
INFO: [ app_begin ] --START--
INFO: Run Behavior\ReadHtmlCacheBehavior [ RunTime:0.000769s ]
INFO: [ app_begin ] --END-- [ RunTime:0.000866s ]
INFO: [ app_end ] --START--
INFO: Run Behavior\ShowPageTraceBehavior [ RunTime:0.001324s ]
INFO: [ app_end ] --END-- [ RunTime:0.001498s ]

[ 2017-09-06T15:09:24+08:00 ] 117.84.247.118 /Admin/Login/verifyCodeServlet.html
INFO: [ app_init ] --START--
INFO: Run Behavior\BuildLiteBehavior [ RunTime:0.000023s ]
INFO: [ app_init ] --END-- [ RunTime:0.000561s ]
INFO: [ app_begin ] --START--
INFO: Run Behavior\ReadHtmlCacheBehavior [ RunTime:0.000824s ]
INFO: [ app_begin ] --END-- [ RunTime:0.000927s ]
INFO: [ app_end ] --START--
INFO: Run Behavior\ShowPageTraceBehavior [ RunTime:0.001170s ]
INFO: [ app_end ] --END-- [ RunTime:0.001313s ]

[ 2017-09-06T19:28:23+08:00 ] 117.84.247.118 /Admin/Login/index.html
INFO: [ app_init ] --START--
INFO: Run Behavior\BuildLiteBehavior [ RunTime:0.000022s ]
INFO: [ app_init ] --END-- [ RunTime:0.000544s ]
INFO: [ app_begin ] --START--
INFO: Run Behavior\ReadHtmlCacheBehavior [ RunTime:0.000881s ]
INFO: [ app_begin ] --END-- [ RunTime:0.000990s ]
INFO: [ view_parse ] --START--
INFO: [ template_filter ] --START--
INFO: Run Behavior\ContentReplaceBehavior [ RunTime:0.000140s ]
INFO: [ template_filter ] --END-- [ RunTime:0.000241s ]
INFO: Run Behavior\ParseTemplateBehavior [ RunTime:0.012897s ]
INFO: [ view_parse ] --END-- [ RunTime:0.013002s ]
INFO: [ view_filter ] --START--
INFO: Run Behavior\WriteHtmlCacheBehavior [ RunTime:0.000409s ]
INFO: [ view_filter ] --END-- [ RunTime:0.000497s ]
INFO: [ app_end ] --START--
INFO: Run Behavior\ShowPageTraceBehavior [ RunTime:0.001025s ]
INFO: [ app_end ] --END-- [ RunTime:0.001142s ]

[ 2017-09-06T19:28:24+08:00 ] 117.84.247.118 /Admin/Login/verifyCodeServlet.html
INFO: [ app_init ] --START--
INFO: Run Behavior\BuildLiteBehavior [ RunTime:0.000023s ]
INFO: [ app_init ] --END-- [ RunTime:0.000537s ]
INFO: [ app_begin ] --START--
INFO: Run Behavior\ReadHtmlCacheBehavior [ RunTime:0.000913s ]
INFO: [ app_begin ] --END-- [ RunTime:0.001029s ]
INFO: [ app_end ] --START--
INFO: Run Behavior\ShowPageTraceBehavior [ RunTime:0.000913s ]
INFO: [ app_end ] --END-- [ RunTime:0.001026s ]

[ 2017-09-06T19:28:33+08:00 ] 117.84.247.118 /Admin/Login/verifyCodeServlet.html?id=0.4330698016565293
INFO: [ app_init ] --START--
INFO: Run Behavior\BuildLiteBehavior [ RunTime:0.000024s ]
INFO: [ app_init ] --END-- [ RunTime:0.000543s ]
INFO: [ app_begin ] --START--
INFO: Run Behavior\ReadHtmlCacheBehavior [ RunTime:0.000939s ]
INFO: [ app_begin ] --END-- [ RunTime:0.001034s ]
INFO: [ app_end ] --START--
INFO: Run Behavior\ShowPageTraceBehavior [ RunTime:0.001080s ]
INFO: [ app_end ] --END-- [ RunTime:0.001225s ]

[ 2017-09-06T19:28:38+08:00 ] 117.84.247.118 /Admin/Login/loginValidate.html
INFO: [ app_init ] --START--
INFO: Run Behavior\BuildLiteBehavior [ RunTime:0.000024s ]
INFO: [ app_init ] --END-- [ RunTime:0.000554s ]
INFO: [ app_begin ] --START--
INFO: Run Behavior\ReadHtmlCacheBehavior [ RunTime:0.000745s ]
INFO: [ app_begin ] --END-- [ RunTime:0.000835s ]
SQL: SHOW COLUMNS FROM `wb_admin_user` [ RunTime:0.0006s ]
SQL: SELECT * FROM `wb_admin_user` WHERE `username` = 'admin' AND `password` = 'f6fdffe48c908deb0f4c3bd36c032e72' LIMIT 1   [ RunTime:0.0002s ]
SQL: UPDATE `wb_admin_user` SET `gid`='1',`username`='admin',`last_login`='1504697318',`created_time`='1503733768',`login_count`='51' WHERE `id` = 1 [ RunTime:0.0233s ]

[ 2017-09-06T19:28:38+08:00 ] 117.84.247.118 /Admin/Index/index.html
INFO: [ app_init ] --START--
INFO: Run Behavior\BuildLiteBehavior [ RunTime:0.000022s ]
INFO: [ app_init ] --END-- [ RunTime:0.000537s ]
INFO: [ app_begin ] --START--
INFO: Run Behavior\ReadHtmlCacheBehavior [ RunTime:0.000767s ]
INFO: [ app_begin ] --END-- [ RunTime:0.000869s ]
NOTIC: [2] Division by zero /data/www/smalltown/Application/Admin/Controller/AuthLoginController.class.php 第 17 行.
INFO: [ view_parse ] --START--
INFO: [ template_filter ] --START--
INFO: Run Behavior\ContentReplaceBehavior [ RunTime:0.000086s ]
INFO: [ template_filter ] --END-- [ RunTime:0.000195s ]
INFO: Run Behavior\ParseTemplateBehavior [ RunTime:0.036394s ]
INFO: [ view_parse ] --END-- [ RunTime:0.036486s ]
INFO: [ view_filter ] --START--
INFO: Run Behavior\WriteHtmlCacheBehavior [ RunTime:0.000376s ]
INFO: [ view_filter ] --END-- [ RunTime:0.000488s ]
INFO: [ app_end ] --START--
INFO: Run Behavior\ShowPageTraceBehavior [ RunTime:0.000821s ]
INFO: [ app_end ] --END-- [ RunTime:0.000905s ]

[ 2017-09-06T19:28:39+08:00 ] 117.84.247.118 /Admin/Index/welcome.html
INFO: [ app_init ] --START--
INFO: Run Behavior\BuildLiteBehavior [ RunTime:0.000022s ]
INFO: [ app_init ] --END-- [ RunTime:0.000599s ]
INFO: [ app_begin ] --START--
INFO: Run Behavior\ReadHtmlCacheBehavior [ RunTime:0.001050s ]
INFO: [ app_begin ] --END-- [ RunTime:0.001160s ]
NOTIC: [2] Division by zero /data/www/smalltown/Application/Admin/Controller/AuthLoginController.class.php 第 17 行.
SQL: SHOW COLUMNS FROM `wb_buy_ticket_log` [ RunTime:0.0006s ]
SQL: SELECT * FROM `wb_buy_ticket_log` WHERE ( status=1 )  [ RunTime:0.0003s ]
INFO: [ view_parse ] --START--
INFO: [ template_filter ] --START--
INFO: Run Behavior\ContentReplaceBehavior [ RunTime:0.000080s ]
INFO: [ template_filter ] --END-- [ RunTime:0.000187s ]
INFO: Run Behavior\ParseTemplateBehavior [ RunTime:0.036504s ]
INFO: [ view_parse ] --END-- [ RunTime:0.036591s ]
INFO: [ view_filter ] --START--
INFO: Run Behavior\WriteHtmlCacheBehavior [ RunTime:0.000422s ]
INFO: [ view_filter ] --END-- [ RunTime:0.000499s ]
INFO: [ app_end ] --START--
INFO: Run Behavior\ShowPageTraceBehavior [ RunTime:0.000772s ]
INFO: [ app_end ] --END-- [ RunTime:0.000852s ]

[ 2017-09-06T19:28:39+08:00 ] 117.84.247.118 /Admin/Index/welcome.html
INFO: [ app_init ] --START--
INFO: Run Behavior\BuildLiteBehavior [ RunTime:0.000036s ]
INFO: [ app_init ] --END-- [ RunTime:0.000891s ]
INFO: [ app_begin ] --START--
INFO: Run Behavior\ReadHtmlCacheBehavior [ RunTime:0.001011s ]
INFO: [ app_begin ] --END-- [ RunTime:0.001132s ]
NOTIC: [2] Division by zero /data/www/smalltown/Application/Admin/Controller/AuthLoginController.class.php 第 17 行.
SQL: SHOW COLUMNS FROM `wb_buy_ticket_log` [ RunTime:0.0009s ]
SQL: SELECT * FROM `wb_buy_ticket_log` WHERE ( status=1 )  [ RunTime:0.0003s ]
INFO: [ view_parse ] --START--
INFO: [ template_filter ] --START--
INFO: Run Behavior\ContentReplaceBehavior [ RunTime:0.000141s ]
INFO: [ template_filter ] --END-- [ RunTime:0.000280s ]
INFO: Run Behavior\ParseTemplateBehavior [ RunTime:0.014981s ]
INFO: [ view_parse ] --END-- [ RunTime:0.015120s ]
INFO: [ view_filter ] --START--
INFO: Run Behavior\WriteHtmlCacheBehavior [ RunTime:0.000446s ]
INFO: [ view_filter ] --END-- [ RunTime:0.000536s ]
INFO: [ app_end ] --START--
INFO: Run Behavior\ShowPageTraceBehavior [ RunTime:0.000813s ]
INFO: [ app_end ] --END-- [ RunTime:0.000902s ]

[ 2017-09-06T19:28:39+08:00 ] 117.84.247.118 /Admin/Index/welcome.html
INFO: [ app_init ] --START--
INFO: Run Behavior\BuildLiteBehavior [ RunTime:0.000021s ]
INFO: [ app_init ] --END-- [ RunTime:0.000508s ]
INFO: [ app_begin ] --START--
INFO: Run Behavior\ReadHtmlCacheBehavior [ RunTime:0.000771s ]
INFO: [ app_begin ] --END-- [ RunTime:0.000862s ]
NOTIC: [2] Division by zero /data/www/smalltown/Application/Admin/Controller/AuthLoginController.class.php 第 17 行.
SQL: SHOW COLUMNS FROM `wb_buy_ticket_log` [ RunTime:0.0006s ]
SQL: SELECT * FROM `wb_buy_ticket_log` WHERE ( status=1 )  [ RunTime:0.0003s ]
INFO: [ view_parse ] --START--
INFO: [ template_filter ] --START--
INFO: Run Behavior\ContentReplaceBehavior [ RunTime:0.000094s ]
INFO: [ template_filter ] --END-- [ RunTime:0.000197s ]
INFO: Run Behavior\ParseTemplateBehavior [ RunTime:0.013545s ]
INFO: [ view_parse ] --END-- [ RunTime:0.013635s ]
INFO: [ view_filter ] --START--
INFO: Run Behavior\WriteHtmlCacheBehavior [ RunTime:0.000363s ]
INFO: [ view_filter ] --END-- [ RunTime:0.000437s ]
INFO: [ app_end ] --START--
INFO: Run Behavior\ShowPageTraceBehavior [ RunTime:0.001017s ]
INFO: [ app_end ] --END-- [ RunTime:0.001181s ]

[ 2017-09-06T19:28:51+08:00 ] 117.84.247.118 /Admin/MicroArticle/index.html
INFO: [ app_init ] --START--
INFO: Run Behavior\BuildLiteBehavior [ RunTime:0.000022s ]
INFO: [ app_init ] --END-- [ RunTime:0.000570s ]
INFO: [ app_begin ] --START--
INFO: Run Behavior\ReadHtmlCacheBehavior [ RunTime:0.000861s ]
INFO: [ app_begin ] --END-- [ RunTime:0.000964s ]
NOTIC: [2] Division by zero /data/www/smalltown/Application/Admin/Controller/AuthLoginController.class.php 第 17 行.
SQL: SHOW COLUMNS FROM `wb_micro_article` [ RunTime:0.0006s ]
SQL: SELECT * FROM `wb_micro_article`  [ RunTime:0.0003s ]
SQL: SHOW COLUMNS FROM `wb_category` [ RunTime:0.0004s ]
SQL: SELECT * FROM `wb_category` WHERE ( id='18' ) LIMIT 1   [ RunTime:0.0002s ]
SQL: SELECT * FROM `wb_category` WHERE ( id='19' ) LIMIT 1   [ RunTime:0.0002s ]
SQL: SELECT * FROM `wb_category` WHERE ( id='20' ) LIMIT 1   [ RunTime:0.0002s ]
SQL: SELECT * FROM `wb_category` WHERE ( id='20' ) LIMIT 1   [ RunTime:0.0002s ]
SQL: SELECT * FROM `wb_category` WHERE ( id='20' ) LIMIT 1   [ RunTime:0.0002s ]
SQL: SELECT * FROM `wb_category` WHERE ( id='19' ) LIMIT 1   [ RunTime:0.0002s ]
SQL: SELECT * FROM `wb_category` WHERE ( id='19' ) LIMIT 1   [ RunTime:0.0002s ]
SQL: SELECT * FROM `wb_category` WHERE ( id='19' ) LIMIT 1   [ RunTime:0.0002s ]
SQL: SELECT * FROM `wb_category` WHERE ( id='15' ) LIMIT 1   [ RunTime:0.0002s ]
SQL: SELECT * FROM `wb_category` WHERE ( id='16' ) LIMIT 1   [ RunTime:0.0001s ]
SQL: SELECT * FROM `wb_category` WHERE ( id='12' ) LIMIT 1   [ RunTime:0.0001s ]
SQL: SELECT * FROM `wb_category` WHERE ( id='13' ) LIMIT 1   [ RunTime:0.0002s ]
SQL: SELECT * FROM `wb_category` WHERE ( id='14' ) LIMIT 1   [ RunTime:0.0002s ]
SQL: SELECT * FROM `wb_category` WHERE ( id='21' ) LIMIT 1   [ RunTime:0.0001s ]
SQL: SELECT * FROM `wb_category` WHERE ( id='17' ) LIMIT 1   [ RunTime:0.0002s ]
SQL: SELECT * FROM `wb_category` WHERE ( id='17' ) LIMIT 1   [ RunTime:0.0001s ]
SQL: SELECT * FROM `wb_category` WHERE ( id='17' ) LIMIT 1   [ RunTime:0.0002s ]
SQL: SELECT * FROM `wb_category` WHERE ( id='17' ) LIMIT 1   [ RunTime:0.0001s ]
SQL: SELECT * FROM `wb_category` WHERE ( id='17' ) LIMIT 1   [ RunTime:0.0001s ]
SQL: SELECT * FROM `wb_category` WHERE ( id='17' ) LIMIT 1   [ RunTime:0.0001s ]
SQL: SELECT * FROM `wb_category` WHERE ( id='17' ) LIMIT 1   [ RunTime:0.0001s ]
SQL: SELECT * FROM `wb_category` WHERE ( id='17' ) LIMIT 1   [ RunTime:0.0001s ]
SQL: SELECT * FROM `wb_category` WHERE ( id='17' ) LIMIT 1   [ RunTime:0.0001s ]
SQL: SELECT * FROM `wb_category` WHERE ( id='17' ) LIMIT 1   [ RunTime:0.0001s ]
SQL: SELECT * FROM `wb_category` WHERE ( id='2' ) LIMIT 1   [ RunTime:0.0002s ]
SQL: SELECT * FROM `wb_category` WHERE ( id='4' ) LIMIT 1   [ RunTime:0.0001s ]
SQL: SELECT * FROM `wb_category` WHERE ( id='1' ) LIMIT 1   [ RunTime:0.0001s ]
SQL: SELECT * FROM `wb_category` WHERE ( id='11' ) LIMIT 1   [ RunTime:0.0001s ]
INFO: [ view_parse ] --START--
INFO: [ template_filter ] --START--
INFO: Run Behavior\ContentReplaceBehavior [ RunTime:0.000084s ]
INFO: [ template_filter ] --END-- [ RunTime:0.000186s ]
INFO: Run Behavior\ParseTemplateBehavior [ RunTime:0.024501s ]
INFO: [ view_parse ] --END-- [ RunTime:0.024590s ]
INFO: [ view_filter ] --START--
INFO: Run Behavior\WriteHtmlCacheBehavior [ RunTime:0.000387s ]
INFO: [ view_filter ] --END-- [ RunTime:0.000466s ]
INFO: [ app_end ] --START--
INFO: Run Behavior\ShowPageTraceBehavior [ RunTime:0.000880s ]
INFO: [ app_end ] --END-- [ RunTime:0.000967s ]

[ 2017-09-06T19:29:00+08:00 ] 117.84.247.118 /Admin/MicroArticle/edit.html?id=33
INFO: [ app_init ] --START--
INFO: Run Behavior\BuildLiteBehavior [ RunTime:0.000021s ]
INFO: [ app_init ] --END-- [ RunTime:0.000569s ]
INFO: [ app_begin ] --START--
INFO: Run Behavior\ReadHtmlCacheBehavior [ RunTime:0.000807s ]
INFO: [ app_begin ] --END-- [ RunTime:0.000911s ]
NOTIC: [2] Division by zero /data/www/smalltown/Application/Admin/Controller/AuthLoginController.class.php 第 17 行.
SQL: SHOW COLUMNS FROM `wb_micro_article` [ RunTime:0.0006s ]
SQL: SELECT * FROM `wb_micro_article` WHERE ( id=33 ) LIMIT 1   [ RunTime:0.0002s ]
SQL: SHOW COLUMNS FROM `wb_category` [ RunTime:0.0004s ]
SQL: SELECT * FROM `wb_category`  [ RunTime:0.0002s ]
INFO: [ view_parse ] --START--
INFO: [ template_filter ] --START--
INFO: Run Behavior\ContentReplaceBehavior [ RunTime:0.000081s ]
INFO: [ template_filter ] --END-- [ RunTime:0.000189s ]
INFO: Run Behavior\ParseTemplateBehavior [ RunTime:0.026894s ]
INFO: [ view_parse ] --END-- [ RunTime:0.027029s ]
INFO: [ view_filter ] --START--
INFO: Run Behavior\WriteHtmlCacheBehavior [ RunTime:0.000407s ]
INFO: [ view_filter ] --END-- [ RunTime:0.000526s ]
INFO: [ app_end ] --START--
INFO: Run Behavior\ShowPageTraceBehavior [ RunTime:0.000937s ]
INFO: [ app_end ] --END-- [ RunTime:0.001056s ]

[ 2017-09-06T19:33:26+08:00 ] 117.84.247.118 /Admin/MicroArticle/edit.html?id=33
INFO: [ app_init ] --START--
INFO: Run Behavior\BuildLiteBehavior [ RunTime:0.000023s ]
INFO: [ app_init ] --END-- [ RunTime:0.000555s ]
INFO: [ app_begin ] --START--
INFO: Run Behavior\ReadHtmlCacheBehavior [ RunTime:0.000788s ]
INFO: [ app_begin ] --END-- [ RunTime:0.000927s ]
NOTIC: [2] Division by zero /data/www/smalltown/Application/Admin/Controller/AuthLoginController.class.php 第 17 行.
SQL: SHOW COLUMNS FROM `wb_micro_article` [ RunTime:0.0006s ]
SQL: SELECT * FROM `wb_micro_article` WHERE ( id=33 ) LIMIT 1   [ RunTime:0.0002s ]
SQL: SHOW COLUMNS FROM `wb_category` [ RunTime:0.0004s ]
SQL: SELECT * FROM `wb_category`  [ RunTime:0.0002s ]
INFO: [ view_parse ] --START--
INFO: [ template_filter ] --START--
INFO: Run Behavior\ContentReplaceBehavior [ RunTime:0.000076s ]
INFO: [ template_filter ] --END-- [ RunTime:0.000209s ]
INFO: Run Behavior\ParseTemplateBehavior [ RunTime:0.012128s ]
INFO: [ view_parse ] --END-- [ RunTime:0.012235s ]
INFO: [ view_filter ] --START--
INFO: Run Behavior\WriteHtmlCacheBehavior [ RunTime:0.000396s ]
INFO: [ view_filter ] --END-- [ RunTime:0.000497s ]
INFO: [ app_end ] --START--
INFO: Run Behavior\ShowPageTraceBehavior [ RunTime:0.000803s ]
INFO: [ app_end ] --END-- [ RunTime:0.000897s ]

[ 2017-09-06T19:34:13+08:00 ] 117.84.247.118 /Admin/MicroArticle/edit.html
INFO: [ app_init ] --START--
INFO: Run Behavior\BuildLiteBehavior [ RunTime:0.000022s ]
INFO: [ app_init ] --END-- [ RunTime:0.000558s ]
INFO: [ app_begin ] --START--
INFO: Run Behavior\ReadHtmlCacheBehavior [ RunTime:0.000768s ]
INFO: [ app_begin ] --END-- [ RunTime:0.000862s ]
NOTIC: [2] Division by zero /data/www/smalltown/Application/Admin/Controller/AuthLoginController.class.php 第 17 行.
SQL: SHOW COLUMNS FROM `wb_micro_article` [ RunTime:0.0006s ]
SQL: UPDATE `wb_micro_article` SET `title`='小镇招商',`author`='admin',`category`='11',`content`='&lt;p&gt;&lt;img src=&quot;https://api.smalltown.wshoto.com/Public/umeditor/php/upload/20170906/15046976511054.jpg&quot;/&gt;&lt;/p&gt;&lt;p&gt;&lt;img src=&quot;https://api.smalltown.wshoto.com/Public/umeditor/php/upload/20170901/15042290772873.jpg&quot; style=&quot;white-space: normal;&quot;/&gt;&lt;/p&gt;',`status`='0',`created_time`='1504697653',`published_time`='1504697653' WHERE `id` = 33 [ RunTime:0.0774s ]

[ 2017-09-06T19:34:14+08:00 ] 117.84.247.118 /Admin/MicroArticle/index.html
INFO: [ app_init ] --START--
INFO: Run Behavior\BuildLiteBehavior [ RunTime:0.000023s ]
INFO: [ app_init ] --END-- [ RunTime:0.000542s ]
INFO: [ app_begin ] --START--
INFO: Run Behavior\ReadHtmlCacheBehavior [ RunTime:0.000791s ]
INFO: [ app_begin ] --END-- [ RunTime:0.000878s ]
NOTIC: [2] Division by zero /data/www/smalltown/Application/Admin/Controller/AuthLoginController.class.php 第 17 行.
SQL: SHOW COLUMNS FROM `wb_micro_article` [ RunTime:0.0007s ]
SQL: SELECT * FROM `wb_micro_article`  [ RunTime:0.0004s ]
SQL: SHOW COLUMNS FROM `wb_category` [ RunTime:0.0004s ]
SQL: SELECT * FROM `wb_category` WHERE ( id='18' ) LIMIT 1   [ RunTime:0.0002s ]
SQL: SELECT * FROM `wb_category` WHERE ( id='19' ) LIMIT 1   [ RunTime:0.0002s ]
SQL: SELECT * FROM `wb_category` WHERE ( id='20' ) LIMIT 1   [ RunTime:0.0002s ]
SQL: SELECT * FROM `wb_category` WHERE ( id='20' ) LIMIT 1   [ RunTime:0.0001s ]
SQL: SELECT * FROM `wb_category` WHERE ( id='20' ) LIMIT 1   [ RunTime:0.0002s ]
SQL: SELECT * FROM `wb_category` WHERE ( id='19' ) LIMIT 1   [ RunTime:0.0001s ]
SQL: SELECT * FROM `wb_category` WHERE ( id='19' ) LIMIT 1   [ RunTime:0.0002s ]
SQL: SELECT * FROM `wb_category` WHERE ( id='19' ) LIMIT 1   [ RunTime:0.0002s ]
SQL: SELECT * FROM `wb_category` WHERE ( id='15' ) LIMIT 1   [ RunTime:0.0002s ]
SQL: SELECT * FROM `wb_category` WHERE ( id='16' ) LIMIT 1   [ RunTime:0.0001s ]
SQL: SELECT * FROM `wb_category` WHERE ( id='12' ) LIMIT 1   [ RunTime:0.0002s ]
SQL: SELECT * FROM `wb_category` WHERE ( id='13' ) LIMIT 1   [ RunTime:0.0002s ]
SQL: SELECT * FROM `wb_category` WHERE ( id='14' ) LIMIT 1   [ RunTime:0.0001s ]
SQL: SELECT * FROM `wb_category` WHERE ( id='21' ) LIMIT 1   [ RunTime:0.0002s ]
SQL: SELECT * FROM `wb_category` WHERE ( id='17' ) LIMIT 1   [ RunTime:0.0001s ]
SQL: SELECT * FROM `wb_category` WHERE ( id='17' ) LIMIT 1   [ RunTime:0.0002s ]
SQL: SELECT * FROM `wb_category` WHERE ( id='17' ) LIMIT 1   [ RunTime:0.0001s ]
SQL: SELECT * FROM `wb_category` WHERE ( id='17' ) LIMIT 1   [ RunTime:0.0001s ]
SQL: SELECT * FROM `wb_category` WHERE ( id='17' ) LIMIT 1   [ RunTime:0.0002s ]
SQL: SELECT * FROM `wb_category` WHERE ( id='17' ) LIMIT 1   [ RunTime:0.0002s ]
SQL: SELECT * FROM `wb_category` WHERE ( id='17' ) LIMIT 1   [ RunTime:0.0002s ]
SQL: SELECT * FROM `wb_category` WHERE ( id='17' ) LIMIT 1   [ RunTime:0.0001s ]
SQL: SELECT * FROM `wb_category` WHERE ( id='17' ) LIMIT 1   [ RunTime:0.0001s ]
SQL: SELECT * FROM `wb_category` WHERE ( id='17' ) LIMIT 1   [ RunTime:0.0001s ]
SQL: SELECT * FROM `wb_category` WHERE ( id='2' ) LIMIT 1   [ RunTime:0.0002s ]
SQL: SELECT * FROM `wb_category` WHERE ( id='4' ) LIMIT 1   [ RunTime:0.0002s ]
SQL: SELECT * FROM `wb_category` WHERE ( id='1' ) LIMIT 1   [ RunTime:0.0002s ]
SQL: SELECT * FROM `wb_category` WHERE ( id='11' ) LIMIT 1   [ RunTime:0.0001s ]
INFO: [ view_parse ] --START--
INFO: [ template_filter ] --START--
INFO: Run Behavior\ContentReplaceBehavior [ RunTime:0.000082s ]
INFO: [ template_filter ] --END-- [ RunTime:0.000183s ]
INFO: Run Behavior\ParseTemplateBehavior [ RunTime:0.014143s ]
INFO: [ view_parse ] --END-- [ RunTime:0.014265s ]
INFO: [ view_filter ] --START--
INFO: Run Behavior\WriteHtmlCacheBehavior [ RunTime:0.000369s ]
INFO: [ view_filter ] --END-- [ RunTime:0.000447s ]
INFO: [ app_end ] --START--
INFO: Run Behavior\ShowPageTraceBehavior [ RunTime:0.000821s ]
INFO: [ app_end ] --END-- [ RunTime:0.000905s ]

