[ 2017-09-07T06:49:56+08:00 ] 36.149.207.96 /
INFO: [ app_init ] --START--
INFO: Run Behavior\BuildLiteBehavior [ RunTime:0.000021s ]
INFO: [ app_init ] --END-- [ RunTime:0.000569s ]
INFO: [ app_begin ] --START--
INFO: Run Behavior\ReadHtmlCacheBehavior [ RunTime:0.000822s ]
INFO: [ app_begin ] --END-- [ RunTime:0.000933s ]
NOTIC: [2] Division by zero /data/www/smalltown/Application/Admin/Controller/AuthLoginController.class.php 第 17 行.

[ 2017-09-07T06:49:56+08:00 ] 36.149.207.96 /Admin/Login/index.html
INFO: [ app_init ] --START--
INFO: Run Behavior\BuildLiteBehavior [ RunTime:0.000023s ]
INFO: [ app_init ] --END-- [ RunTime:0.000628s ]
INFO: [ app_begin ] --START--
INFO: Run Behavior\ReadHtmlCacheBehavior [ RunTime:0.000753s ]
INFO: [ app_begin ] --END-- [ RunTime:0.000872s ]
INFO: [ view_parse ] --START--
INFO: [ template_filter ] --START--
INFO: Run Behavior\ContentReplaceBehavior [ RunTime:0.000070s ]
INFO: [ template_filter ] --END-- [ RunTime:0.000160s ]
INFO: Run Behavior\ParseTemplateBehavior [ RunTime:0.011418s ]
INFO: [ view_parse ] --END-- [ RunTime:0.011511s ]
INFO: [ view_filter ] --START--
INFO: Run Behavior\WriteHtmlCacheBehavior [ RunTime:0.000393s ]
INFO: [ view_filter ] --END-- [ RunTime:0.000469s ]
INFO: [ app_end ] --START--
INFO: Run Behavior\ShowPageTraceBehavior [ RunTime:0.000780s ]
INFO: [ app_end ] --END-- [ RunTime:0.000861s ]

[ 2017-09-07T06:49:57+08:00 ] 36.149.207.96 /Admin/Login/verifyCodeServlet.html
INFO: [ app_init ] --START--
INFO: Run Behavior\BuildLiteBehavior [ RunTime:0.000022s ]
INFO: [ app_init ] --END-- [ RunTime:0.000560s ]
INFO: [ app_begin ] --START--
INFO: Run Behavior\ReadHtmlCacheBehavior [ RunTime:0.000822s ]
INFO: [ app_begin ] --END-- [ RunTime:0.000917s ]
INFO: [ app_end ] --START--
INFO: Run Behavior\ShowPageTraceBehavior [ RunTime:0.000804s ]
INFO: [ app_end ] --END-- [ RunTime:0.000901s ]

[ 2017-09-07T09:58:41+08:00 ] 117.84.247.118 /Admin/Login/index.html
INFO: [ app_init ] --START--
INFO: Run Behavior\BuildLiteBehavior [ RunTime:0.000022s ]
INFO: [ app_init ] --END-- [ RunTime:0.000532s ]
INFO: [ app_begin ] --START--
INFO: Run Behavior\ReadHtmlCacheBehavior [ RunTime:0.000795s ]
INFO: [ app_begin ] --END-- [ RunTime:0.000884s ]
INFO: [ view_parse ] --START--
INFO: [ template_filter ] --START--
INFO: Run Behavior\ContentReplaceBehavior [ RunTime:0.000068s ]
INFO: [ template_filter ] --END-- [ RunTime:0.000158s ]
INFO: Run Behavior\ParseTemplateBehavior [ RunTime:0.009738s ]
INFO: [ view_parse ] --END-- [ RunTime:0.009841s ]
INFO: [ view_filter ] --START--
INFO: Run Behavior\WriteHtmlCacheBehavior [ RunTime:0.000418s ]
INFO: [ view_filter ] --END-- [ RunTime:0.000518s ]
INFO: [ app_end ] --START--
INFO: Run Behavior\ShowPageTraceBehavior [ RunTime:0.000847s ]
INFO: [ app_end ] --END-- [ RunTime:0.000953s ]

[ 2017-09-07T09:58:42+08:00 ] 117.84.247.118 /Admin/Login/verifyCodeServlet.html
INFO: [ app_init ] --START--
INFO: Run Behavior\BuildLiteBehavior [ RunTime:0.000024s ]
INFO: [ app_init ] --END-- [ RunTime:0.000600s ]
INFO: [ app_begin ] --START--
INFO: Run Behavior\ReadHtmlCacheBehavior [ RunTime:0.000808s ]
INFO: [ app_begin ] --END-- [ RunTime:0.000902s ]
INFO: [ app_end ] --START--
INFO: Run Behavior\ShowPageTraceBehavior [ RunTime:0.000870s ]
INFO: [ app_end ] --END-- [ RunTime:0.000983s ]

[ 2017-09-07T09:58:57+08:00 ] 117.84.247.118 /Admin/Login/loginValidate.html
INFO: [ app_init ] --START--
INFO: Run Behavior\BuildLiteBehavior [ RunTime:0.000022s ]
INFO: [ app_init ] --END-- [ RunTime:0.000530s ]
INFO: [ app_begin ] --START--
INFO: Run Behavior\ReadHtmlCacheBehavior [ RunTime:0.000762s ]
INFO: [ app_begin ] --END-- [ RunTime:0.000844s ]
SQL: SHOW COLUMNS FROM `wb_admin_user` [ RunTime:0.0007s ]
SQL: SELECT * FROM `wb_admin_user` WHERE `username` = 'admin' AND `password` = '21232f297a57a5a743894a0e4a801fc3' LIMIT 1   [ RunTime:0.0002s ]

[ 2017-09-07T09:59:07+08:00 ] 117.84.247.118 /Admin/Login/loginValidate.html
INFO: [ app_init ] --START--
INFO: Run Behavior\BuildLiteBehavior [ RunTime:0.000022s ]
INFO: [ app_init ] --END-- [ RunTime:0.000546s ]
INFO: [ app_begin ] --START--
INFO: Run Behavior\ReadHtmlCacheBehavior [ RunTime:0.000798s ]
INFO: [ app_begin ] --END-- [ RunTime:0.000886s ]

[ 2017-09-07T09:59:09+08:00 ] 117.84.247.118 /Admin/Login/verifyCodeServlet.html?id=0.6306650612968951
INFO: [ app_init ] --START--
INFO: Run Behavior\BuildLiteBehavior [ RunTime:0.000020s ]
INFO: [ app_init ] --END-- [ RunTime:0.000509s ]
INFO: [ app_begin ] --START--
INFO: Run Behavior\ReadHtmlCacheBehavior [ RunTime:0.000796s ]
INFO: [ app_begin ] --END-- [ RunTime:0.000889s ]
INFO: [ app_end ] --START--
INFO: Run Behavior\ShowPageTraceBehavior [ RunTime:0.000929s ]
INFO: [ app_end ] --END-- [ RunTime:0.001038s ]

[ 2017-09-07T09:59:14+08:00 ] 117.84.247.118 /Admin/Login/loginValidate.html
INFO: [ app_init ] --START--
INFO: Run Behavior\BuildLiteBehavior [ RunTime:0.000022s ]
INFO: [ app_init ] --END-- [ RunTime:0.000561s ]
INFO: [ app_begin ] --START--
INFO: Run Behavior\ReadHtmlCacheBehavior [ RunTime:0.000750s ]
INFO: [ app_begin ] --END-- [ RunTime:0.000832s ]
SQL: SHOW COLUMNS FROM `wb_admin_user` [ RunTime:0.0006s ]
SQL: SELECT * FROM `wb_admin_user` WHERE `username` = 'admin' AND `password` = '6bfc500738d8e9d168cd0a2024c94f5a' LIMIT 1   [ RunTime:0.0003s ]

[ 2017-09-07T10:00:49+08:00 ] 117.84.247.118 /
INFO: [ app_init ] --START--
INFO: Run Behavior\BuildLiteBehavior [ RunTime:0.000034s ]
INFO: [ app_init ] --END-- [ RunTime:0.000529s ]
INFO: [ app_begin ] --START--
INFO: Run Behavior\ReadHtmlCacheBehavior [ RunTime:0.000788s ]
INFO: [ app_begin ] --END-- [ RunTime:0.000883s ]
NOTIC: [2] Division by zero /data/www/smalltown/Application/Admin/Controller/AuthLoginController.class.php 第 17 行.

[ 2017-09-07T10:00:49+08:00 ] 117.84.247.118 /Admin/Login/index.html
INFO: [ app_init ] --START--
INFO: Run Behavior\BuildLiteBehavior [ RunTime:0.000022s ]
INFO: [ app_init ] --END-- [ RunTime:0.000591s ]
INFO: [ app_begin ] --START--
INFO: Run Behavior\ReadHtmlCacheBehavior [ RunTime:0.000763s ]
INFO: [ app_begin ] --END-- [ RunTime:0.000859s ]
INFO: [ view_parse ] --START--
INFO: [ template_filter ] --START--
INFO: Run Behavior\ContentReplaceBehavior [ RunTime:0.000085s ]
INFO: [ template_filter ] --END-- [ RunTime:0.000179s ]
INFO: Run Behavior\ParseTemplateBehavior [ RunTime:0.010132s ]
INFO: [ view_parse ] --END-- [ RunTime:0.010217s ]
INFO: [ view_filter ] --START--
INFO: Run Behavior\WriteHtmlCacheBehavior [ RunTime:0.000357s ]
INFO: [ view_filter ] --END-- [ RunTime:0.000449s ]
INFO: [ app_end ] --START--
INFO: Run Behavior\ShowPageTraceBehavior [ RunTime:0.000797s ]
INFO: [ app_end ] --END-- [ RunTime:0.000887s ]

[ 2017-09-07T10:00:50+08:00 ] 117.84.247.118 /Admin/Login/verifyCodeServlet.html
INFO: [ app_init ] --START--
INFO: Run Behavior\BuildLiteBehavior [ RunTime:0.000024s ]
INFO: [ app_init ] --END-- [ RunTime:0.000526s ]
INFO: [ app_begin ] --START--
INFO: Run Behavior\ReadHtmlCacheBehavior [ RunTime:0.000777s ]
INFO: [ app_begin ] --END-- [ RunTime:0.000870s ]
INFO: [ app_end ] --START--
INFO: Run Behavior\ShowPageTraceBehavior [ RunTime:0.000792s ]
INFO: [ app_end ] --END-- [ RunTime:0.000883s ]

[ 2017-09-07T10:01:06+08:00 ] 117.84.247.118 /Admin/Login/loginValidate.html
INFO: [ app_init ] --START--
INFO: Run Behavior\BuildLiteBehavior [ RunTime:0.000022s ]
INFO: [ app_init ] --END-- [ RunTime:0.000503s ]
INFO: [ app_begin ] --START--
INFO: Run Behavior\ReadHtmlCacheBehavior [ RunTime:0.000776s ]
INFO: [ app_begin ] --END-- [ RunTime:0.000857s ]
SQL: SHOW COLUMNS FROM `wb_admin_user` [ RunTime:0.0008s ]
SQL: SELECT * FROM `wb_admin_user` WHERE `username` = 'admin' AND `password` = 'f6fdffe48c908deb0f4c3bd36c032e72' LIMIT 1   [ RunTime:0.0003s ]
SQL: UPDATE `wb_admin_user` SET `gid`='1',`username`='admin',`last_login`='1504749666',`created_time`='1503733768',`login_count`='52' WHERE `id` = 1 [ RunTime:0.0186s ]

[ 2017-09-07T10:01:06+08:00 ] 117.84.247.118 /Admin/Index/index.html
INFO: [ app_init ] --START--
INFO: Run Behavior\BuildLiteBehavior [ RunTime:0.000022s ]
INFO: [ app_init ] --END-- [ RunTime:0.000514s ]
INFO: [ app_begin ] --START--
INFO: Run Behavior\ReadHtmlCacheBehavior [ RunTime:0.000801s ]
INFO: [ app_begin ] --END-- [ RunTime:0.000897s ]
NOTIC: [2] Division by zero /data/www/smalltown/Application/Admin/Controller/AuthLoginController.class.php 第 17 行.
INFO: [ view_parse ] --START--
INFO: [ template_filter ] --START--
INFO: Run Behavior\ContentReplaceBehavior [ RunTime:0.000083s ]
INFO: [ template_filter ] --END-- [ RunTime:0.000186s ]
INFO: Run Behavior\ParseTemplateBehavior [ RunTime:0.015613s ]
INFO: [ view_parse ] --END-- [ RunTime:0.015704s ]
INFO: [ view_filter ] --START--
INFO: Run Behavior\WriteHtmlCacheBehavior [ RunTime:0.000349s ]
INFO: [ view_filter ] --END-- [ RunTime:0.000421s ]
INFO: [ app_end ] --START--
INFO: Run Behavior\ShowPageTraceBehavior [ RunTime:0.000878s ]
INFO: [ app_end ] --END-- [ RunTime:0.000983s ]

[ 2017-09-07T10:01:06+08:00 ] 117.84.247.118 /Admin/Index/welcome.html
INFO: [ app_init ] --START--
INFO: Run Behavior\BuildLiteBehavior [ RunTime:0.000022s ]
INFO: [ app_init ] --END-- [ RunTime:0.000523s ]
INFO: [ app_begin ] --START--
INFO: Run Behavior\ReadHtmlCacheBehavior [ RunTime:0.000759s ]
INFO: [ app_begin ] --END-- [ RunTime:0.000851s ]
NOTIC: [2] Division by zero /data/www/smalltown/Application/Admin/Controller/AuthLoginController.class.php 第 17 行.
SQL: SHOW COLUMNS FROM `wb_buy_ticket_log` [ RunTime:0.0007s ]
SQL: SELECT * FROM `wb_buy_ticket_log` WHERE ( status=1 )  [ RunTime:0.0003s ]
INFO: [ view_parse ] --START--
INFO: [ template_filter ] --START--
INFO: Run Behavior\ContentReplaceBehavior [ RunTime:0.000085s ]
INFO: [ template_filter ] --END-- [ RunTime:0.000197s ]
INFO: Run Behavior\ParseTemplateBehavior [ RunTime:0.014085s ]
INFO: [ view_parse ] --END-- [ RunTime:0.014210s ]
INFO: [ view_filter ] --START--
INFO: Run Behavior\WriteHtmlCacheBehavior [ RunTime:0.000388s ]
INFO: [ view_filter ] --END-- [ RunTime:0.000466s ]
INFO: [ app_end ] --START--
INFO: Run Behavior\ShowPageTraceBehavior [ RunTime:0.000939s ]
INFO: [ app_end ] --END-- [ RunTime:0.001034s ]

[ 2017-09-07T10:01:07+08:00 ] 117.84.247.118 /Admin/Index/welcome.html
INFO: [ app_init ] --START--
INFO: Run Behavior\BuildLiteBehavior [ RunTime:0.000021s ]
INFO: [ app_init ] --END-- [ RunTime:0.000514s ]
INFO: [ app_begin ] --START--
INFO: Run Behavior\ReadHtmlCacheBehavior [ RunTime:0.000845s ]
INFO: [ app_begin ] --END-- [ RunTime:0.000936s ]
NOTIC: [2] Division by zero /data/www/smalltown/Application/Admin/Controller/AuthLoginController.class.php 第 17 行.
SQL: SHOW COLUMNS FROM `wb_buy_ticket_log` [ RunTime:0.0007s ]
SQL: SELECT * FROM `wb_buy_ticket_log` WHERE ( status=1 )  [ RunTime:0.0004s ]
INFO: [ view_parse ] --START--
INFO: [ template_filter ] --START--
INFO: Run Behavior\ContentReplaceBehavior [ RunTime:0.000111s ]
INFO: [ template_filter ] --END-- [ RunTime:0.000212s ]
INFO: Run Behavior\ParseTemplateBehavior [ RunTime:0.014187s ]
INFO: [ view_parse ] --END-- [ RunTime:0.014294s ]
INFO: [ view_filter ] --START--
INFO: Run Behavior\WriteHtmlCacheBehavior [ RunTime:0.000368s ]
INFO: [ view_filter ] --END-- [ RunTime:0.000489s ]
INFO: [ app_end ] --START--
INFO: Run Behavior\ShowPageTraceBehavior [ RunTime:0.000844s ]
INFO: [ app_end ] --END-- [ RunTime:0.000938s ]

[ 2017-09-07T10:01:07+08:00 ] 117.84.247.118 /Admin/Index/welcome.html
INFO: [ app_init ] --START--
INFO: Run Behavior\BuildLiteBehavior [ RunTime:0.000023s ]
INFO: [ app_init ] --END-- [ RunTime:0.000598s ]
INFO: [ app_begin ] --START--
INFO: Run Behavior\ReadHtmlCacheBehavior [ RunTime:0.000867s ]
INFO: [ app_begin ] --END-- [ RunTime:0.000972s ]
NOTIC: [2] Division by zero /data/www/smalltown/Application/Admin/Controller/AuthLoginController.class.php 第 17 行.
SQL: SHOW COLUMNS FROM `wb_buy_ticket_log` [ RunTime:0.0007s ]
SQL: SELECT * FROM `wb_buy_ticket_log` WHERE ( status=1 )  [ RunTime:0.0003s ]
INFO: [ view_parse ] --START--
INFO: [ template_filter ] --START--
INFO: Run Behavior\ContentReplaceBehavior [ RunTime:0.000084s ]
INFO: [ template_filter ] --END-- [ RunTime:0.000175s ]
INFO: Run Behavior\ParseTemplateBehavior [ RunTime:0.015235s ]
INFO: [ view_parse ] --END-- [ RunTime:0.015343s ]
INFO: [ view_filter ] --START--
INFO: Run Behavior\WriteHtmlCacheBehavior [ RunTime:0.000430s ]
INFO: [ view_filter ] --END-- [ RunTime:0.000510s ]
INFO: [ app_end ] --START--
INFO: Run Behavior\ShowPageTraceBehavior [ RunTime:0.000852s ]
INFO: [ app_end ] --END-- [ RunTime:0.000946s ]

[ 2017-09-07T10:01:07+08:00 ] 117.84.247.118 /Admin/MicroArticle/index.html
INFO: [ app_init ] --START--
INFO: Run Behavior\BuildLiteBehavior [ RunTime:0.000056s ]
INFO: [ app_init ] --END-- [ RunTime:0.000551s ]
INFO: [ app_begin ] --START--
INFO: Run Behavior\ReadHtmlCacheBehavior [ RunTime:0.000793s ]
INFO: [ app_begin ] --END-- [ RunTime:0.000883s ]
NOTIC: [2] Division by zero /data/www/smalltown/Application/Admin/Controller/AuthLoginController.class.php 第 17 行.
SQL: SHOW COLUMNS FROM `wb_micro_article` [ RunTime:0.0006s ]
SQL: SELECT * FROM `wb_micro_article`  [ RunTime:0.0004s ]
SQL: SHOW COLUMNS FROM `wb_category` [ RunTime:0.0004s ]
SQL: SELECT * FROM `wb_category` WHERE ( id='18' ) LIMIT 1   [ RunTime:0.0002s ]
SQL: SELECT * FROM `wb_category` WHERE ( id='19' ) LIMIT 1   [ RunTime:0.0002s ]
SQL: SELECT * FROM `wb_category` WHERE ( id='20' ) LIMIT 1   [ RunTime:0.0001s ]
SQL: SELECT * FROM `wb_category` WHERE ( id='20' ) LIMIT 1   [ RunTime:0.0001s ]
SQL: SELECT * FROM `wb_category` WHERE ( id='20' ) LIMIT 1   [ RunTime:0.0002s ]
SQL: SELECT * FROM `wb_category` WHERE ( id='19' ) LIMIT 1   [ RunTime:0.0001s ]
SQL: SELECT * FROM `wb_category` WHERE ( id='19' ) LIMIT 1   [ RunTime:0.0002s ]
SQL: SELECT * FROM `wb_category` WHERE ( id='19' ) LIMIT 1   [ RunTime:0.0001s ]
SQL: SELECT * FROM `wb_category` WHERE ( id='15' ) LIMIT 1   [ RunTime:0.0001s ]
SQL: SELECT * FROM `wb_category` WHERE ( id='16' ) LIMIT 1   [ RunTime:0.0001s ]
SQL: SELECT * FROM `wb_category` WHERE ( id='12' ) LIMIT 1   [ RunTime:0.0001s ]
SQL: SELECT * FROM `wb_category` WHERE ( id='13' ) LIMIT 1   [ RunTime:0.0002s ]
SQL: SELECT * FROM `wb_category` WHERE ( id='14' ) LIMIT 1   [ RunTime:0.0001s ]
SQL: SELECT * FROM `wb_category` WHERE ( id='21' ) LIMIT 1   [ RunTime:0.0001s ]
SQL: SELECT * FROM `wb_category` WHERE ( id='17' ) LIMIT 1   [ RunTime:0.0001s ]
SQL: SELECT * FROM `wb_category` WHERE ( id='17' ) LIMIT 1   [ RunTime:0.0001s ]
SQL: SELECT * FROM `wb_category` WHERE ( id='17' ) LIMIT 1   [ RunTime:0.0002s ]
SQL: SELECT * FROM `wb_category` WHERE ( id='17' ) LIMIT 1   [ RunTime:0.0001s ]
SQL: SELECT * FROM `wb_category` WHERE ( id='17' ) LIMIT 1   [ RunTime:0.0001s ]
SQL: SELECT * FROM `wb_category` WHERE ( id='17' ) LIMIT 1   [ RunTime:0.0002s ]
SQL: SELECT * FROM `wb_category` WHERE ( id='17' ) LIMIT 1   [ RunTime:0.0001s ]
SQL: SELECT * FROM `wb_category` WHERE ( id='17' ) LIMIT 1   [ RunTime:0.0002s ]
SQL: SELECT * FROM `wb_category` WHERE ( id='17' ) LIMIT 1   [ RunTime:0.0002s ]
SQL: SELECT * FROM `wb_category` WHERE ( id='17' ) LIMIT 1   [ RunTime:0.0002s ]
SQL: SELECT * FROM `wb_category` WHERE ( id='2' ) LIMIT 1   [ RunTime:0.0001s ]
SQL: SELECT * FROM `wb_category` WHERE ( id='4' ) LIMIT 1   [ RunTime:0.0001s ]
SQL: SELECT * FROM `wb_category` WHERE ( id='1' ) LIMIT 1   [ RunTime:0.0002s ]
SQL: SELECT * FROM `wb_category` WHERE ( id='11' ) LIMIT 1   [ RunTime:0.0001s ]
INFO: [ view_parse ] --START--
INFO: [ template_filter ] --START--
INFO: Run Behavior\ContentReplaceBehavior [ RunTime:0.000079s ]
INFO: [ template_filter ] --END-- [ RunTime:0.000169s ]
INFO: Run Behavior\ParseTemplateBehavior [ RunTime:0.013768s ]
INFO: [ view_parse ] --END-- [ RunTime:0.013891s ]
INFO: [ view_filter ] --START--
INFO: Run Behavior\WriteHtmlCacheBehavior [ RunTime:0.000352s ]
INFO: [ view_filter ] --END-- [ RunTime:0.000430s ]
INFO: [ app_end ] --START--
INFO: Run Behavior\ShowPageTraceBehavior [ RunTime:0.000809s ]
INFO: [ app_end ] --END-- [ RunTime:0.000895s ]

[ 2017-09-07T10:03:23+08:00 ] 117.84.247.118 /Admin/MicroArticle/edit.html?id=18
INFO: [ app_init ] --START--
INFO: Run Behavior\BuildLiteBehavior [ RunTime:0.000022s ]
INFO: [ app_init ] --END-- [ RunTime:0.000499s ]
INFO: [ app_begin ] --START--
INFO: Run Behavior\ReadHtmlCacheBehavior [ RunTime:0.000754s ]
INFO: [ app_begin ] --END-- [ RunTime:0.000843s ]
NOTIC: [2] Division by zero /data/www/smalltown/Application/Admin/Controller/AuthLoginController.class.php 第 17 行.
SQL: SHOW COLUMNS FROM `wb_micro_article` [ RunTime:0.0007s ]
SQL: SELECT * FROM `wb_micro_article` WHERE ( id=18 ) LIMIT 1   [ RunTime:0.0002s ]
SQL: SHOW COLUMNS FROM `wb_category` [ RunTime:0.0004s ]
SQL: SELECT * FROM `wb_category`  [ RunTime:0.0002s ]
INFO: [ view_parse ] --START--
INFO: [ template_filter ] --START--
INFO: Run Behavior\ContentReplaceBehavior [ RunTime:0.000075s ]
INFO: [ template_filter ] --END-- [ RunTime:0.000180s ]
INFO: Run Behavior\ParseTemplateBehavior [ RunTime:0.012991s ]
INFO: [ view_parse ] --END-- [ RunTime:0.013096s ]
INFO: [ view_filter ] --START--
INFO: Run Behavior\WriteHtmlCacheBehavior [ RunTime:0.000447s ]
INFO: [ view_filter ] --END-- [ RunTime:0.000554s ]
INFO: [ app_end ] --START--
INFO: Run Behavior\ShowPageTraceBehavior [ RunTime:0.000823s ]
INFO: [ app_end ] --END-- [ RunTime:0.000928s ]

[ 2017-09-07T10:12:49+08:00 ] 58.217.192.54 /
INFO: [ app_init ] --START--
INFO: Run Behavior\BuildLiteBehavior [ RunTime:0.000027s ]
INFO: [ app_init ] --END-- [ RunTime:0.000568s ]
INFO: [ app_begin ] --START--
INFO: Run Behavior\ReadHtmlCacheBehavior [ RunTime:0.000791s ]
INFO: [ app_begin ] --END-- [ RunTime:0.000881s ]
NOTIC: [2] Division by zero /data/www/smalltown/Application/Admin/Controller/AuthLoginController.class.php 第 17 行.

[ 2017-09-07T10:34:39+08:00 ] 180.112.233.141 /Admin/MicroArticle/edit.html
INFO: [ app_init ] --START--
INFO: Run Behavior\BuildLiteBehavior [ RunTime:0.000029s ]
INFO: [ app_init ] --END-- [ RunTime:0.000586s ]
INFO: [ app_begin ] --START--
INFO: Run Behavior\ReadHtmlCacheBehavior [ RunTime:0.000858s ]
INFO: [ app_begin ] --END-- [ RunTime:0.000982s ]
NOTIC: [2] Division by zero /data/www/smalltown/Application/Admin/Controller/AuthLoginController.class.php 第 17 行.
SQL: SHOW COLUMNS FROM `wb_micro_article` [ RunTime:0.0006s ]
SQL: UPDATE `wb_micro_article` SET `title`='电子导游',`author`='admin',`category`='21',`content`='&lt;p&gt;&lt;img src=&quot;https://api.smalltown.wshoto.com/Public/umeditor/php/upload/20170907/15047516746355.jpg&quot;/&gt;&lt;/p&gt;',`status`='0',`created_time`='1504751679',`published_time`='1504751679' WHERE `id` = 18 [ RunTime:0.0266s ]

[ 2017-09-07T10:34:41+08:00 ] 180.112.233.141 /Admin/MicroArticle/index.html
INFO: [ app_init ] --START--
INFO: Run Behavior\BuildLiteBehavior [ RunTime:0.000021s ]
INFO: [ app_init ] --END-- [ RunTime:0.000507s ]
INFO: [ app_begin ] --START--
INFO: Run Behavior\ReadHtmlCacheBehavior [ RunTime:0.000831s ]
INFO: [ app_begin ] --END-- [ RunTime:0.000923s ]
NOTIC: [2] Division by zero /data/www/smalltown/Application/Admin/Controller/AuthLoginController.class.php 第 17 行.
SQL: SHOW COLUMNS FROM `wb_micro_article` [ RunTime:0.0007s ]
SQL: SELECT * FROM `wb_micro_article`  [ RunTime:0.0003s ]
SQL: SHOW COLUMNS FROM `wb_category` [ RunTime:0.0005s ]
SQL: SELECT * FROM `wb_category` WHERE ( id='18' ) LIMIT 1   [ RunTime:0.0002s ]
SQL: SELECT * FROM `wb_category` WHERE ( id='19' ) LIMIT 1   [ RunTime:0.0002s ]
SQL: SELECT * FROM `wb_category` WHERE ( id='20' ) LIMIT 1   [ RunTime:0.0002s ]
SQL: SELECT * FROM `wb_category` WHERE ( id='20' ) LIMIT 1   [ RunTime:0.0003s ]
SQL: SELECT * FROM `wb_category` WHERE ( id='20' ) LIMIT 1   [ RunTime:0.0002s ]
SQL: SELECT * FROM `wb_category` WHERE ( id='19' ) LIMIT 1   [ RunTime:0.0002s ]
SQL: SELECT * FROM `wb_category` WHERE ( id='19' ) LIMIT 1   [ RunTime:0.0002s ]
SQL: SELECT * FROM `wb_category` WHERE ( id='19' ) LIMIT 1   [ RunTime:0.0002s ]
SQL: SELECT * FROM `wb_category` WHERE ( id='15' ) LIMIT 1   [ RunTime:0.0002s ]
SQL: SELECT * FROM `wb_category` WHERE ( id='16' ) LIMIT 1   [ RunTime:0.0002s ]
SQL: SELECT * FROM `wb_category` WHERE ( id='12' ) LIMIT 1   [ RunTime:0.0002s ]
SQL: SELECT * FROM `wb_category` WHERE ( id='13' ) LIMIT 1   [ RunTime:0.0001s ]
SQL: SELECT * FROM `wb_category` WHERE ( id='14' ) LIMIT 1   [ RunTime:0.0002s ]
SQL: SELECT * FROM `wb_category` WHERE ( id='21' ) LIMIT 1   [ RunTime:0.0002s ]
SQL: SELECT * FROM `wb_category` WHERE ( id='17' ) LIMIT 1   [ RunTime:0.0002s ]
SQL: SELECT * FROM `wb_category` WHERE ( id='17' ) LIMIT 1   [ RunTime:0.0001s ]
SQL: SELECT * FROM `wb_category` WHERE ( id='17' ) LIMIT 1   [ RunTime:0.0002s ]
SQL: SELECT * FROM `wb_category` WHERE ( id='17' ) LIMIT 1   [ RunTime:0.0001s ]
SQL: SELECT * FROM `wb_category` WHERE ( id='17' ) LIMIT 1   [ RunTime:0.0001s ]
SQL: SELECT * FROM `wb_category` WHERE ( id='17' ) LIMIT 1   [ RunTime:0.0002s ]
SQL: SELECT * FROM `wb_category` WHERE ( id='17' ) LIMIT 1   [ RunTime:0.0002s ]
SQL: SELECT * FROM `wb_category` WHERE ( id='17' ) LIMIT 1   [ RunTime:0.0001s ]
SQL: SELECT * FROM `wb_category` WHERE ( id='17' ) LIMIT 1   [ RunTime:0.0001s ]
SQL: SELECT * FROM `wb_category` WHERE ( id='17' ) LIMIT 1   [ RunTime:0.0001s ]
SQL: SELECT * FROM `wb_category` WHERE ( id='2' ) LIMIT 1   [ RunTime:0.0002s ]
SQL: SELECT * FROM `wb_category` WHERE ( id='4' ) LIMIT 1   [ RunTime:0.0001s ]
SQL: SELECT * FROM `wb_category` WHERE ( id='1' ) LIMIT 1   [ RunTime:0.0001s ]
SQL: SELECT * FROM `wb_category` WHERE ( id='11' ) LIMIT 1   [ RunTime:0.0001s ]
INFO: [ view_parse ] --START--
INFO: [ template_filter ] --START--
INFO: Run Behavior\ContentReplaceBehavior [ RunTime:0.000109s ]
INFO: [ template_filter ] --END-- [ RunTime:0.000212s ]
INFO: Run Behavior\ParseTemplateBehavior [ RunTime:0.015942s ]
INFO: [ view_parse ] --END-- [ RunTime:0.016031s ]
INFO: [ view_filter ] --START--
INFO: Run Behavior\WriteHtmlCacheBehavior [ RunTime:0.000438s ]
INFO: [ view_filter ] --END-- [ RunTime:0.000534s ]
INFO: [ app_end ] --START--
INFO: Run Behavior\ShowPageTraceBehavior [ RunTime:0.000906s ]
INFO: [ app_end ] --END-- [ RunTime:0.000993s ]

[ 2017-09-07T10:43:27+08:00 ] 180.112.233.141 /Admin/MicroArticle/edit.html?id=18
INFO: [ app_init ] --START--
INFO: Run Behavior\BuildLiteBehavior [ RunTime:0.000022s ]
INFO: [ app_init ] --END-- [ RunTime:0.000551s ]
INFO: [ app_begin ] --START--
INFO: Run Behavior\ReadHtmlCacheBehavior [ RunTime:0.000790s ]
INFO: [ app_begin ] --END-- [ RunTime:0.000890s ]
NOTIC: [2] Division by zero /data/www/smalltown/Application/Admin/Controller/AuthLoginController.class.php 第 17 行.
SQL: SHOW COLUMNS FROM `wb_micro_article` [ RunTime:0.0006s ]
SQL: SELECT * FROM `wb_micro_article` WHERE ( id=18 ) LIMIT 1   [ RunTime:0.0003s ]
SQL: SHOW COLUMNS FROM `wb_category` [ RunTime:0.0004s ]
SQL: SELECT * FROM `wb_category`  [ RunTime:0.0002s ]
INFO: [ view_parse ] --START--
INFO: [ template_filter ] --START--
INFO: Run Behavior\ContentReplaceBehavior [ RunTime:0.000076s ]
INFO: [ template_filter ] --END-- [ RunTime:0.000163s ]
INFO: Run Behavior\ParseTemplateBehavior [ RunTime:0.013064s ]
INFO: [ view_parse ] --END-- [ RunTime:0.013157s ]
INFO: [ view_filter ] --START--
INFO: Run Behavior\WriteHtmlCacheBehavior [ RunTime:0.000431s ]
INFO: [ view_filter ] --END-- [ RunTime:0.000509s ]
INFO: [ app_end ] --START--
INFO: Run Behavior\ShowPageTraceBehavior [ RunTime:0.000824s ]
INFO: [ app_end ] --END-- [ RunTime:0.000912s ]

[ 2017-09-07T10:45:40+08:00 ] 180.112.233.141 /Admin/Ticket/index.html
INFO: [ app_init ] --START--
INFO: Run Behavior\BuildLiteBehavior [ RunTime:0.000021s ]
INFO: [ app_init ] --END-- [ RunTime:0.000509s ]
INFO: [ app_begin ] --START--
INFO: Run Behavior\ReadHtmlCacheBehavior [ RunTime:0.000788s ]
INFO: [ app_begin ] --END-- [ RunTime:0.000883s ]
NOTIC: [2] Division by zero /data/www/smalltown/Application/Admin/Controller/AuthLoginController.class.php 第 17 行.
SQL: SHOW COLUMNS FROM `wb_ticket` [ RunTime:0.0006s ]
SQL: SELECT * FROM `wb_ticket`  [ RunTime:0.0003s ]
INFO: [ view_parse ] --START--
INFO: [ template_filter ] --START--
INFO: Run Behavior\ContentReplaceBehavior [ RunTime:0.000100s ]
INFO: [ template_filter ] --END-- [ RunTime:0.000252s ]
INFO: Run Behavior\ParseTemplateBehavior [ RunTime:0.041203s ]
INFO: [ view_parse ] --END-- [ RunTime:0.041344s ]
INFO: [ view_filter ] --START--
INFO: Run Behavior\WriteHtmlCacheBehavior [ RunTime:0.000404s ]
INFO: [ view_filter ] --END-- [ RunTime:0.000482s ]
INFO: [ app_end ] --START--
INFO: Run Behavior\ShowPageTraceBehavior [ RunTime:0.000859s ]
INFO: [ app_end ] --END-- [ RunTime:0.000945s ]

[ 2017-09-07T10:45:46+08:00 ] 180.112.233.141 /Admin/Ticket/del.html
INFO: [ app_init ] --START--
INFO: Run Behavior\BuildLiteBehavior [ RunTime:0.000020s ]
INFO: [ app_init ] --END-- [ RunTime:0.000501s ]
INFO: [ app_begin ] --START--
INFO: Run Behavior\ReadHtmlCacheBehavior [ RunTime:0.000784s ]
INFO: [ app_begin ] --END-- [ RunTime:0.000867s ]
NOTIC: [2] Division by zero /data/www/smalltown/Application/Admin/Controller/AuthLoginController.class.php 第 17 行.
SQL: SHOW COLUMNS FROM `wb_ticket` [ RunTime:0.0007s ]
SQL: DELETE FROM `wb_ticket` WHERE ( id=5 ) [ RunTime:0.0264s ]

[ 2017-09-07T10:45:47+08:00 ] 180.112.233.141 /Admin/Ticket/index.html
INFO: [ app_init ] --START--
INFO: Run Behavior\BuildLiteBehavior [ RunTime:0.000022s ]
INFO: [ app_init ] --END-- [ RunTime:0.000548s ]
INFO: [ app_begin ] --START--
INFO: Run Behavior\ReadHtmlCacheBehavior [ RunTime:0.000847s ]
INFO: [ app_begin ] --END-- [ RunTime:0.001036s ]
NOTIC: [2] Division by zero /data/www/smalltown/Application/Admin/Controller/AuthLoginController.class.php 第 17 行.
SQL: SHOW COLUMNS FROM `wb_ticket` [ RunTime:0.0007s ]
SQL: SELECT * FROM `wb_ticket`  [ RunTime:0.0004s ]
INFO: [ view_parse ] --START--
INFO: [ template_filter ] --START--
INFO: Run Behavior\ContentReplaceBehavior [ RunTime:0.000122s ]
INFO: [ template_filter ] --END-- [ RunTime:0.000229s ]
INFO: Run Behavior\ParseTemplateBehavior [ RunTime:0.016072s ]
INFO: [ view_parse ] --END-- [ RunTime:0.016170s ]
INFO: [ view_filter ] --START--
INFO: Run Behavior\WriteHtmlCacheBehavior [ RunTime:0.000382s ]
INFO: [ view_filter ] --END-- [ RunTime:0.000482s ]
INFO: [ app_end ] --START--
INFO: Run Behavior\ShowPageTraceBehavior [ RunTime:0.000875s ]
INFO: [ app_end ] --END-- [ RunTime:0.000973s ]

[ 2017-09-07T10:45:51+08:00 ] 180.112.233.141 /Admin/Ticket/del.html
INFO: [ app_init ] --START--
INFO: Run Behavior\BuildLiteBehavior [ RunTime:0.000025s ]
INFO: [ app_init ] --END-- [ RunTime:0.000649s ]
INFO: [ app_begin ] --START--
INFO: Run Behavior\ReadHtmlCacheBehavior [ RunTime:0.000773s ]
INFO: [ app_begin ] --END-- [ RunTime:0.000860s ]
NOTIC: [2] Division by zero /data/www/smalltown/Application/Admin/Controller/AuthLoginController.class.php 第 17 行.
SQL: SHOW COLUMNS FROM `wb_ticket` [ RunTime:0.0007s ]
SQL: DELETE FROM `wb_ticket` WHERE ( id=7 ) [ RunTime:0.0233s ]

[ 2017-09-07T10:45:51+08:00 ] 180.112.233.141 /Admin/Ticket/index.html
INFO: [ app_init ] --START--
INFO: Run Behavior\BuildLiteBehavior [ RunTime:0.000023s ]
INFO: [ app_init ] --END-- [ RunTime:0.000516s ]
INFO: [ app_begin ] --START--
INFO: Run Behavior\ReadHtmlCacheBehavior [ RunTime:0.000765s ]
INFO: [ app_begin ] --END-- [ RunTime:0.000854s ]
NOTIC: [2] Division by zero /data/www/smalltown/Application/Admin/Controller/AuthLoginController.class.php 第 17 行.
SQL: SHOW COLUMNS FROM `wb_ticket` [ RunTime:0.0006s ]
SQL: SELECT * FROM `wb_ticket`  [ RunTime:0.0002s ]
INFO: [ view_parse ] --START--
INFO: [ template_filter ] --START--
INFO: Run Behavior\ContentReplaceBehavior [ RunTime:0.000079s ]
INFO: [ template_filter ] --END-- [ RunTime:0.000165s ]
INFO: Run Behavior\ParseTemplateBehavior [ RunTime:0.013624s ]
INFO: [ view_parse ] --END-- [ RunTime:0.013725s ]
INFO: [ view_filter ] --START--
INFO: Run Behavior\WriteHtmlCacheBehavior [ RunTime:0.000351s ]
INFO: [ view_filter ] --END-- [ RunTime:0.000428s ]
INFO: [ app_end ] --START--
INFO: Run Behavior\ShowPageTraceBehavior [ RunTime:0.000829s ]
INFO: [ app_end ] --END-- [ RunTime:0.000922s ]

[ 2017-09-07T10:45:54+08:00 ] 180.112.233.141 /Admin/Ticket/del.html
INFO: [ app_init ] --START--
INFO: Run Behavior\BuildLiteBehavior [ RunTime:0.000033s ]
INFO: [ app_init ] --END-- [ RunTime:0.000818s ]
INFO: [ app_begin ] --START--
INFO: Run Behavior\ReadHtmlCacheBehavior [ RunTime:0.000872s ]
INFO: [ app_begin ] --END-- [ RunTime:0.000971s ]
NOTIC: [2] Division by zero /data/www/smalltown/Application/Admin/Controller/AuthLoginController.class.php 第 17 行.
SQL: SHOW COLUMNS FROM `wb_ticket` [ RunTime:0.0006s ]
SQL: DELETE FROM `wb_ticket` WHERE ( id=8 ) [ RunTime:0.0131s ]

[ 2017-09-07T10:45:55+08:00 ] 180.112.233.141 /Admin/Ticket/index.html
INFO: [ app_init ] --START--
INFO: Run Behavior\BuildLiteBehavior [ RunTime:0.000029s ]
INFO: [ app_init ] --END-- [ RunTime:0.000602s ]
INFO: [ app_begin ] --START--
INFO: Run Behavior\ReadHtmlCacheBehavior [ RunTime:0.000889s ]
INFO: [ app_begin ] --END-- [ RunTime:0.001000s ]
NOTIC: [2] Division by zero /data/www/smalltown/Application/Admin/Controller/AuthLoginController.class.php 第 17 行.
SQL: SHOW COLUMNS FROM `wb_ticket` [ RunTime:0.0007s ]
SQL: SELECT * FROM `wb_ticket`  [ RunTime:0.0003s ]
INFO: [ view_parse ] --START--
INFO: [ template_filter ] --START--
INFO: Run Behavior\ContentReplaceBehavior [ RunTime:0.000139s ]
INFO: [ template_filter ] --END-- [ RunTime:0.000282s ]
INFO: Run Behavior\ParseTemplateBehavior [ RunTime:0.017974s ]
INFO: [ view_parse ] --END-- [ RunTime:0.018082s ]
INFO: [ view_filter ] --START--
INFO: Run Behavior\WriteHtmlCacheBehavior [ RunTime:0.000449s ]
INFO: [ view_filter ] --END-- [ RunTime:0.000551s ]
INFO: [ app_end ] --START--
INFO: Run Behavior\ShowPageTraceBehavior [ RunTime:0.000935s ]
INFO: [ app_end ] --END-- [ RunTime:0.001059s ]

[ 2017-09-07T10:45:58+08:00 ] 180.112.233.141 /Admin/Ticket/del.html
INFO: [ app_init ] --START--
INFO: Run Behavior\BuildLiteBehavior [ RunTime:0.000022s ]
INFO: [ app_init ] --END-- [ RunTime:0.000569s ]
INFO: [ app_begin ] --START--
INFO: Run Behavior\ReadHtmlCacheBehavior [ RunTime:0.000770s ]
INFO: [ app_begin ] --END-- [ RunTime:0.000853s ]
NOTIC: [2] Division by zero /data/www/smalltown/Application/Admin/Controller/AuthLoginController.class.php 第 17 行.
SQL: SHOW COLUMNS FROM `wb_ticket` [ RunTime:0.0007s ]
SQL: DELETE FROM `wb_ticket` WHERE ( id=9 ) [ RunTime:0.0132s ]

[ 2017-09-07T10:45:59+08:00 ] 180.112.233.141 /Admin/Ticket/index.html
INFO: [ app_init ] --START--
INFO: Run Behavior\BuildLiteBehavior [ RunTime:0.000037s ]
INFO: [ app_init ] --END-- [ RunTime:0.000557s ]
INFO: [ app_begin ] --START--
INFO: Run Behavior\ReadHtmlCacheBehavior [ RunTime:0.000803s ]
INFO: [ app_begin ] --END-- [ RunTime:0.000894s ]
NOTIC: [2] Division by zero /data/www/smalltown/Application/Admin/Controller/AuthLoginController.class.php 第 17 行.
SQL: SHOW COLUMNS FROM `wb_ticket` [ RunTime:0.0008s ]
SQL: SELECT * FROM `wb_ticket`  [ RunTime:0.0003s ]
INFO: [ view_parse ] --START--
INFO: [ template_filter ] --START--
INFO: Run Behavior\ContentReplaceBehavior [ RunTime:0.000085s ]
INFO: [ template_filter ] --END-- [ RunTime:0.000189s ]
INFO: Run Behavior\ParseTemplateBehavior [ RunTime:0.015920s ]
INFO: [ view_parse ] --END-- [ RunTime:0.016032s ]
INFO: [ view_filter ] --START--
INFO: Run Behavior\WriteHtmlCacheBehavior [ RunTime:0.000384s ]
INFO: [ view_filter ] --END-- [ RunTime:0.000462s ]
INFO: [ app_end ] --START--
INFO: Run Behavior\ShowPageTraceBehavior [ RunTime:0.000823s ]
INFO: [ app_end ] --END-- [ RunTime:0.000931s ]

[ 2017-09-07T19:06:22+08:00 ] 121.235.16.111 /Admin/Login/index.html
INFO: [ app_init ] --START--
INFO: Run Behavior\BuildLiteBehavior [ RunTime:0.000038s ]
INFO: [ app_init ] --END-- [ RunTime:0.000745s ]
INFO: [ app_begin ] --START--
INFO: Run Behavior\ReadHtmlCacheBehavior [ RunTime:0.000790s ]
INFO: [ app_begin ] --END-- [ RunTime:0.000896s ]
INFO: [ view_parse ] --START--
INFO: [ template_filter ] --START--
INFO: Run Behavior\ContentReplaceBehavior [ RunTime:0.000076s ]
INFO: [ template_filter ] --END-- [ RunTime:0.000177s ]
INFO: Run Behavior\ParseTemplateBehavior [ RunTime:0.011480s ]
INFO: [ view_parse ] --END-- [ RunTime:0.011572s ]
INFO: [ view_filter ] --START--
INFO: Run Behavior\WriteHtmlCacheBehavior [ RunTime:0.000370s ]
INFO: [ view_filter ] --END-- [ RunTime:0.000454s ]
INFO: [ app_end ] --START--
INFO: Run Behavior\ShowPageTraceBehavior [ RunTime:0.000851s ]
INFO: [ app_end ] --END-- [ RunTime:0.000944s ]

[ 2017-09-07T19:06:22+08:00 ] 121.235.16.111 /Admin/Login/verifyCodeServlet.html
INFO: [ app_init ] --START--
INFO: Run Behavior\BuildLiteBehavior [ RunTime:0.000022s ]
INFO: [ app_init ] --END-- [ RunTime:0.000556s ]
INFO: [ app_begin ] --START--
INFO: Run Behavior\ReadHtmlCacheBehavior [ RunTime:0.000872s ]
INFO: [ app_begin ] --END-- [ RunTime:0.000979s ]
INFO: [ app_end ] --START--
INFO: Run Behavior\ShowPageTraceBehavior [ RunTime:0.000811s ]
INFO: [ app_end ] --END-- [ RunTime:0.000921s ]

[ 2017-09-07T19:06:42+08:00 ] 121.235.16.111 /Admin/Login/loginValidate.html
INFO: [ app_init ] --START--
INFO: Run Behavior\BuildLiteBehavior [ RunTime:0.000023s ]
INFO: [ app_init ] --END-- [ RunTime:0.000702s ]
INFO: [ app_begin ] --START--
INFO: Run Behavior\ReadHtmlCacheBehavior [ RunTime:0.001315s ]
INFO: [ app_begin ] --END-- [ RunTime:0.001423s ]
SQL: SHOW COLUMNS FROM `wb_admin_user` [ RunTime:0.0006s ]
SQL: SELECT * FROM `wb_admin_user` WHERE `username` = 'admin' AND `password` = 'f6fdffe48c908deb0f4c3bd36c032e72' LIMIT 1   [ RunTime:0.0003s ]
SQL: UPDATE `wb_admin_user` SET `gid`='1',`username`='admin',`last_login`='1504782402',`created_time`='1503733768',`login_count`='53' WHERE `id` = 1 [ RunTime:0.0181s ]

[ 2017-09-07T19:06:42+08:00 ] 121.235.16.111 /Admin/Index/index.html
INFO: [ app_init ] --START--
INFO: Run Behavior\BuildLiteBehavior [ RunTime:0.000033s ]
INFO: [ app_init ] --END-- [ RunTime:0.000719s ]
INFO: [ app_begin ] --START--
INFO: Run Behavior\ReadHtmlCacheBehavior [ RunTime:0.000940s ]
INFO: [ app_begin ] --END-- [ RunTime:0.001031s ]
NOTIC: [2] Division by zero /data/www/smalltown/Application/Admin/Controller/AuthLoginController.class.php 第 17 行.
INFO: [ view_parse ] --START--
INFO: [ template_filter ] --START--
INFO: Run Behavior\ContentReplaceBehavior [ RunTime:0.000087s ]
INFO: [ template_filter ] --END-- [ RunTime:0.000182s ]
INFO: Run Behavior\ParseTemplateBehavior [ RunTime:0.017726s ]
INFO: [ view_parse ] --END-- [ RunTime:0.017835s ]
INFO: [ view_filter ] --START--
INFO: Run Behavior\WriteHtmlCacheBehavior [ RunTime:0.000405s ]
INFO: [ view_filter ] --END-- [ RunTime:0.000496s ]
INFO: [ app_end ] --START--
INFO: Run Behavior\ShowPageTraceBehavior [ RunTime:0.000813s ]
INFO: [ app_end ] --END-- [ RunTime:0.000900s ]

[ 2017-09-07T19:06:42+08:00 ] 121.235.16.111 /Admin/Index/welcome.html
INFO: [ app_init ] --START--
INFO: Run Behavior\BuildLiteBehavior [ RunTime:0.000033s ]
INFO: [ app_init ] --END-- [ RunTime:0.000650s ]
INFO: [ app_begin ] --START--
INFO: Run Behavior\ReadHtmlCacheBehavior [ RunTime:0.000751s ]
INFO: [ app_begin ] --END-- [ RunTime:0.000849s ]
NOTIC: [2] Division by zero /data/www/smalltown/Application/Admin/Controller/AuthLoginController.class.php 第 17 行.
SQL: SHOW COLUMNS FROM `wb_buy_ticket_log` [ RunTime:0.0006s ]
SQL: SELECT * FROM `wb_buy_ticket_log` WHERE ( status=1 )  [ RunTime:0.0003s ]
INFO: [ view_parse ] --START--
INFO: [ template_filter ] --START--
INFO: Run Behavior\ContentReplaceBehavior [ RunTime:0.000119s ]
INFO: [ template_filter ] --END-- [ RunTime:0.000261s ]
INFO: Run Behavior\ParseTemplateBehavior [ RunTime:0.020660s ]
INFO: [ view_parse ] --END-- [ RunTime:0.020828s ]
INFO: [ view_filter ] --START--
INFO: Run Behavior\WriteHtmlCacheBehavior [ RunTime:0.000464s ]
INFO: [ view_filter ] --END-- [ RunTime:0.000583s ]
INFO: [ app_end ] --START--
INFO: Run Behavior\ShowPageTraceBehavior [ RunTime:0.001055s ]
INFO: [ app_end ] --END-- [ RunTime:0.001228s ]

[ 2017-09-07T19:06:43+08:00 ] 121.235.16.111 /Admin/Index/welcome.html
INFO: [ app_init ] --START--
INFO: Run Behavior\BuildLiteBehavior [ RunTime:0.000032s ]
INFO: [ app_init ] --END-- [ RunTime:0.000608s ]
INFO: [ app_begin ] --START--
INFO: Run Behavior\ReadHtmlCacheBehavior [ RunTime:0.000849s ]
INFO: [ app_begin ] --END-- [ RunTime:0.000960s ]
NOTIC: [2] Division by zero /data/www/smalltown/Application/Admin/Controller/AuthLoginController.class.php 第 17 行.
SQL: SHOW COLUMNS FROM `wb_buy_ticket_log` [ RunTime:0.0006s ]
SQL: SELECT * FROM `wb_buy_ticket_log` WHERE ( status=1 )  [ RunTime:0.0004s ]
INFO: [ view_parse ] --START--
INFO: [ template_filter ] --START--
INFO: Run Behavior\ContentReplaceBehavior [ RunTime:0.000086s ]
INFO: [ template_filter ] --END-- [ RunTime:0.000189s ]
INFO: Run Behavior\ParseTemplateBehavior [ RunTime:0.014336s ]
INFO: [ view_parse ] --END-- [ RunTime:0.014443s ]
INFO: [ view_filter ] --START--
INFO: Run Behavior\WriteHtmlCacheBehavior [ RunTime:0.000405s ]
INFO: [ view_filter ] --END-- [ RunTime:0.000503s ]
INFO: [ app_end ] --START--
INFO: Run Behavior\ShowPageTraceBehavior [ RunTime:0.000795s ]
INFO: [ app_end ] --END-- [ RunTime:0.000908s ]

[ 2017-09-07T19:06:43+08:00 ] 121.235.16.111 /Admin/Index/welcome.html
INFO: [ app_init ] --START--
INFO: Run Behavior\BuildLiteBehavior [ RunTime:0.000022s ]
INFO: [ app_init ] --END-- [ RunTime:0.000542s ]
INFO: [ app_begin ] --START--
INFO: Run Behavior\ReadHtmlCacheBehavior [ RunTime:0.000854s ]
INFO: [ app_begin ] --END-- [ RunTime:0.000993s ]
NOTIC: [2] Division by zero /data/www/smalltown/Application/Admin/Controller/AuthLoginController.class.php 第 17 行.
SQL: SHOW COLUMNS FROM `wb_buy_ticket_log` [ RunTime:0.0007s ]
SQL: SELECT * FROM `wb_buy_ticket_log` WHERE ( status=1 )  [ RunTime:0.0003s ]
INFO: [ view_parse ] --START--
INFO: [ template_filter ] --START--
INFO: Run Behavior\ContentReplaceBehavior [ RunTime:0.000083s ]
INFO: [ template_filter ] --END-- [ RunTime:0.000193s ]
INFO: Run Behavior\ParseTemplateBehavior [ RunTime:0.013737s ]
INFO: [ view_parse ] --END-- [ RunTime:0.013830s ]
INFO: [ view_filter ] --START--
INFO: Run Behavior\WriteHtmlCacheBehavior [ RunTime:0.000370s ]
INFO: [ view_filter ] --END-- [ RunTime:0.000451s ]
INFO: [ app_end ] --START--
INFO: Run Behavior\ShowPageTraceBehavior [ RunTime:0.000814s ]
INFO: [ app_end ] --END-- [ RunTime:0.000895s ]

[ 2017-09-07T19:06:43+08:00 ] 121.235.16.111 /Admin/MicroArticle/index.html
INFO: [ app_init ] --START--
INFO: Run Behavior\BuildLiteBehavior [ RunTime:0.000024s ]
INFO: [ app_init ] --END-- [ RunTime:0.000529s ]
INFO: [ app_begin ] --START--
INFO: Run Behavior\ReadHtmlCacheBehavior [ RunTime:0.000749s ]
INFO: [ app_begin ] --END-- [ RunTime:0.000841s ]
NOTIC: [2] Division by zero /data/www/smalltown/Application/Admin/Controller/AuthLoginController.class.php 第 17 行.
SQL: SHOW COLUMNS FROM `wb_micro_article` [ RunTime:0.0006s ]
SQL: SELECT * FROM `wb_micro_article`  [ RunTime:0.0003s ]
SQL: SHOW COLUMNS FROM `wb_category` [ RunTime:0.0004s ]
SQL: SELECT * FROM `wb_category` WHERE ( id='18' ) LIMIT 1   [ RunTime:0.0002s ]
SQL: SELECT * FROM `wb_category` WHERE ( id='19' ) LIMIT 1   [ RunTime:0.0002s ]
SQL: SELECT * FROM `wb_category` WHERE ( id='20' ) LIMIT 1   [ RunTime:0.0002s ]
SQL: SELECT * FROM `wb_category` WHERE ( id='20' ) LIMIT 1   [ RunTime:0.0002s ]
SQL: SELECT * FROM `wb_category` WHERE ( id='20' ) LIMIT 1   [ RunTime:0.0001s ]
SQL: SELECT * FROM `wb_category` WHERE ( id='19' ) LIMIT 1   [ RunTime:0.0002s ]
SQL: SELECT * FROM `wb_category` WHERE ( id='19' ) LIMIT 1   [ RunTime:0.0001s ]
SQL: SELECT * FROM `wb_category` WHERE ( id='19' ) LIMIT 1   [ RunTime:0.0001s ]
SQL: SELECT * FROM `wb_category` WHERE ( id='15' ) LIMIT 1   [ RunTime:0.0002s ]
SQL: SELECT * FROM `wb_category` WHERE ( id='16' ) LIMIT 1   [ RunTime:0.0001s ]
SQL: SELECT * FROM `wb_category` WHERE ( id='12' ) LIMIT 1   [ RunTime:0.0001s ]
SQL: SELECT * FROM `wb_category` WHERE ( id='13' ) LIMIT 1   [ RunTime:0.0002s ]
SQL: SELECT * FROM `wb_category` WHERE ( id='14' ) LIMIT 1   [ RunTime:0.0002s ]
SQL: SELECT * FROM `wb_category` WHERE ( id='21' ) LIMIT 1   [ RunTime:0.0001s ]
SQL: SELECT * FROM `wb_category` WHERE ( id='17' ) LIMIT 1   [ RunTime:0.0001s ]
SQL: SELECT * FROM `wb_category` WHERE ( id='17' ) LIMIT 1   [ RunTime:0.0001s ]
SQL: SELECT * FROM `wb_category` WHERE ( id='17' ) LIMIT 1   [ RunTime:0.0002s ]
SQL: SELECT * FROM `wb_category` WHERE ( id='17' ) LIMIT 1   [ RunTime:0.0002s ]
SQL: SELECT * FROM `wb_category` WHERE ( id='17' ) LIMIT 1   [ RunTime:0.0001s ]
SQL: SELECT * FROM `wb_category` WHERE ( id='17' ) LIMIT 1   [ RunTime:0.0001s ]
SQL: SELECT * FROM `wb_category` WHERE ( id='17' ) LIMIT 1   [ RunTime:0.0001s ]
SQL: SELECT * FROM `wb_category` WHERE ( id='17' ) LIMIT 1   [ RunTime:0.0002s ]
SQL: SELECT * FROM `wb_category` WHERE ( id='17' ) LIMIT 1   [ RunTime:0.0002s ]
SQL: SELECT * FROM `wb_category` WHERE ( id='17' ) LIMIT 1   [ RunTime:0.0001s ]
SQL: SELECT * FROM `wb_category` WHERE ( id='2' ) LIMIT 1   [ RunTime:0.0001s ]
SQL: SELECT * FROM `wb_category` WHERE ( id='4' ) LIMIT 1   [ RunTime:0.0002s ]
SQL: SELECT * FROM `wb_category` WHERE ( id='1' ) LIMIT 1   [ RunTime:0.0001s ]
SQL: SELECT * FROM `wb_category` WHERE ( id='11' ) LIMIT 1   [ RunTime:0.0002s ]
INFO: [ view_parse ] --START--
INFO: [ template_filter ] --START--
INFO: Run Behavior\ContentReplaceBehavior [ RunTime:0.000085s ]
INFO: [ template_filter ] --END-- [ RunTime:0.000189s ]
INFO: Run Behavior\ParseTemplateBehavior [ RunTime:0.014345s ]
INFO: [ view_parse ] --END-- [ RunTime:0.014453s ]
INFO: [ view_filter ] --START--
INFO: Run Behavior\WriteHtmlCacheBehavior [ RunTime:0.000403s ]
INFO: [ view_filter ] --END-- [ RunTime:0.000480s ]
INFO: [ app_end ] --START--
INFO: Run Behavior\ShowPageTraceBehavior [ RunTime:0.000904s ]
INFO: [ app_end ] --END-- [ RunTime:0.001015s ]

[ 2017-09-07T19:06:43+08:00 ] 121.235.16.111 /Admin/Ticket/index.html
INFO: [ app_init ] --START--
INFO: Run Behavior\BuildLiteBehavior [ RunTime:0.000021s ]
INFO: [ app_init ] --END-- [ RunTime:0.000594s ]
INFO: [ app_begin ] --START--
INFO: Run Behavior\ReadHtmlCacheBehavior [ RunTime:0.000793s ]
INFO: [ app_begin ] --END-- [ RunTime:0.000896s ]
NOTIC: [2] Division by zero /data/www/smalltown/Application/Admin/Controller/AuthLoginController.class.php 第 17 行.
SQL: SHOW COLUMNS FROM `wb_ticket` [ RunTime:0.0006s ]
SQL: SELECT * FROM `wb_ticket`  [ RunTime:0.0003s ]
INFO: [ view_parse ] --START--
INFO: [ template_filter ] --START--
INFO: Run Behavior\ContentReplaceBehavior [ RunTime:0.000082s ]
INFO: [ template_filter ] --END-- [ RunTime:0.000191s ]
INFO: Run Behavior\ParseTemplateBehavior [ RunTime:0.014471s ]
INFO: [ view_parse ] --END-- [ RunTime:0.014568s ]
INFO: [ view_filter ] --START--
INFO: Run Behavior\WriteHtmlCacheBehavior [ RunTime:0.000364s ]
INFO: [ view_filter ] --END-- [ RunTime:0.000449s ]
INFO: [ app_end ] --START--
INFO: Run Behavior\ShowPageTraceBehavior [ RunTime:0.000854s ]
INFO: [ app_end ] --END-- [ RunTime:0.000946s ]

