[ 2017-09-02T00:16:57+08:00 ] 49.80.237.50 /Admin/Ticket/statistics.html
INFO: [ app_init ] --START--
INFO: Run Behavior\BuildLiteBehavior [ RunTime:0.000020s ]
INFO: [ app_init ] --END-- [ RunTime:0.000562s ]
INFO: [ app_begin ] --START--
INFO: Run Behavior\ReadHtmlCacheBehavior [ RunTime:0.000851s ]
INFO: [ app_begin ] --END-- [ RunTime:0.000937s ]
NOTIC: [2] Division by zero /data/www/smalltown/Application/Admin/Controller/AuthLoginController.class.php 第 17 行.
SQL: SHOW COLUMNS FROM `wb_buy_ticket_log` [ RunTime:0.0006s ]
SQL: SELECT
                        date_format(from_unixtime(buy_time),'%Y-%m-%d') DAY,
                        sum(CASE
                            WHEN STATUS = 1 THEN price ELSE 0 END
                        ) AS priceSum,
                        sum(CASE
                            WHEN STATUS = 1 THEN 1 ELSE 0 END
                        ) AS saleCount,
                        sum(CASE
                            WHEN STATUS = 2 THEN 1 ELSE 0 END
                        ) AS useCount,
                        sum(CASE
                            WHEN STATUS = 3 THEN 1 ELSE 0 END
                        ) AS backCount
                    FROM
                        wb_buy_ticket_log
                    WHERE
                        date_sub(now(),
                        INTERVAL 7 DAY
                    ) <= date_format(
                        from_unixtime(buy_time),
                        '%Y-%m-%d'
                    )
                    GROUP BY DAY [ RunTime:0.0008s ]

[ 2017-09-02T14:14:08+08:00 ] 58.217.192.54 /
INFO: [ app_init ] --START--
INFO: Run Behavior\BuildLiteBehavior [ RunTime:0.000029s ]
INFO: [ app_init ] --END-- [ RunTime:0.000571s ]
INFO: [ app_begin ] --START--
INFO: Run Behavior\ReadHtmlCacheBehavior [ RunTime:0.000861s ]
INFO: [ app_begin ] --END-- [ RunTime:0.000994s ]
NOTIC: [2] Division by zero /data/www/smalltown/Application/Admin/Controller/AuthLoginController.class.php 第 17 行.

[ 2017-09-02T16:57:11+08:00 ] 106.11.227.39 /
INFO: [ app_init ] --START--
INFO: Run Behavior\BuildLiteBehavior [ RunTime:0.000023s ]
INFO: [ app_init ] --END-- [ RunTime:0.000608s ]
INFO: [ app_begin ] --START--
INFO: Run Behavior\ReadHtmlCacheBehavior [ RunTime:0.000796s ]
INFO: [ app_begin ] --END-- [ RunTime:0.000900s ]
NOTIC: [2] Division by zero /data/www/smalltown/Application/Admin/Controller/AuthLoginController.class.php 第 17 行.

[ 2017-09-02T21:40:16+08:00 ] 112.90.82.218 /
INFO: [ app_init ] --START--
INFO: Run Behavior\BuildLiteBehavior [ RunTime:0.000021s ]
INFO: [ app_init ] --END-- [ RunTime:0.000551s ]
INFO: [ app_begin ] --START--
INFO: Run Behavior\ReadHtmlCacheBehavior [ RunTime:0.000789s ]
INFO: [ app_begin ] --END-- [ RunTime:0.000887s ]
NOTIC: [2] Division by zero /data/www/smalltown/Application/Admin/Controller/AuthLoginController.class.php 第 17 行.

