[ 2017-08-09T10:24:35+08:00 ] ::1 /wubo/index.php/Admin/Index/index.html
INFO: [ app_init ] --START--
INFO: Run Behavior\BuildLiteBehavior [ RunTime:0.000096s ]
INFO: [ app_init ] --END-- [ RunTime:0.001061s ]
INFO: [ app_begin ] --START--
INFO: Run Behavior\ReadHtmlCacheBehavior [ RunTime:0.000986s ]
INFO: [ app_begin ] --END-- [ RunTime:0.001283s ]
NOTIC: [2] Division by zero D:\www\wubo\Application\Admin\Controller\AuthLoginController.class.php 第 17 行.
INFO: [ view_parse ] --START--
INFO: [ template_filter ] --START--
INFO: Run Behavior\ContentReplaceBehavior [ RunTime:0.000169s ]
INFO: [ template_filter ] --END-- [ RunTime:0.000453s ]
INFO: Run Behavior\ParseTemplateBehavior [ RunTime:0.020427s ]
INFO: [ view_parse ] --END-- [ RunTime:0.020790s ]
INFO: [ view_filter ] --START--
INFO: Run Behavior\WriteHtmlCacheBehavior [ RunTime:0.000479s ]
INFO: [ view_filter ] --END-- [ RunTime:0.000722s ]
INFO: [ app_end ] --START--
INFO: Run Behavior\ShowPageTraceBehavior [ RunTime:0.000978s ]
INFO: [ app_end ] --END-- [ RunTime:0.001225s ]

[ 2017-08-09T10:47:57+08:00 ] ::1 /wubo/index.php/Admin/Index/index.html
INFO: [ app_init ] --START--
INFO: Run Behavior\BuildLiteBehavior [ RunTime:0.000045s ]
INFO: [ app_init ] --END-- [ RunTime:0.000564s ]
INFO: [ app_begin ] --START--
INFO: Run Behavior\ReadHtmlCacheBehavior [ RunTime:0.000671s ]
INFO: [ app_begin ] --END-- [ RunTime:0.000879s ]
NOTIC: [2] Division by zero D:\www\wubo\Application\Admin\Controller\AuthLoginController.class.php 第 17 行.
INFO: [ view_parse ] --START--
INFO: [ template_filter ] --START--
INFO: Run Behavior\ContentReplaceBehavior [ RunTime:0.000125s ]
INFO: [ template_filter ] --END-- [ RunTime:0.000325s ]
INFO: Run Behavior\ParseTemplateBehavior [ RunTime:0.013291s ]
INFO: [ view_parse ] --END-- [ RunTime:0.013495s ]
INFO: [ view_filter ] --START--
INFO: Run Behavior\WriteHtmlCacheBehavior [ RunTime:0.000413s ]
INFO: [ view_filter ] --END-- [ RunTime:0.000604s ]
INFO: [ app_end ] --START--
INFO: Run Behavior\ShowPageTraceBehavior [ RunTime:0.000639s ]
INFO: [ app_end ] --END-- [ RunTime:0.000837s ]

[ 2017-08-09T15:13:34+08:00 ] ::1 /wubo/index.php/Admin/MicroArticle/list.html
INFO: [ app_init ] --START--
INFO: Run Behavior\BuildLiteBehavior [ RunTime:0.000050s ]
INFO: [ app_init ] --END-- [ RunTime:0.000956s ]
INFO: [ app_begin ] --START--
INFO: Run Behavior\ReadHtmlCacheBehavior [ RunTime:0.001082s ]
INFO: [ app_begin ] --END-- [ RunTime:0.001294s ]
NOTIC: [2] Division by zero D:\www\wubo\Application\Admin\Controller\AuthLoginController.class.php 第 17 行.
INFO: [ view_parse ] --START--
INFO: [ template_filter ] --START--
INFO: Run Behavior\ContentReplaceBehavior [ RunTime:0.000083s ]
INFO: [ template_filter ] --END-- [ RunTime:0.000201s ]
NOTIC: [8] Undefined variable: title D:\www\wubo\Application\Runtime\Cache\Admin\3db6d997f91be3587d919b880b132876.php 第 10 行.
NOTIC: [8] Undefined variable: title D:\www\wubo\Application\Runtime\Cache\Admin\3db6d997f91be3587d919b880b132876.php 第 45 行.
NOTIC: [8] Undefined variable: username D:\www\wubo\Application\Runtime\Cache\Admin\3db6d997f91be3587d919b880b132876.php 第 112 行.
INFO: Run Behavior\ParseTemplateBehavior [ RunTime:0.016835s ]
INFO: [ view_parse ] --END-- [ RunTime:0.016982s ]
INFO: [ view_filter ] --START--
INFO: Run Behavior\WriteHtmlCacheBehavior [ RunTime:0.000310s ]
INFO: [ view_filter ] --END-- [ RunTime:0.000401s ]
INFO: [ app_end ] --START--
INFO: Run Behavior\ShowPageTraceBehavior [ RunTime:0.000540s ]
INFO: [ app_end ] --END-- [ RunTime:0.000688s ]

[ 2017-08-09T15:25:39+08:00 ] ::1 /wubo/index.php/Admin/Index/index.html
INFO: [ app_init ] --START--
INFO: Run Behavior\BuildLiteBehavior [ RunTime:0.000056s ]
INFO: [ app_init ] --END-- [ RunTime:0.001406s ]
INFO: [ app_begin ] --START--
INFO: Run Behavior\ReadHtmlCacheBehavior [ RunTime:0.001365s ]
INFO: [ app_begin ] --END-- [ RunTime:0.001620s ]
NOTIC: [2] Division by zero D:\www\wubo\Application\Admin\Controller\AuthLoginController.class.php 第 17 行.
INFO: [ view_parse ] --START--
INFO: [ template_filter ] --START--
INFO: Run Behavior\ContentReplaceBehavior [ RunTime:0.000192s ]
INFO: [ template_filter ] --END-- [ RunTime:0.000442s ]
INFO: Run Behavior\ParseTemplateBehavior [ RunTime:0.021183s ]
INFO: [ view_parse ] --END-- [ RunTime:0.021349s ]
INFO: [ view_filter ] --START--
INFO: Run Behavior\WriteHtmlCacheBehavior [ RunTime:0.000400s ]
INFO: [ view_filter ] --END-- [ RunTime:0.000496s ]
INFO: [ app_end ] --START--
INFO: Run Behavior\ShowPageTraceBehavior [ RunTime:0.000823s ]
INFO: [ app_end ] --END-- [ RunTime:0.000994s ]

[ 2017-08-09T15:25:41+08:00 ] ::1 /wubo/index.php/Admin/Index/index.html
INFO: [ app_init ] --START--
INFO: Run Behavior\BuildLiteBehavior [ RunTime:0.000060s ]
INFO: [ app_init ] --END-- [ RunTime:0.000934s ]
INFO: [ app_begin ] --START--
INFO: Run Behavior\ReadHtmlCacheBehavior [ RunTime:0.001134s ]
INFO: [ app_begin ] --END-- [ RunTime:0.001407s ]
NOTIC: [2] Division by zero D:\www\wubo\Application\Admin\Controller\AuthLoginController.class.php 第 17 行.
INFO: [ view_parse ] --START--
INFO: [ template_filter ] --START--
INFO: Run Behavior\ContentReplaceBehavior [ RunTime:0.000213s ]
INFO: [ template_filter ] --END-- [ RunTime:0.000481s ]
INFO: Run Behavior\ParseTemplateBehavior [ RunTime:0.023128s ]
INFO: [ view_parse ] --END-- [ RunTime:0.023397s ]
INFO: [ view_filter ] --START--
INFO: Run Behavior\WriteHtmlCacheBehavior [ RunTime:0.000587s ]
INFO: [ view_filter ] --END-- [ RunTime:0.000835s ]
INFO: [ app_end ] --START--
INFO: Run Behavior\ShowPageTraceBehavior [ RunTime:0.001136s ]
INFO: [ app_end ] --END-- [ RunTime:0.001470s ]

[ 2017-08-09T15:25:42+08:00 ] ::1 /wubo/index.php/Admin/Index/index.html
INFO: [ app_init ] --START--
INFO: Run Behavior\BuildLiteBehavior [ RunTime:0.000158s ]
INFO: [ app_init ] --END-- [ RunTime:0.001330s ]
INFO: [ app_begin ] --START--
INFO: Run Behavior\ReadHtmlCacheBehavior [ RunTime:0.001150s ]
INFO: [ app_begin ] --END-- [ RunTime:0.001419s ]
NOTIC: [2] Division by zero D:\www\wubo\Application\Admin\Controller\AuthLoginController.class.php 第 17 行.
INFO: [ view_parse ] --START--
INFO: [ template_filter ] --START--
INFO: Run Behavior\ContentReplaceBehavior [ RunTime:0.000211s ]
INFO: [ template_filter ] --END-- [ RunTime:0.000532s ]
INFO: Run Behavior\ParseTemplateBehavior [ RunTime:0.021795s ]
INFO: [ view_parse ] --END-- [ RunTime:0.022011s ]
INFO: [ view_filter ] --START--
INFO: Run Behavior\WriteHtmlCacheBehavior [ RunTime:0.000421s ]
INFO: [ view_filter ] --END-- [ RunTime:0.000573s ]
INFO: [ app_end ] --START--
INFO: Run Behavior\ShowPageTraceBehavior [ RunTime:0.000775s ]
INFO: [ app_end ] --END-- [ RunTime:0.000967s ]

[ 2017-08-09T15:25:44+08:00 ] ::1 /wubo/index.php/Admin/MicroArticle/list.html
INFO: [ app_init ] --START--
INFO: Run Behavior\BuildLiteBehavior [ RunTime:0.000052s ]
INFO: [ app_init ] --END-- [ RunTime:0.000815s ]
INFO: [ app_begin ] --START--
INFO: Run Behavior\ReadHtmlCacheBehavior [ RunTime:0.001004s ]
INFO: [ app_begin ] --END-- [ RunTime:0.001246s ]
NOTIC: [2] Division by zero D:\www\wubo\Application\Admin\Controller\AuthLoginController.class.php 第 17 行.
INFO: [ view_parse ] --START--
INFO: [ template_filter ] --START--
INFO: Run Behavior\ContentReplaceBehavior [ RunTime:0.000192s ]
INFO: [ template_filter ] --END-- [ RunTime:0.000424s ]
NOTIC: [8] Undefined variable: title D:\www\wubo\Application\Runtime\Cache\Admin\3db6d997f91be3587d919b880b132876.php 第 10 行.
NOTIC: [8] Undefined variable: title D:\www\wubo\Application\Runtime\Cache\Admin\3db6d997f91be3587d919b880b132876.php 第 45 行.
NOTIC: [8] Undefined variable: username D:\www\wubo\Application\Runtime\Cache\Admin\3db6d997f91be3587d919b880b132876.php 第 112 行.
INFO: Run Behavior\ParseTemplateBehavior [ RunTime:0.020282s ]
INFO: [ view_parse ] --END-- [ RunTime:0.020466s ]
INFO: [ view_filter ] --START--
INFO: Run Behavior\WriteHtmlCacheBehavior [ RunTime:0.000322s ]
INFO: [ view_filter ] --END-- [ RunTime:0.000451s ]
INFO: [ app_end ] --START--
INFO: Run Behavior\ShowPageTraceBehavior [ RunTime:0.000677s ]
INFO: [ app_end ] --END-- [ RunTime:0.000813s ]

[ 2017-08-09T15:25:45+08:00 ] ::1 /wubo/index.php/Admin/MicroArticle/add.html
INFO: [ app_init ] --START--
INFO: Run Behavior\BuildLiteBehavior [ RunTime:0.000057s ]
INFO: [ app_init ] --END-- [ RunTime:0.001554s ]
INFO: [ app_begin ] --START--
INFO: Run Behavior\ReadHtmlCacheBehavior [ RunTime:0.000991s ]
INFO: [ app_begin ] --END-- [ RunTime:0.001227s ]
NOTIC: [2] Division by zero D:\www\wubo\Application\Admin\Controller\AuthLoginController.class.php 第 17 行.

[ 2017-08-09T15:25:51+08:00 ] ::1 /wubo/index.php/Admin/SightInfo/index.html
INFO: [ app_init ] --START--
INFO: Run Behavior\BuildLiteBehavior [ RunTime:0.000042s ]
INFO: [ app_init ] --END-- [ RunTime:0.000643s ]
INFO: [ app_begin ] --START--
INFO: Run Behavior\ReadHtmlCacheBehavior [ RunTime:0.000776s ]
INFO: [ app_begin ] --END-- [ RunTime:0.000962s ]
INFO: [ view_parse ] --START--
INFO: [ template_filter ] --START--
INFO: Run Behavior\ContentReplaceBehavior [ RunTime:0.000168s ]
INFO: [ template_filter ] --END-- [ RunTime:0.000358s ]
INFO: Run Behavior\ParseTemplateBehavior [ RunTime:0.017613s ]
INFO: [ view_parse ] --END-- [ RunTime:0.017824s ]
INFO: [ view_filter ] --START--
INFO: Run Behavior\WriteHtmlCacheBehavior [ RunTime:0.000403s ]
INFO: [ view_filter ] --END-- [ RunTime:0.000572s ]
INFO: [ app_end ] --START--
INFO: Run Behavior\ShowPageTraceBehavior [ RunTime:0.000801s ]
INFO: [ app_end ] --END-- [ RunTime:0.001011s ]

[ 2017-08-09T15:25:51+08:00 ] ::1 /wubo/index.php/Admin/SightInfo/add.html
INFO: [ app_init ] --START--
INFO: Run Behavior\BuildLiteBehavior [ RunTime:0.000052s ]
INFO: [ app_init ] --END-- [ RunTime:0.000822s ]
INFO: [ app_begin ] --START--
INFO: Run Behavior\ReadHtmlCacheBehavior [ RunTime:0.000991s ]
INFO: [ app_begin ] --END-- [ RunTime:0.001225s ]

[ 2017-08-09T15:25:55+08:00 ] ::1 /wubo/index.php/Admin/Ticket/index.html
INFO: [ app_init ] --START--
INFO: Run Behavior\BuildLiteBehavior [ RunTime:0.000061s ]
INFO: [ app_init ] --END-- [ RunTime:0.000922s ]
INFO: [ app_begin ] --START--
INFO: Run Behavior\ReadHtmlCacheBehavior [ RunTime:0.001119s ]
INFO: [ app_begin ] --END-- [ RunTime:0.001387s ]
NOTIC: [2] Division by zero D:\www\wubo\Application\Admin\Controller\AuthLoginController.class.php 第 17 行.
INFO: [ view_parse ] --START--
INFO: [ template_filter ] --START--
INFO: Run Behavior\ContentReplaceBehavior [ RunTime:0.000106s ]
INFO: [ template_filter ] --END-- [ RunTime:0.000237s ]
NOTIC: [8] Undefined variable: title D:\www\wubo\Application\Runtime\Cache\Admin\5f80708b44056b558661461c17fa273e.php 第 10 行.
NOTIC: [8] Undefined variable: title D:\www\wubo\Application\Runtime\Cache\Admin\5f80708b44056b558661461c17fa273e.php 第 45 行.
NOTIC: [8] Undefined variable: username D:\www\wubo\Application\Runtime\Cache\Admin\5f80708b44056b558661461c17fa273e.php 第 112 行.
INFO: Run Behavior\ParseTemplateBehavior [ RunTime:0.017511s ]
INFO: [ view_parse ] --END-- [ RunTime:0.017712s ]
INFO: [ view_filter ] --START--
INFO: Run Behavior\WriteHtmlCacheBehavior [ RunTime:0.000288s ]
INFO: [ view_filter ] --END-- [ RunTime:0.000403s ]
INFO: [ app_end ] --START--
INFO: Run Behavior\ShowPageTraceBehavior [ RunTime:0.000540s ]
INFO: [ app_end ] --END-- [ RunTime:0.000677s ]

[ 2017-08-09T15:25:58+08:00 ] ::1 /wubo/index.php/Admin/System/guestList.html
INFO: [ app_init ] --START--
INFO: Run Behavior\BuildLiteBehavior [ RunTime:0.000104s ]
INFO: [ app_init ] --END-- [ RunTime:0.001710s ]
INFO: [ app_begin ] --START--
INFO: Run Behavior\ReadHtmlCacheBehavior [ RunTime:0.001855s ]
INFO: [ app_begin ] --END-- [ RunTime:0.002292s ]
NOTIC: [2] Division by zero D:\www\wubo\Application\Admin\Controller\AuthLoginController.class.php 第 17 行.
INFO: [ app_end ] --START--
INFO: Run Behavior\ShowPageTraceBehavior [ RunTime:0.001506s ]
INFO: [ app_end ] --END-- [ RunTime:0.001854s ]

[ 2017-08-09T15:26:02+08:00 ] ::1 /wubo/index.php/Admin/Ticket/blank.html
INFO: [ app_init ] --START--
INFO: Run Behavior\BuildLiteBehavior [ RunTime:0.000097s ]
INFO: [ app_init ] --END-- [ RunTime:0.001484s ]
INFO: [ app_begin ] --START--
INFO: Run Behavior\ReadHtmlCacheBehavior [ RunTime:0.001610s ]
INFO: [ app_begin ] --END-- [ RunTime:0.001903s ]
NOTIC: [2] Division by zero D:\www\wubo\Application\Admin\Controller\AuthLoginController.class.php 第 17 行.
ERR: 非法操作:blank

[ 2017-08-09T15:26:06+08:00 ] ::1 /wubo/index.php/Admin/Ticket/login.html
INFO: [ app_init ] --START--
INFO: Run Behavior\BuildLiteBehavior [ RunTime:0.000042s ]
INFO: [ app_init ] --END-- [ RunTime:0.000646s ]
INFO: [ app_begin ] --START--
INFO: Run Behavior\ReadHtmlCacheBehavior [ RunTime:0.000817s ]
INFO: [ app_begin ] --END-- [ RunTime:0.001002s ]
NOTIC: [2] Division by zero D:\www\wubo\Application\Admin\Controller\AuthLoginController.class.php 第 17 行.
ERR: 非法操作:login

