[ 2017-08-17T13:48:28+08:00 ] ::1 /wubo/
INFO: [ app_init ] --START--
INFO: Run Behavior\BuildLiteBehavior [ RunTime:0.000120s ]
INFO: [ app_init ] --END-- [ RunTime:0.002156s ]
INFO: [ app_begin ] --START--
INFO: Run Behavior\ReadHtmlCacheBehavior [ RunTime:0.003640s ]
INFO: [ app_begin ] --END-- [ RunTime:0.004346s ]
NOTIC: [2] Division by zero D:\www\wubo\Application\Admin\Controller\AuthLoginController.class.php 第 17 行.
NOTIC: [8] Undefined index: user D:\www\wubo\Application\Admin\Controller\AuthLoginController.class.php 第 22 行.

[ 2017-08-17T13:48:28+08:00 ] ::1 /wubo/index.php/Admin/Login/index.html
INFO: [ app_init ] --START--
INFO: Run Behavior\BuildLiteBehavior [ RunTime:0.000051s ]
INFO: [ app_init ] --END-- [ RunTime:0.000822s ]
INFO: [ app_begin ] --START--
INFO: Run Behavior\ReadHtmlCacheBehavior [ RunTime:0.001031s ]
INFO: [ app_begin ] --END-- [ RunTime:0.001315s ]
INFO: [ view_parse ] --START--
INFO: [ template_filter ] --START--
INFO: Run Behavior\ContentReplaceBehavior [ RunTime:0.000581s ]
INFO: [ template_filter ] --END-- [ RunTime:0.000903s ]
INFO: Run Behavior\ParseTemplateBehavior [ RunTime:0.017627s ]
INFO: [ view_parse ] --END-- [ RunTime:0.017870s ]
INFO: [ view_filter ] --START--
INFO: Run Behavior\WriteHtmlCacheBehavior [ RunTime:0.001084s ]
INFO: [ view_filter ] --END-- [ RunTime:0.001305s ]
INFO: [ app_end ] --START--
INFO: Run Behavior\ShowPageTraceBehavior [ RunTime:0.001465s ]
INFO: [ app_end ] --END-- [ RunTime:0.001690s ]

[ 2017-08-17T13:48:29+08:00 ] ::1 /wubo/index.php/Admin/Login/verifyCodeServlet.html
INFO: [ app_init ] --START--
INFO: Run Behavior\BuildLiteBehavior [ RunTime:0.000051s ]
INFO: [ app_init ] --END-- [ RunTime:0.000509s ]
INFO: [ app_begin ] --START--
INFO: Run Behavior\ReadHtmlCacheBehavior [ RunTime:0.001379s ]
INFO: [ app_begin ] --END-- [ RunTime:0.001594s ]
INFO: [ app_end ] --START--
INFO: Run Behavior\ShowPageTraceBehavior [ RunTime:0.001290s ]
INFO: [ app_end ] --END-- [ RunTime:0.001514s ]

