[ 2017-08-11T08:42:13+08:00 ] ::1 /wubo/Public/LigerUI/lib/jquery/jquery.min.map
INFO: [ app_init ] --START--
INFO: Run Behavior\BuildLiteBehavior [ RunTime:0.000038s ]
INFO: [ app_init ] --END-- [ RunTime:0.000490s ]
ERR: 无法加载模块:Public

[ 2017-08-11T08:43:51+08:00 ] ::1 /wubo/Public/LigerUI/lib/ligerGrid.showFilter.js
INFO: [ app_init ] --START--
INFO: Run Behavior\BuildLiteBehavior [ RunTime:0.000044s ]
INFO: [ app_init ] --END-- [ RunTime:0.000537s ]
ERR: 无法加载模块:Public

[ 2017-08-11T08:43:52+08:00 ] ::1 /wubo/Public/LigerUI/lib/jquery/jquery.min.map
INFO: [ app_init ] --START--
INFO: Run Behavior\BuildLiteBehavior [ RunTime:0.000045s ]
INFO: [ app_init ] --END-- [ RunTime:0.000511s ]
ERR: 无法加载模块:Public

[ 2017-08-11T08:44:05+08:00 ] ::1 /wubo/Public/LigerUI/lib/jquery/jquery.min.map
INFO: [ app_init ] --START--
INFO: Run Behavior\BuildLiteBehavior [ RunTime:0.000047s ]
INFO: [ app_init ] --END-- [ RunTime:0.000654s ]
ERR: 无法加载模块:Public

[ 2017-08-11T16:20:59+08:00 ] ::1 /wubo/Public/LigerUI/lib/jquery/jquery.min.map
INFO: [ app_init ] --START--
INFO: Run Behavior\BuildLiteBehavior [ RunTime:0.000095s ]
INFO: [ app_init ] --END-- [ RunTime:0.001506s ]
ERR: 无法加载模块:Public

[ 2017-08-11T16:20:59+08:00 ] ::1 /wubo/Public/LigerUI/lib/jquery/jquery.min.map
INFO: [ app_init ] --START--
INFO: Run Behavior\BuildLiteBehavior [ RunTime:0.000026s ]
INFO: [ app_init ] --END-- [ RunTime:0.000376s ]
ERR: 无法加载模块:Public

[ 2017-08-11T16:21:00+08:00 ] ::1 /wubo/Public/LigerUI/lib/jquery/jquery.min.map
INFO: [ app_init ] --START--
INFO: Run Behavior\BuildLiteBehavior [ RunTime:0.000024s ]
INFO: [ app_init ] --END-- [ RunTime:0.000383s ]
ERR: 无法加载模块:Public

[ 2017-08-11T16:57:38+08:00 ] ::1 /wubo/Public/LigerUI/lib/jquery/jquery.min.map
INFO: [ app_init ] --START--
INFO: Run Behavior\BuildLiteBehavior [ RunTime:0.000021s ]
INFO: [ app_init ] --END-- [ RunTime:0.000341s ]
ERR: 无法加载模块:Public

[ 2017-08-11T17:31:03+08:00 ] ::1 /wubo/Public/LigerUI/lib/jquery/jquery.min.map
INFO: [ app_init ] --START--
INFO: Run Behavior\BuildLiteBehavior [ RunTime:0.000049s ]
INFO: [ app_init ] --END-- [ RunTime:0.000778s ]
ERR: 无法加载模块:Public

[ 2017-08-11T17:31:04+08:00 ] ::1 /wubo/Public/LigerUI/lib/jquery/jquery.min.map
INFO: [ app_init ] --START--
INFO: Run Behavior\BuildLiteBehavior [ RunTime:0.000064s ]
INFO: [ app_init ] --END-- [ RunTime:0.001082s ]
ERR: 无法加载模块:Public

[ 2017-08-11T17:31:05+08:00 ] ::1 /wubo/Public/LigerUI/lib/jquery/jquery.min.map
INFO: [ app_init ] --START--
INFO: Run Behavior\BuildLiteBehavior [ RunTime:0.000041s ]
INFO: [ app_init ] --END-- [ RunTime:0.000763s ]
ERR: 无法加载模块:Public

[ 2017-08-11T17:32:18+08:00 ] ::1 /wubo/Public/LigerUI/lib/jquery/jquery.min.map
INFO: [ app_init ] --START--
INFO: Run Behavior\BuildLiteBehavior [ RunTime:0.000024s ]
INFO: [ app_init ] --END-- [ RunTime:0.000404s ]
ERR: 无法加载模块:Public

[ 2017-08-11T17:32:18+08:00 ] ::1 /wubo/Public/LigerUI/lib/jquery/jquery.min.map
INFO: [ app_init ] --START--
INFO: Run Behavior\BuildLiteBehavior [ RunTime:0.000044s ]
INFO: [ app_init ] --END-- [ RunTime:0.000664s ]
ERR: 无法加载模块:Public

[ 2017-08-11T17:32:19+08:00 ] ::1 /wubo/Public/LigerUI/lib/jquery/jquery.min.map
INFO: [ app_init ] --START--
INFO: Run Behavior\BuildLiteBehavior [ RunTime:0.000030s ]
INFO: [ app_init ] --END-- [ RunTime:0.000454s ]
ERR: 无法加载模块:Public

[ 2017-08-11T17:32:20+08:00 ] ::1 /wubo/Public/LigerUI/lib/jquery/jquery.min.map
INFO: [ app_init ] --START--
INFO: Run Behavior\BuildLiteBehavior [ RunTime:0.000023s ]
INFO: [ app_init ] --END-- [ RunTime:0.000369s ]
ERR: 无法加载模块:Public

[ 2017-08-11T17:32:21+08:00 ] ::1 /wubo/Public/LigerUI/lib/jquery/jquery.min.map
INFO: [ app_init ] --START--
INFO: Run Behavior\BuildLiteBehavior [ RunTime:0.000061s ]
INFO: [ app_init ] --END-- [ RunTime:0.000957s ]
ERR: 无法加载模块:Public

[ 2017-08-11T17:32:21+08:00 ] ::1 /wubo/Public/LigerUI/lib/jquery/jquery.min.map
INFO: [ app_init ] --START--
INFO: Run Behavior\BuildLiteBehavior [ RunTime:0.000057s ]
INFO: [ app_init ] --END-- [ RunTime:0.000898s ]
ERR: 无法加载模块:Public

[ 2017-08-11T17:32:22+08:00 ] ::1 /wubo/Public/LigerUI/lib/jquery/jquery.min.map
INFO: [ app_init ] --START--
INFO: Run Behavior\BuildLiteBehavior [ RunTime:0.000038s ]
INFO: [ app_init ] --END-- [ RunTime:0.000616s ]
ERR: 无法加载模块:Public

[ 2017-08-11T17:32:49+08:00 ] ::1 /wubo/Public/LigerUI/lib/jquery/jquery.min.map
INFO: [ app_init ] --START--
INFO: Run Behavior\BuildLiteBehavior [ RunTime:0.000044s ]
INFO: [ app_init ] --END-- [ RunTime:0.000791s ]
ERR: 无法加载模块:Public

[ 2017-08-11T17:32:49+08:00 ] ::1 /wubo/Public/LigerUI/lib/jquery/jquery.min.map
INFO: [ app_init ] --START--
INFO: Run Behavior\BuildLiteBehavior [ RunTime:0.000059s ]
INFO: [ app_init ] --END-- [ RunTime:0.000936s ]
ERR: 无法加载模块:Public

[ 2017-08-11T17:33:47+08:00 ] ::1 /wubo/Public/LigerUI/lib/jquery/jquery.min.map
INFO: [ app_init ] --START--
INFO: Run Behavior\BuildLiteBehavior [ RunTime:0.000043s ]
INFO: [ app_init ] --END-- [ RunTime:0.000661s ]
ERR: 无法加载模块:Public

[ 2017-08-11T17:33:48+08:00 ] ::1 /wubo/Public/LigerUI/lib/jquery/jquery.min.map
INFO: [ app_init ] --START--
INFO: Run Behavior\BuildLiteBehavior [ RunTime:0.000044s ]
INFO: [ app_init ] --END-- [ RunTime:0.000688s ]
ERR: 无法加载模块:Public

[ 2017-08-11T17:34:13+08:00 ] ::1 /wubo/Public/LigerUI/lib/jquery/jquery.min.map
INFO: [ app_init ] --START--
INFO: Run Behavior\BuildLiteBehavior [ RunTime:0.000046s ]
INFO: [ app_init ] --END-- [ RunTime:0.000716s ]
ERR: 无法加载模块:Public

[ 2017-08-11T17:42:09+08:00 ] ::1 /wubo/Public/LigerUI/lib/jquery/jquery.min.map
INFO: [ app_init ] --START--
INFO: Run Behavior\BuildLiteBehavior [ RunTime:0.000053s ]
INFO: [ app_init ] --END-- [ RunTime:0.000817s ]
ERR: 无法加载模块:Public

[ 2017-08-11T17:43:04+08:00 ] ::1 /wubo/Public/LigerUI/lib/jquery/jquery.min.map
INFO: [ app_init ] --START--
INFO: Run Behavior\BuildLiteBehavior [ RunTime:0.000022s ]
INFO: [ app_init ] --END-- [ RunTime:0.000349s ]
ERR: 无法加载模块:Public

[ 2017-08-11T17:44:27+08:00 ] ::1 /wubo/Public/LigerUI/lib/jquery/jquery.min.map
INFO: [ app_init ] --START--
INFO: Run Behavior\BuildLiteBehavior [ RunTime:0.000049s ]
INFO: [ app_init ] --END-- [ RunTime:0.000736s ]
ERR: 无法加载模块:Public

[ 2017-08-11T17:44:48+08:00 ] ::1 /wubo/Public/LigerUI/lib/jquery/jquery.min.map
INFO: [ app_init ] --START--
INFO: Run Behavior\BuildLiteBehavior [ RunTime:0.000044s ]
INFO: [ app_init ] --END-- [ RunTime:0.000626s ]
ERR: 无法加载模块:Public

[ 2017-08-11T17:45:00+08:00 ] ::1 /wubo/Public/LigerUI/lib/jquery/jquery.min.map
INFO: [ app_init ] --START--
INFO: Run Behavior\BuildLiteBehavior [ RunTime:0.000041s ]
INFO: [ app_init ] --END-- [ RunTime:0.000626s ]
ERR: 无法加载模块:Public

[ 2017-08-11T17:45:01+08:00 ] ::1 /wubo/Public/LigerUI/lib/jquery/jquery.min.map
INFO: [ app_init ] --START--
INFO: Run Behavior\BuildLiteBehavior [ RunTime:0.000042s ]
INFO: [ app_init ] --END-- [ RunTime:0.000655s ]
ERR: 无法加载模块:Public

[ 2017-08-11T17:45:47+08:00 ] ::1 /wubo/Public/LigerUI/lib/jquery/jquery.min.map
INFO: [ app_init ] --START--
INFO: Run Behavior\BuildLiteBehavior [ RunTime:0.000099s ]
INFO: [ app_init ] --END-- [ RunTime:0.001486s ]
ERR: 无法加载模块:Public

[ 2017-08-11T17:45:49+08:00 ] ::1 /wubo/Public/LigerUI/lib/jquery/jquery.min.map
INFO: [ app_init ] --START--
INFO: Run Behavior\BuildLiteBehavior [ RunTime:0.000023s ]
INFO: [ app_init ] --END-- [ RunTime:0.000378s ]
ERR: 无法加载模块:Public

[ 2017-08-11T17:45:49+08:00 ] ::1 /wubo/Public/LigerUI/lib/jquery/jquery.min.map
INFO: [ app_init ] --START--
INFO: Run Behavior\BuildLiteBehavior [ RunTime:0.000041s ]
INFO: [ app_init ] --END-- [ RunTime:0.000648s ]
ERR: 无法加载模块:Public

[ 2017-08-11T17:48:49+08:00 ] ::1 /wubo/Public/LigerUI/lib/jquery/jquery.min.map
INFO: [ app_init ] --START--
INFO: Run Behavior\BuildLiteBehavior [ RunTime:0.000025s ]
INFO: [ app_init ] --END-- [ RunTime:0.000435s ]
ERR: 无法加载模块:Public

[ 2017-08-11T17:48:52+08:00 ] ::1 /wubo/Public/LigerUI/lib/jquery/jquery.min.map
INFO: [ app_init ] --START--
INFO: Run Behavior\BuildLiteBehavior [ RunTime:0.000025s ]
INFO: [ app_init ] --END-- [ RunTime:0.000349s ]
ERR: 无法加载模块:Public

[ 2017-08-11T17:48:53+08:00 ] ::1 /wubo/Public/LigerUI/lib/jquery/jquery.min.map
INFO: [ app_init ] --START--
INFO: Run Behavior\BuildLiteBehavior [ RunTime:0.000058s ]
INFO: [ app_init ] --END-- [ RunTime:0.000841s ]
ERR: 无法加载模块:Public

[ 2017-08-11T17:49:46+08:00 ] ::1 /wubo/Public/LigerUI/lib/jquery/jquery.min.map
INFO: [ app_init ] --START--
INFO: Run Behavior\BuildLiteBehavior [ RunTime:0.000061s ]
INFO: [ app_init ] --END-- [ RunTime:0.001050s ]
ERR: 无法加载模块:Public

[ 2017-08-11T17:49:47+08:00 ] ::1 /wubo/Public/LigerUI/lib/jquery/jquery.min.map
INFO: [ app_init ] --START--
INFO: Run Behavior\BuildLiteBehavior [ RunTime:0.000054s ]
INFO: [ app_init ] --END-- [ RunTime:0.000837s ]
ERR: 无法加载模块:Public

[ 2017-08-11T17:50:02+08:00 ] ::1 /wubo/Public/LigerUI/lib/jquery/jquery.min.map
INFO: [ app_init ] --START--
INFO: Run Behavior\BuildLiteBehavior [ RunTime:0.000057s ]
INFO: [ app_init ] --END-- [ RunTime:0.000831s ]
ERR: 无法加载模块:Public

[ 2017-08-11T17:50:03+08:00 ] ::1 /wubo/Public/LigerUI/lib/jquery/jquery.min.map
INFO: [ app_init ] --START--
INFO: Run Behavior\BuildLiteBehavior [ RunTime:0.000062s ]
INFO: [ app_init ] --END-- [ RunTime:0.000926s ]
ERR: 无法加载模块:Public

[ 2017-08-11T17:50:36+08:00 ] ::1 /wubo/Public/LigerUI/lib/jquery/jquery.min.map
INFO: [ app_init ] --START--
INFO: Run Behavior\BuildLiteBehavior [ RunTime:0.000047s ]
INFO: [ app_init ] --END-- [ RunTime:0.000722s ]
ERR: 无法加载模块:Public

[ 2017-08-11T17:50:52+08:00 ] ::1 /wubo/Public/LigerUI/lib/jquery/jquery.min.map
INFO: [ app_init ] --START--
INFO: Run Behavior\BuildLiteBehavior [ RunTime:0.000036s ]
INFO: [ app_init ] --END-- [ RunTime:0.000568s ]
ERR: 无法加载模块:Public

[ 2017-08-11T17:50:52+08:00 ] ::1 /wubo/Public/LigerUI/lib/jquery/jquery.min.map
INFO: [ app_init ] --START--
INFO: Run Behavior\BuildLiteBehavior [ RunTime:0.000047s ]
INFO: [ app_init ] --END-- [ RunTime:0.000729s ]
ERR: 无法加载模块:Public

[ 2017-08-11T17:54:52+08:00 ] ::1 /wubo/Public/LigerUI/lib/jquery/jquery.min.map
INFO: [ app_init ] --START--
INFO: Run Behavior\BuildLiteBehavior [ RunTime:0.000105s ]
INFO: [ app_init ] --END-- [ RunTime:0.001003s ]
ERR: 无法加载模块:Public

[ 2017-08-11T17:55:35+08:00 ] ::1 /wubo/Public/LigerUI/lib/jquery/jquery.min.map
INFO: [ app_init ] --START--
INFO: Run Behavior\BuildLiteBehavior [ RunTime:0.000041s ]
INFO: [ app_init ] --END-- [ RunTime:0.000628s ]
ERR: 无法加载模块:Public

[ 2017-08-11T17:55:35+08:00 ] ::1 /wubo/Public/LigerUI/lib/jquery/jquery.min.map
INFO: [ app_init ] --START--
INFO: Run Behavior\BuildLiteBehavior [ RunTime:0.000041s ]
INFO: [ app_init ] --END-- [ RunTime:0.000611s ]
ERR: 无法加载模块:Public

[ 2017-08-11T17:55:44+08:00 ] ::1 /wubo/Public/LigerUI/lib/jquery/jquery.min.map
INFO: [ app_init ] --START--
INFO: Run Behavior\BuildLiteBehavior [ RunTime:0.000039s ]
INFO: [ app_init ] --END-- [ RunTime:0.000616s ]
ERR: 无法加载模块:Public

[ 2017-08-11T17:58:31+08:00 ] ::1 /wubo/Public/LigerUI/lib/jquery/jquery.min.map
INFO: [ app_init ] --START--
INFO: Run Behavior\BuildLiteBehavior [ RunTime:0.000052s ]
INFO: [ app_init ] --END-- [ RunTime:0.000819s ]
ERR: 无法加载模块:Public

[ 2017-08-11T18:00:47+08:00 ] ::1 /wubo/Public/LigerUI/lib/jquery/jquery.min.map
INFO: [ app_init ] --START--
INFO: Run Behavior\BuildLiteBehavior [ RunTime:0.000047s ]
INFO: [ app_init ] --END-- [ RunTime:0.000735s ]
ERR: 无法加载模块:Public

[ 2017-08-11T18:00:58+08:00 ] ::1 /wubo/Public/LigerUI/lib/jquery/jquery.min.map
INFO: [ app_init ] --START--
INFO: Run Behavior\BuildLiteBehavior [ RunTime:0.000054s ]
INFO: [ app_init ] --END-- [ RunTime:0.000935s ]
ERR: 无法加载模块:Public

[ 2017-08-11T18:00:59+08:00 ] ::1 /wubo/Public/LigerUI/lib/jquery/jquery.min.map
INFO: [ app_init ] --START--
INFO: Run Behavior\BuildLiteBehavior [ RunTime:0.000046s ]
INFO: [ app_init ] --END-- [ RunTime:0.000715s ]
ERR: 无法加载模块:Public

[ 2017-08-11T18:01:07+08:00 ] ::1 /wubo/Public/LigerUI/lib/jquery/jquery.min.map
INFO: [ app_init ] --START--
INFO: Run Behavior\BuildLiteBehavior [ RunTime:0.000040s ]
INFO: [ app_init ] --END-- [ RunTime:0.000654s ]
ERR: 无法加载模块:Public

[ 2017-08-11T18:02:40+08:00 ] ::1 /wubo/Public/LigerUI/lib/jquery/jquery.min.map
INFO: [ app_init ] --START--
INFO: Run Behavior\BuildLiteBehavior [ RunTime:0.000054s ]
INFO: [ app_init ] --END-- [ RunTime:0.000822s ]
ERR: 无法加载模块:Public

[ 2017-08-11T18:02:41+08:00 ] ::1 /wubo/Public/LigerUI/lib/jquery/jquery.min.map
INFO: [ app_init ] --START--
INFO: Run Behavior\BuildLiteBehavior [ RunTime:0.000097s ]
INFO: [ app_init ] --END-- [ RunTime:0.001542s ]
ERR: 无法加载模块:Public

[ 2017-08-11T18:02:51+08:00 ] ::1 /wubo/Public/LigerUI/lib/jquery/jquery.min.map
INFO: [ app_init ] --START--
INFO: Run Behavior\BuildLiteBehavior [ RunTime:0.000040s ]
INFO: [ app_init ] --END-- [ RunTime:0.000652s ]
ERR: 无法加载模块:Public

[ 2017-08-11T18:08:11+08:00 ] ::1 /wubo/Public/LigerUI/lib/jquery/jquery.min.map
INFO: [ app_init ] --START--
INFO: Run Behavior\BuildLiteBehavior [ RunTime:0.000039s ]
INFO: [ app_init ] --END-- [ RunTime:0.000616s ]
ERR: 无法加载模块:Public

[ 2017-08-11T18:12:08+08:00 ] ::1 /wubo/Public/LigerUI/lib/jquery/jquery.min.map
INFO: [ app_init ] --START--
INFO: Run Behavior\BuildLiteBehavior [ RunTime:0.000097s ]
INFO: [ app_init ] --END-- [ RunTime:0.001522s ]
ERR: 无法加载模块:Public

[ 2017-08-11T18:12:08+08:00 ] ::1 /wubo/Public/LigerUI/lib/jquery/jquery.min.map
INFO: [ app_init ] --START--
INFO: Run Behavior\BuildLiteBehavior [ RunTime:0.000060s ]
INFO: [ app_init ] --END-- [ RunTime:0.000942s ]
ERR: 无法加载模块:Public

[ 2017-08-11T18:13:10+08:00 ] ::1 /wubo/Public/LigerUI/lib/jquery/jquery.min.map
INFO: [ app_init ] --START--
INFO: Run Behavior\BuildLiteBehavior [ RunTime:0.000105s ]
INFO: [ app_init ] --END-- [ RunTime:0.001778s ]
ERR: 无法加载模块:Public

[ 2017-08-11T18:13:11+08:00 ] ::1 /wubo/Public/LigerUI/lib/jquery/jquery.min.map
INFO: [ app_init ] --START--
INFO: Run Behavior\BuildLiteBehavior [ RunTime:0.000095s ]
INFO: [ app_init ] --END-- [ RunTime:0.001513s ]
ERR: 无法加载模块:Public

[ 2017-08-11T18:13:41+08:00 ] ::1 /wubo/Public/LigerUI/lib/jquery/jquery.min.map
INFO: [ app_init ] --START--
INFO: Run Behavior\BuildLiteBehavior [ RunTime:0.000061s ]
INFO: [ app_init ] --END-- [ RunTime:0.000957s ]
ERR: 无法加载模块:Public

[ 2017-08-11T18:13:42+08:00 ] ::1 /wubo/Public/LigerUI/lib/jquery/jquery.min.map
INFO: [ app_init ] --START--
INFO: Run Behavior\BuildLiteBehavior [ RunTime:0.000040s ]
INFO: [ app_init ] --END-- [ RunTime:0.000653s ]
ERR: 无法加载模块:Public

[ 2017-08-11T18:14:40+08:00 ] ::1 /wubo/Public/LigerUI/lib/jquery/jquery.min.map
INFO: [ app_init ] --START--
INFO: Run Behavior\BuildLiteBehavior [ RunTime:0.000103s ]
INFO: [ app_init ] --END-- [ RunTime:0.001526s ]
ERR: 无法加载模块:Public

[ 2017-08-11T18:14:40+08:00 ] ::1 /wubo/Public/LigerUI/lib/jquery/jquery.min.map
INFO: [ app_init ] --START--
INFO: Run Behavior\BuildLiteBehavior [ RunTime:0.000047s ]
INFO: [ app_init ] --END-- [ RunTime:0.000725s ]
ERR: 无法加载模块:Public

[ 2017-08-11T18:14:51+08:00 ] ::1 /wubo/Public/LigerUI/lib/jquery/jquery.min.map
INFO: [ app_init ] --START--
INFO: Run Behavior\BuildLiteBehavior [ RunTime:0.000063s ]
INFO: [ app_init ] --END-- [ RunTime:0.001016s ]
ERR: 无法加载模块:Public

[ 2017-08-11T18:26:24+08:00 ] ::1 /wubo/Public/LigerUI/lib/jquery/jquery.min.map
INFO: [ app_init ] --START--
INFO: Run Behavior\BuildLiteBehavior [ RunTime:0.000053s ]
INFO: [ app_init ] --END-- [ RunTime:0.000833s ]
ERR: 无法加载模块:Public

[ 2017-08-11T18:26:24+08:00 ] ::1 /wubo/Public/LigerUI/lib/jquery/jquery.min.map
INFO: [ app_init ] --START--
INFO: Run Behavior\BuildLiteBehavior [ RunTime:0.000096s ]
INFO: [ app_init ] --END-- [ RunTime:0.001483s ]
ERR: 无法加载模块:Public

[ 2017-08-11T18:28:21+08:00 ] ::1 /wubo/Public/LigerUI/lib/jquery/jquery.min.map
INFO: [ app_init ] --START--
INFO: Run Behavior\BuildLiteBehavior [ RunTime:0.000040s ]
INFO: [ app_init ] --END-- [ RunTime:0.000612s ]
ERR: 无法加载模块:Public

[ 2017-08-11T18:31:25+08:00 ] ::1 /wubo/Public/LigerUI/lib/jquery/jquery.min.map
INFO: [ app_init ] --START--
INFO: Run Behavior\BuildLiteBehavior [ RunTime:0.000100s ]
INFO: [ app_init ] --END-- [ RunTime:0.001703s ]
ERR: 无法加载模块:Public

[ 2017-08-11T18:31:25+08:00 ] ::1 /wubo/Public/LigerUI/lib/jquery/jquery.min.map
INFO: [ app_init ] --START--
INFO: Run Behavior\BuildLiteBehavior [ RunTime:0.000095s ]
INFO: [ app_init ] --END-- [ RunTime:0.001492s ]
ERR: 无法加载模块:Public

[ 2017-08-11T18:32:02+08:00 ] ::1 /wubo/Public/LigerUI/lib/jquery/jquery.min.map
INFO: [ app_init ] --START--
INFO: Run Behavior\BuildLiteBehavior [ RunTime:0.000063s ]
INFO: [ app_init ] --END-- [ RunTime:0.000946s ]
ERR: 无法加载模块:Public

[ 2017-08-11T18:32:03+08:00 ] ::1 /wubo/Public/LigerUI/lib/jquery/jquery.min.map
INFO: [ app_init ] --START--
INFO: Run Behavior\BuildLiteBehavior [ RunTime:0.000048s ]
INFO: [ app_init ] --END-- [ RunTime:0.000718s ]
ERR: 无法加载模块:Public

[ 2017-08-11T18:33:03+08:00 ] ::1 /wubo/Public/LigerUI/lib/jquery/jquery.min.map
INFO: [ app_init ] --START--
INFO: Run Behavior\BuildLiteBehavior [ RunTime:0.000034s ]
INFO: [ app_init ] --END-- [ RunTime:0.000524s ]
ERR: 无法加载模块:Public

[ 2017-08-11T18:33:03+08:00 ] ::1 /wubo/Public/LigerUI/lib/jquery/jquery.min.map
INFO: [ app_init ] --START--
INFO: Run Behavior\BuildLiteBehavior [ RunTime:0.000097s ]
INFO: [ app_init ] --END-- [ RunTime:0.001507s ]
ERR: 无法加载模块:Public

[ 2017-08-11T18:34:17+08:00 ] ::1 /wubo/Public/LigerUI/lib/jquery/jquery.min.map
INFO: [ app_init ] --START--
INFO: Run Behavior\BuildLiteBehavior [ RunTime:0.000043s ]
INFO: [ app_init ] --END-- [ RunTime:0.000478s ]
ERR: 无法加载模块:Public

[ 2017-08-11T18:34:17+08:00 ] ::1 /wubo/Public/LigerUI/lib/jquery/jquery.min.map
INFO: [ app_init ] --START--
INFO: Run Behavior\BuildLiteBehavior [ RunTime:0.000045s ]
INFO: [ app_init ] --END-- [ RunTime:0.000487s ]
ERR: 无法加载模块:Public

[ 2017-08-11T18:34:53+08:00 ] ::1 /wubo/Public/LigerUI/lib/jquery/jquery.min.map
INFO: [ app_init ] --START--
INFO: Run Behavior\BuildLiteBehavior [ RunTime:0.000044s ]
INFO: [ app_init ] --END-- [ RunTime:0.000504s ]
ERR: 无法加载模块:Public

[ 2017-08-11T18:34:54+08:00 ] ::1 /wubo/Public/LigerUI/lib/jquery/jquery.min.map
INFO: [ app_init ] --START--
INFO: Run Behavior\BuildLiteBehavior [ RunTime:0.000076s ]
INFO: [ app_init ] --END-- [ RunTime:0.000885s ]
ERR: 无法加载模块:Public

[ 2017-08-11T18:38:17+08:00 ] ::1 /wubo/Public/LigerUI/lib/jquery/jquery.min.map
INFO: [ app_init ] --START--
INFO: Run Behavior\BuildLiteBehavior [ RunTime:0.000045s ]
INFO: [ app_init ] --END-- [ RunTime:0.000531s ]
ERR: 无法加载模块:Public

[ 2017-08-11T18:39:31+08:00 ] ::1 /wubo/Public/LigerUI/lib/jquery/jquery.min.map
INFO: [ app_init ] --START--
INFO: Run Behavior\BuildLiteBehavior [ RunTime:0.000044s ]
INFO: [ app_init ] --END-- [ RunTime:0.000503s ]
ERR: 无法加载模块:Public

[ 2017-08-11T18:39:31+08:00 ] ::1 /wubo/Public/LigerUI/lib/jquery/jquery.min.map
INFO: [ app_init ] --START--
INFO: Run Behavior\BuildLiteBehavior [ RunTime:0.000048s ]
INFO: [ app_init ] --END-- [ RunTime:0.000575s ]
ERR: 无法加载模块:Public

[ 2017-08-11T18:39:45+08:00 ] ::1 /wubo/Public/LigerUI/lib/jquery/jquery.min.map
INFO: [ app_init ] --START--
INFO: Run Behavior\BuildLiteBehavior [ RunTime:0.000043s ]
INFO: [ app_init ] --END-- [ RunTime:0.000484s ]
ERR: 无法加载模块:Public

[ 2017-08-11T18:43:26+08:00 ] ::1 /wubo/Public/LigerUI/lib/jquery/jquery.min.map
INFO: [ app_init ] --START--
INFO: Run Behavior\BuildLiteBehavior [ RunTime:0.000046s ]
INFO: [ app_init ] --END-- [ RunTime:0.000661s ]
ERR: 无法加载模块:Public

[ 2017-08-11T18:43:26+08:00 ] ::1 /wubo/Public/LigerUI/lib/jquery/jquery.min.map
INFO: [ app_init ] --START--
INFO: Run Behavior\BuildLiteBehavior [ RunTime:0.000097s ]
INFO: [ app_init ] --END-- [ RunTime:0.001484s ]
ERR: 无法加载模块:Public

[ 2017-08-11T18:45:00+08:00 ] ::1 /wubo/Public/LigerUI/lib/jquery/jquery.min.map
INFO: [ app_init ] --START--
INFO: Run Behavior\BuildLiteBehavior [ RunTime:0.000104s ]
INFO: [ app_init ] --END-- [ RunTime:0.001553s ]
ERR: 无法加载模块:Public

[ 2017-08-11T18:45:23+08:00 ] ::1 /wubo/Public/LigerUI/lib/jquery/jquery.min.map
INFO: [ app_init ] --START--
INFO: Run Behavior\BuildLiteBehavior [ RunTime:0.000056s ]
INFO: [ app_init ] --END-- [ RunTime:0.000829s ]
ERR: 无法加载模块:Public

[ 2017-08-11T18:45:24+08:00 ] ::1 /wubo/Public/LigerUI/lib/jquery/jquery.min.map
INFO: [ app_init ] --START--
INFO: Run Behavior\BuildLiteBehavior [ RunTime:0.000099s ]
INFO: [ app_init ] --END-- [ RunTime:0.001483s ]
ERR: 无法加载模块:Public

[ 2017-08-11T18:45:31+08:00 ] ::1 /wubo/Public/LigerUI/lib/jquery/jquery.min.map
INFO: [ app_init ] --START--
INFO: Run Behavior\BuildLiteBehavior [ RunTime:0.000040s ]
INFO: [ app_init ] --END-- [ RunTime:0.000691s ]
ERR: 无法加载模块:Public

