[ 2017-09-03T09:14:25+08:00 ] 49.66.92.38 /Home/Index/articleDetail/id/33
INFO: [ app_init ] --START--
INFO: Run Behavior\BuildLiteBehavior [ RunTime:0.000021s ]
INFO: [ app_init ] --END-- [ RunTime:0.000581s ]
INFO: [ app_begin ] --START--
INFO: Run Behavior\ReadHtmlCacheBehavior [ RunTime:0.000839s ]
INFO: [ app_begin ] --END-- [ RunTime:0.000931s ]
SQL: SHOW COLUMNS FROM `wb_micro_article` [ RunTime:0.0007s ]
SQL: SHOW COLUMNS FROM `wb_category` [ RunTime:0.0005s ]
SQL: SELECT * FROM `wb_micro_article` WHERE ( id='33' ) LIMIT 1   [ RunTime:0.0002s ]
SQL: SELECT * FROM `wb_category` WHERE ( id='11' ) LIMIT 1   [ RunTime:0.0002s ]

[ 2017-09-03T09:14:26+08:00 ] 49.66.92.38 /Home/WxOpt/getOpenid
INFO: [ app_init ] --START--
INFO: Run Behavior\BuildLiteBehavior [ RunTime:0.000020s ]
INFO: [ app_init ] --END-- [ RunTime:0.000523s ]
INFO: [ app_begin ] --START--
INFO: Run Behavior\ReadHtmlCacheBehavior [ RunTime:0.000791s ]
INFO: [ app_begin ] --END-- [ RunTime:0.000882s ]
NOTIC: [2] curl_setopt(): CURLOPT_FOLLOWLOCATION cannot be activated when an open_basedir is set /data/www/smalltown/Application/Home/Common/function.php 第 29 行.

[ 2017-09-03T09:14:32+08:00 ] 49.66.92.38 /Home/Ticket/index
INFO: [ app_init ] --START--
INFO: Run Behavior\BuildLiteBehavior [ RunTime:0.000025s ]
INFO: [ app_init ] --END-- [ RunTime:0.000620s ]
INFO: [ app_begin ] --START--
INFO: Run Behavior\ReadHtmlCacheBehavior [ RunTime:0.000811s ]
INFO: [ app_begin ] --END-- [ RunTime:0.000902s ]
SQL: SHOW COLUMNS FROM `wb_ticket` [ RunTime:0.0006s ]
SQL: SELECT * FROM `wb_ticket`  [ RunTime:0.0002s ]

[ 2017-09-03T09:14:33+08:00 ] 49.66.92.38 /Home/WxOpt/getOpenid
INFO: [ app_init ] --START--
INFO: Run Behavior\BuildLiteBehavior [ RunTime:0.000021s ]
INFO: [ app_init ] --END-- [ RunTime:0.000598s ]
INFO: [ app_begin ] --START--
INFO: Run Behavior\ReadHtmlCacheBehavior [ RunTime:0.000831s ]
INFO: [ app_begin ] --END-- [ RunTime:0.000941s ]
NOTIC: [2] curl_setopt(): CURLOPT_FOLLOWLOCATION cannot be activated when an open_basedir is set /data/www/smalltown/Application/Home/Common/function.php 第 29 行.

[ 2017-09-03T09:14:39+08:00 ] 49.66.92.38 /Home/WxOpt/getOpenid
INFO: [ app_init ] --START--
INFO: Run Behavior\BuildLiteBehavior [ RunTime:0.000034s ]
INFO: [ app_init ] --END-- [ RunTime:0.000539s ]
INFO: [ app_begin ] --START--
INFO: Run Behavior\ReadHtmlCacheBehavior [ RunTime:0.000845s ]
INFO: [ app_begin ] --END-- [ RunTime:0.000936s ]
NOTIC: [2] curl_setopt(): CURLOPT_FOLLOWLOCATION cannot be activated when an open_basedir is set /data/www/smalltown/Application/Home/Common/function.php 第 29 行.

[ 2017-09-03T09:14:57+08:00 ] 49.66.92.38 /Home/Index/articleDetail/id/18
INFO: [ app_init ] --START--
INFO: Run Behavior\BuildLiteBehavior [ RunTime:0.000021s ]
INFO: [ app_init ] --END-- [ RunTime:0.000596s ]
INFO: [ app_begin ] --START--
INFO: Run Behavior\ReadHtmlCacheBehavior [ RunTime:0.000848s ]
INFO: [ app_begin ] --END-- [ RunTime:0.000944s ]
SQL: SHOW COLUMNS FROM `wb_micro_article` [ RunTime:0.0007s ]
SQL: SHOW COLUMNS FROM `wb_category` [ RunTime:0.0004s ]
SQL: SELECT * FROM `wb_micro_article` WHERE ( id='18' ) LIMIT 1   [ RunTime:0.0002s ]
SQL: SELECT * FROM `wb_category` WHERE ( id='21' ) LIMIT 1   [ RunTime:0.0002s ]

[ 2017-09-03T09:14:58+08:00 ] 49.66.92.38 /Home/WxOpt/getOpenid
INFO: [ app_init ] --START--
INFO: Run Behavior\BuildLiteBehavior [ RunTime:0.000026s ]
INFO: [ app_init ] --END-- [ RunTime:0.000570s ]
INFO: [ app_begin ] --START--
INFO: Run Behavior\ReadHtmlCacheBehavior [ RunTime:0.000826s ]
INFO: [ app_begin ] --END-- [ RunTime:0.000919s ]
NOTIC: [2] curl_setopt(): CURLOPT_FOLLOWLOCATION cannot be activated when an open_basedir is set /data/www/smalltown/Application/Home/Common/function.php 第 29 行.

[ 2017-09-03T09:15:10+08:00 ] 49.66.92.38 /Home/WxOpt/getOpenid
INFO: [ app_init ] --START--
INFO: Run Behavior\BuildLiteBehavior [ RunTime:0.000023s ]
INFO: [ app_init ] --END-- [ RunTime:0.000570s ]
INFO: [ app_begin ] --START--
INFO: Run Behavior\ReadHtmlCacheBehavior [ RunTime:0.000979s ]
INFO: [ app_begin ] --END-- [ RunTime:0.001101s ]
NOTIC: [2] curl_setopt(): CURLOPT_FOLLOWLOCATION cannot be activated when an open_basedir is set /data/www/smalltown/Application/Home/Common/function.php 第 29 行.

[ 2017-09-03T09:15:21+08:00 ] 49.66.92.38 /Home/WxOpt/getOpenid
INFO: [ app_init ] --START--
INFO: Run Behavior\BuildLiteBehavior [ RunTime:0.000030s ]
INFO: [ app_init ] --END-- [ RunTime:0.000607s ]
INFO: [ app_begin ] --START--
INFO: Run Behavior\ReadHtmlCacheBehavior [ RunTime:0.000885s ]
INFO: [ app_begin ] --END-- [ RunTime:0.000989s ]
NOTIC: [2] curl_setopt(): CURLOPT_FOLLOWLOCATION cannot be activated when an open_basedir is set /data/www/smalltown/Application/Home/Common/function.php 第 29 行.

[ 2017-09-03T09:15:26+08:00 ] 49.66.92.38 /Home/WxOpt/getOpenid
INFO: [ app_init ] --START--
INFO: Run Behavior\BuildLiteBehavior [ RunTime:0.000022s ]
INFO: [ app_init ] --END-- [ RunTime:0.000545s ]
INFO: [ app_begin ] --START--
INFO: Run Behavior\ReadHtmlCacheBehavior [ RunTime:0.000785s ]
INFO: [ app_begin ] --END-- [ RunTime:0.000883s ]
NOTIC: [2] curl_setopt(): CURLOPT_FOLLOWLOCATION cannot be activated when an open_basedir is set /data/www/smalltown/Application/Home/Common/function.php 第 29 行.

[ 2017-09-03T09:15:30+08:00 ] 49.66.92.38 /Home/WxOpt/getOpenid
INFO: [ app_init ] --START--
INFO: Run Behavior\BuildLiteBehavior [ RunTime:0.000022s ]
INFO: [ app_init ] --END-- [ RunTime:0.000531s ]
INFO: [ app_begin ] --START--
INFO: Run Behavior\ReadHtmlCacheBehavior [ RunTime:0.000802s ]
INFO: [ app_begin ] --END-- [ RunTime:0.000895s ]
NOTIC: [2] curl_setopt(): CURLOPT_FOLLOWLOCATION cannot be activated when an open_basedir is set /data/www/smalltown/Application/Home/Common/function.php 第 29 行.

[ 2017-09-03T10:48:40+08:00 ] 49.66.92.38 /Home/WxOpt/getOpenid
INFO: [ app_init ] --START--
INFO: Run Behavior\BuildLiteBehavior [ RunTime:0.000037s ]
INFO: [ app_init ] --END-- [ RunTime:0.000651s ]
INFO: [ app_begin ] --START--
INFO: Run Behavior\ReadHtmlCacheBehavior [ RunTime:0.000804s ]
INFO: [ app_begin ] --END-- [ RunTime:0.000905s ]
NOTIC: [2] curl_setopt(): CURLOPT_FOLLOWLOCATION cannot be activated when an open_basedir is set /data/www/smalltown/Application/Home/Common/function.php 第 29 行.

[ 2017-09-03T11:02:22+08:00 ] 183.210.60.210 /Home/WxOpt/getOpenid
INFO: [ app_init ] --START--
INFO: Run Behavior\BuildLiteBehavior [ RunTime:0.000024s ]
INFO: [ app_init ] --END-- [ RunTime:0.000552s ]
INFO: [ app_begin ] --START--
INFO: Run Behavior\ReadHtmlCacheBehavior [ RunTime:0.000870s ]
INFO: [ app_begin ] --END-- [ RunTime:0.000964s ]
NOTIC: [2] curl_setopt(): CURLOPT_FOLLOWLOCATION cannot be activated when an open_basedir is set /data/www/smalltown/Application/Home/Common/function.php 第 29 行.

[ 2017-09-03T11:02:28+08:00 ] 183.210.60.210 /Home/Index/articleDetail/id/33
INFO: [ app_init ] --START--
INFO: Run Behavior\BuildLiteBehavior [ RunTime:0.000021s ]
INFO: [ app_init ] --END-- [ RunTime:0.000577s ]
INFO: [ app_begin ] --START--
INFO: Run Behavior\ReadHtmlCacheBehavior [ RunTime:0.000820s ]
INFO: [ app_begin ] --END-- [ RunTime:0.000910s ]
SQL: SHOW COLUMNS FROM `wb_micro_article` [ RunTime:0.0005s ]
SQL: SHOW COLUMNS FROM `wb_category` [ RunTime:0.0004s ]
SQL: SELECT * FROM `wb_micro_article` WHERE ( id='33' ) LIMIT 1   [ RunTime:0.0002s ]
SQL: SELECT * FROM `wb_category` WHERE ( id='11' ) LIMIT 1   [ RunTime:0.0002s ]

[ 2017-09-03T11:02:38+08:00 ] 183.210.60.210 /Home/Ticket/index
INFO: [ app_init ] --START--
INFO: Run Behavior\BuildLiteBehavior [ RunTime:0.000022s ]
INFO: [ app_init ] --END-- [ RunTime:0.000526s ]
INFO: [ app_begin ] --START--
INFO: Run Behavior\ReadHtmlCacheBehavior [ RunTime:0.000762s ]
INFO: [ app_begin ] --END-- [ RunTime:0.000854s ]
SQL: SHOW COLUMNS FROM `wb_ticket` [ RunTime:0.0006s ]
SQL: SELECT * FROM `wb_ticket`  [ RunTime:0.0002s ]

[ 2017-09-03T11:02:39+08:00 ] 183.210.60.210 /Home/WxOpt/getOpenid
INFO: [ app_init ] --START--
INFO: Run Behavior\BuildLiteBehavior [ RunTime:0.000021s ]
INFO: [ app_init ] --END-- [ RunTime:0.000537s ]
INFO: [ app_begin ] --START--
INFO: Run Behavior\ReadHtmlCacheBehavior [ RunTime:0.000834s ]
INFO: [ app_begin ] --END-- [ RunTime:0.000944s ]
NOTIC: [2] curl_setopt(): CURLOPT_FOLLOWLOCATION cannot be activated when an open_basedir is set /data/www/smalltown/Application/Home/Common/function.php 第 29 行.

[ 2017-09-03T11:59:46+08:00 ] 223.104.145.2 /Home/WxOpt/getOpenid
INFO: [ app_init ] --START--
INFO: Run Behavior\BuildLiteBehavior [ RunTime:0.000028s ]
INFO: [ app_init ] --END-- [ RunTime:0.000554s ]
INFO: [ app_begin ] --START--
INFO: Run Behavior\ReadHtmlCacheBehavior [ RunTime:0.000833s ]
INFO: [ app_begin ] --END-- [ RunTime:0.000943s ]
NOTIC: [2] curl_setopt(): CURLOPT_FOLLOWLOCATION cannot be activated when an open_basedir is set /data/www/smalltown/Application/Home/Common/function.php 第 29 行.

[ 2017-09-03T11:59:48+08:00 ] 223.104.145.2 /Home/Index/articleDetail/id/18
INFO: [ app_init ] --START--
INFO: Run Behavior\BuildLiteBehavior [ RunTime:0.000022s ]
INFO: [ app_init ] --END-- [ RunTime:0.000547s ]
INFO: [ app_begin ] --START--
INFO: Run Behavior\ReadHtmlCacheBehavior [ RunTime:0.000840s ]
INFO: [ app_begin ] --END-- [ RunTime:0.000935s ]
SQL: SHOW COLUMNS FROM `wb_micro_article` [ RunTime:0.0006s ]
SQL: SHOW COLUMNS FROM `wb_category` [ RunTime:0.0004s ]
SQL: SELECT * FROM `wb_micro_article` WHERE ( id='18' ) LIMIT 1   [ RunTime:0.0002s ]
SQL: SELECT * FROM `wb_category` WHERE ( id='21' ) LIMIT 1   [ RunTime:0.0002s ]

[ 2017-09-03T14:28:35+08:00 ] 180.113.18.180 /Home/WxOpt/getOpenid
INFO: [ app_init ] --START--
INFO: Run Behavior\BuildLiteBehavior [ RunTime:0.000022s ]
INFO: [ app_init ] --END-- [ RunTime:0.000572s ]
INFO: [ app_begin ] --START--
INFO: Run Behavior\ReadHtmlCacheBehavior [ RunTime:0.000801s ]
INFO: [ app_begin ] --END-- [ RunTime:0.000905s ]
NOTIC: [2] curl_setopt(): CURLOPT_FOLLOWLOCATION cannot be activated when an open_basedir is set /data/www/smalltown/Application/Home/Common/function.php 第 29 行.

[ 2017-09-03T14:35:03+08:00 ] 180.113.18.180 /Home/WxOpt/getOpenid
INFO: [ app_init ] --START--
INFO: Run Behavior\BuildLiteBehavior [ RunTime:0.000023s ]
INFO: [ app_init ] --END-- [ RunTime:0.000630s ]
INFO: [ app_begin ] --START--
INFO: Run Behavior\ReadHtmlCacheBehavior [ RunTime:0.000953s ]
INFO: [ app_begin ] --END-- [ RunTime:0.001051s ]
NOTIC: [2] curl_setopt(): CURLOPT_FOLLOWLOCATION cannot be activated when an open_basedir is set /data/www/smalltown/Application/Home/Common/function.php 第 29 行.

[ 2017-09-03T14:36:23+08:00 ] 180.113.18.180 /Home/WxOpt/getOpenid
INFO: [ app_init ] --START--
INFO: Run Behavior\BuildLiteBehavior [ RunTime:0.000023s ]
INFO: [ app_init ] --END-- [ RunTime:0.000563s ]
INFO: [ app_begin ] --START--
INFO: Run Behavior\ReadHtmlCacheBehavior [ RunTime:0.000825s ]
INFO: [ app_begin ] --END-- [ RunTime:0.000920s ]
NOTIC: [2] curl_setopt(): CURLOPT_FOLLOWLOCATION cannot be activated when an open_basedir is set /data/www/smalltown/Application/Home/Common/function.php 第 29 行.

[ 2017-09-03T14:36:27+08:00 ] 180.113.18.180 /Home/Ticket/index
INFO: [ app_init ] --START--
INFO: Run Behavior\BuildLiteBehavior [ RunTime:0.000024s ]
INFO: [ app_init ] --END-- [ RunTime:0.000546s ]
INFO: [ app_begin ] --START--
INFO: Run Behavior\ReadHtmlCacheBehavior [ RunTime:0.000838s ]
INFO: [ app_begin ] --END-- [ RunTime:0.000973s ]
SQL: SHOW COLUMNS FROM `wb_ticket` [ RunTime:0.0006s ]
SQL: SELECT * FROM `wb_ticket`  [ RunTime:0.0002s ]

[ 2017-09-03T14:36:29+08:00 ] 180.113.18.180 /Home/Ticket/detail/id/5
INFO: [ app_init ] --START--
INFO: Run Behavior\BuildLiteBehavior [ RunTime:0.000023s ]
INFO: [ app_init ] --END-- [ RunTime:0.000645s ]
INFO: [ app_begin ] --START--
INFO: Run Behavior\ReadHtmlCacheBehavior [ RunTime:0.000979s ]
INFO: [ app_begin ] --END-- [ RunTime:0.001073s ]
SQL: SHOW COLUMNS FROM `wb_ticket` [ RunTime:0.0006s ]
SQL: SELECT * FROM `wb_ticket` WHERE ( id=5 ) LIMIT 1   [ RunTime:0.0002s ]

[ 2017-09-03T14:36:35+08:00 ] 180.113.18.180 /Home/Pay/pay
INFO: [ app_init ] --START--
INFO: Run Behavior\BuildLiteBehavior [ RunTime:0.000022s ]
INFO: [ app_init ] --END-- [ RunTime:0.000546s ]
INFO: [ app_begin ] --START--
INFO: Run Behavior\ReadHtmlCacheBehavior [ RunTime:0.000858s ]
INFO: [ app_begin ] --END-- [ RunTime:0.000966s ]
SQL: SHOW COLUMNS FROM `wb_buy_ticket_log` [ RunTime:0.0007s ]
SQL: SELECT * FROM `wb_buy_ticket_log` WHERE ( trade_no='MP20170903143635171' AND status=0 ) LIMIT 1   [ RunTime:0.0004s ]
SQL: INSERT INTO `wb_buy_ticket_log` (`trade_no`,`openid`,`t_name`,`single_price`,`use_time`,`count`,`customer`,`phone`,`price`,`ticket_sn`,`buy_time`,`status`) VALUES ('MP20170903143635171','onKDx0Pz7h-QTJGmfww9rzjRnl2Y','测试','0.01','1504454400','1','undefined','undefined','0.01','0','1504420595','0') [ RunTime:0.0180s ]
INFO: [ app_end ] --START--
INFO: Run Behavior\ShowPageTraceBehavior [ RunTime:0.012724s ]
INFO: [ app_end ] --END-- [ RunTime:0.012853s ]

[ 2017-09-03T14:36:39+08:00 ] 180.113.18.180 /Home/TicketOrder/all
INFO: [ app_init ] --START--
INFO: Run Behavior\BuildLiteBehavior [ RunTime:0.000021s ]
INFO: [ app_init ] --END-- [ RunTime:0.000513s ]
INFO: [ app_begin ] --START--
INFO: Run Behavior\ReadHtmlCacheBehavior [ RunTime:0.000782s ]
INFO: [ app_begin ] --END-- [ RunTime:0.000877s ]
SQL: SHOW COLUMNS FROM `wb_buy_ticket_log` [ RunTime:0.0008s ]
SQL: SELECT * FROM `wb_buy_ticket_log` WHERE ( openid='onKDx0Pz7h-QTJGmfww9rzjRnl2Y' ) ORDER BY buy_time desc  [ RunTime:0.0011s ]

[ 2017-09-03T14:37:30+08:00 ] 180.113.18.180 /Home/WxOpt/getOpenid
INFO: [ app_init ] --START--
INFO: Run Behavior\BuildLiteBehavior [ RunTime:0.000023s ]
INFO: [ app_init ] --END-- [ RunTime:0.000584s ]
INFO: [ app_begin ] --START--
INFO: Run Behavior\ReadHtmlCacheBehavior [ RunTime:0.000941s ]
INFO: [ app_begin ] --END-- [ RunTime:0.001050s ]
NOTIC: [2] curl_setopt(): CURLOPT_FOLLOWLOCATION cannot be activated when an open_basedir is set /data/www/smalltown/Application/Home/Common/function.php 第 29 行.

[ 2017-09-03T14:37:34+08:00 ] 180.113.18.180 /Home/Ticket/index
INFO: [ app_init ] --START--
INFO: Run Behavior\BuildLiteBehavior [ RunTime:0.000021s ]
INFO: [ app_init ] --END-- [ RunTime:0.000544s ]
INFO: [ app_begin ] --START--
INFO: Run Behavior\ReadHtmlCacheBehavior [ RunTime:0.001002s ]
INFO: [ app_begin ] --END-- [ RunTime:0.001144s ]
SQL: SHOW COLUMNS FROM `wb_ticket` [ RunTime:0.0008s ]
SQL: SELECT * FROM `wb_ticket`  [ RunTime:0.0003s ]

[ 2017-09-03T14:37:36+08:00 ] 180.113.18.180 /Home/Ticket/detail/id/5
INFO: [ app_init ] --START--
INFO: Run Behavior\BuildLiteBehavior [ RunTime:0.000021s ]
INFO: [ app_init ] --END-- [ RunTime:0.000567s ]
INFO: [ app_begin ] --START--
INFO: Run Behavior\ReadHtmlCacheBehavior [ RunTime:0.000825s ]
INFO: [ app_begin ] --END-- [ RunTime:0.000932s ]
SQL: SHOW COLUMNS FROM `wb_ticket` [ RunTime:0.0006s ]
SQL: SELECT * FROM `wb_ticket` WHERE ( id=5 ) LIMIT 1   [ RunTime:0.0003s ]

[ 2017-09-03T14:37:47+08:00 ] 180.113.18.180 /Home/Ticket/detail/id/5
INFO: [ app_init ] --START--
INFO: Run Behavior\BuildLiteBehavior [ RunTime:0.000023s ]
INFO: [ app_init ] --END-- [ RunTime:0.000543s ]
INFO: [ app_begin ] --START--
INFO: Run Behavior\ReadHtmlCacheBehavior [ RunTime:0.000780s ]
INFO: [ app_begin ] --END-- [ RunTime:0.000872s ]
SQL: SHOW COLUMNS FROM `wb_ticket` [ RunTime:0.0006s ]
SQL: SELECT * FROM `wb_ticket` WHERE ( id=5 ) LIMIT 1   [ RunTime:0.0003s ]

[ 2017-09-03T14:38:19+08:00 ] 180.113.18.180 /Home/WxOpt/getOpenid
INFO: [ app_init ] --START--
INFO: Run Behavior\BuildLiteBehavior [ RunTime:0.000030s ]
INFO: [ app_init ] --END-- [ RunTime:0.000552s ]
INFO: [ app_begin ] --START--
INFO: Run Behavior\ReadHtmlCacheBehavior [ RunTime:0.000792s ]
INFO: [ app_begin ] --END-- [ RunTime:0.000889s ]
NOTIC: [2] curl_setopt(): CURLOPT_FOLLOWLOCATION cannot be activated when an open_basedir is set /data/www/smalltown/Application/Home/Common/function.php 第 29 行.

[ 2017-09-03T14:39:50+08:00 ] 180.113.18.180 /Home/WxOpt/getOpenid
INFO: [ app_init ] --START--
INFO: Run Behavior\BuildLiteBehavior [ RunTime:0.000021s ]
INFO: [ app_init ] --END-- [ RunTime:0.000536s ]
INFO: [ app_begin ] --START--
INFO: Run Behavior\ReadHtmlCacheBehavior [ RunTime:0.000773s ]
INFO: [ app_begin ] --END-- [ RunTime:0.000868s ]
NOTIC: [2] curl_setopt(): CURLOPT_FOLLOWLOCATION cannot be activated when an open_basedir is set /data/www/smalltown/Application/Home/Common/function.php 第 29 行.

[ 2017-09-03T14:39:55+08:00 ] 180.113.18.180 /Home/Ticket/index
INFO: [ app_init ] --START--
INFO: Run Behavior\BuildLiteBehavior [ RunTime:0.000023s ]
INFO: [ app_init ] --END-- [ RunTime:0.000562s ]
INFO: [ app_begin ] --START--
INFO: Run Behavior\ReadHtmlCacheBehavior [ RunTime:0.000819s ]
INFO: [ app_begin ] --END-- [ RunTime:0.000909s ]
SQL: SHOW COLUMNS FROM `wb_ticket` [ RunTime:0.0006s ]
SQL: SELECT * FROM `wb_ticket`  [ RunTime:0.0003s ]

[ 2017-09-03T14:39:56+08:00 ] 180.113.18.180 /Home/Ticket/detail/id/5
INFO: [ app_init ] --START--
INFO: Run Behavior\BuildLiteBehavior [ RunTime:0.000023s ]
INFO: [ app_init ] --END-- [ RunTime:0.000594s ]
INFO: [ app_begin ] --START--
INFO: Run Behavior\ReadHtmlCacheBehavior [ RunTime:0.000850s ]
INFO: [ app_begin ] --END-- [ RunTime:0.000956s ]
SQL: SHOW COLUMNS FROM `wb_ticket` [ RunTime:0.0006s ]
SQL: SELECT * FROM `wb_ticket` WHERE ( id=5 ) LIMIT 1   [ RunTime:0.0002s ]

[ 2017-09-03T14:40:25+08:00 ] 180.113.18.180 /Home/WxOpt/getOpenid
INFO: [ app_init ] --START--
INFO: Run Behavior\BuildLiteBehavior [ RunTime:0.000022s ]
INFO: [ app_init ] --END-- [ RunTime:0.000540s ]
INFO: [ app_begin ] --START--
INFO: Run Behavior\ReadHtmlCacheBehavior [ RunTime:0.000782s ]
INFO: [ app_begin ] --END-- [ RunTime:0.000886s ]
NOTIC: [2] curl_setopt(): CURLOPT_FOLLOWLOCATION cannot be activated when an open_basedir is set /data/www/smalltown/Application/Home/Common/function.php 第 29 行.

[ 2017-09-03T14:40:27+08:00 ] 180.113.18.180 /Home/Ticket/index
INFO: [ app_init ] --START--
INFO: Run Behavior\BuildLiteBehavior [ RunTime:0.000024s ]
INFO: [ app_init ] --END-- [ RunTime:0.000692s ]
INFO: [ app_begin ] --START--
INFO: Run Behavior\ReadHtmlCacheBehavior [ RunTime:0.001053s ]
INFO: [ app_begin ] --END-- [ RunTime:0.001186s ]
SQL: SHOW COLUMNS FROM `wb_ticket` [ RunTime:0.0006s ]
SQL: SELECT * FROM `wb_ticket`  [ RunTime:0.0002s ]

[ 2017-09-03T14:40:29+08:00 ] 180.113.18.180 /Home/Ticket/detail/id/5
INFO: [ app_init ] --START--
INFO: Run Behavior\BuildLiteBehavior [ RunTime:0.000028s ]
INFO: [ app_init ] --END-- [ RunTime:0.000586s ]
INFO: [ app_begin ] --START--
INFO: Run Behavior\ReadHtmlCacheBehavior [ RunTime:0.000846s ]
INFO: [ app_begin ] --END-- [ RunTime:0.000937s ]
SQL: SHOW COLUMNS FROM `wb_ticket` [ RunTime:0.0006s ]
SQL: SELECT * FROM `wb_ticket` WHERE ( id=5 ) LIMIT 1   [ RunTime:0.0002s ]

[ 2017-09-03T14:43:32+08:00 ] 180.113.18.180 /Home/WxOpt/getOpenid
INFO: [ app_init ] --START--
INFO: Run Behavior\BuildLiteBehavior [ RunTime:0.000025s ]
INFO: [ app_init ] --END-- [ RunTime:0.000589s ]
INFO: [ app_begin ] --START--
INFO: Run Behavior\ReadHtmlCacheBehavior [ RunTime:0.000931s ]
INFO: [ app_begin ] --END-- [ RunTime:0.001037s ]
NOTIC: [2] curl_setopt(): CURLOPT_FOLLOWLOCATION cannot be activated when an open_basedir is set /data/www/smalltown/Application/Home/Common/function.php 第 29 行.

[ 2017-09-03T14:43:35+08:00 ] 180.113.18.180 /Home/Ticket/index
INFO: [ app_init ] --START--
INFO: Run Behavior\BuildLiteBehavior [ RunTime:0.000021s ]
INFO: [ app_init ] --END-- [ RunTime:0.000535s ]
INFO: [ app_begin ] --START--
INFO: Run Behavior\ReadHtmlCacheBehavior [ RunTime:0.000813s ]
INFO: [ app_begin ] --END-- [ RunTime:0.000905s ]
SQL: SHOW COLUMNS FROM `wb_ticket` [ RunTime:0.0006s ]
SQL: SELECT * FROM `wb_ticket`  [ RunTime:0.0002s ]

[ 2017-09-03T14:43:37+08:00 ] 180.113.18.180 /Home/Ticket/detail/id/5
INFO: [ app_init ] --START--
INFO: Run Behavior\BuildLiteBehavior [ RunTime:0.000022s ]
INFO: [ app_init ] --END-- [ RunTime:0.000603s ]
INFO: [ app_begin ] --START--
INFO: Run Behavior\ReadHtmlCacheBehavior [ RunTime:0.000831s ]
INFO: [ app_begin ] --END-- [ RunTime:0.000924s ]
SQL: SHOW COLUMNS FROM `wb_ticket` [ RunTime:0.0006s ]
SQL: SELECT * FROM `wb_ticket` WHERE ( id=5 ) LIMIT 1   [ RunTime:0.0002s ]

[ 2017-09-03T14:45:13+08:00 ] 180.113.18.180 /Home/WxOpt/getOpenid
INFO: [ app_init ] --START--
INFO: Run Behavior\BuildLiteBehavior [ RunTime:0.000026s ]
INFO: [ app_init ] --END-- [ RunTime:0.000569s ]
INFO: [ app_begin ] --START--
INFO: Run Behavior\ReadHtmlCacheBehavior [ RunTime:0.000785s ]
INFO: [ app_begin ] --END-- [ RunTime:0.000882s ]
NOTIC: [2] curl_setopt(): CURLOPT_FOLLOWLOCATION cannot be activated when an open_basedir is set /data/www/smalltown/Application/Home/Common/function.php 第 29 行.

[ 2017-09-03T14:50:11+08:00 ] 180.113.18.180 /Home/Park/query
INFO: [ app_init ] --START--
INFO: Run Behavior\BuildLiteBehavior [ RunTime:0.000021s ]
INFO: [ app_init ] --END-- [ RunTime:0.000517s ]
INFO: [ app_begin ] --START--
INFO: Run Behavior\ReadHtmlCacheBehavior [ RunTime:0.000786s ]
INFO: [ app_begin ] --END-- [ RunTime:0.000913s ]
NOTIC: [2] curl_setopt(): CURLOPT_FOLLOWLOCATION cannot be activated when an open_basedir is set /data/www/smalltown/Application/Home/Common/function.php 第 29 行.

[ 2017-09-03T14:51:46+08:00 ] 183.14.30.125 /Home/WxOpt/getOpenid
INFO: [ app_init ] --START--
INFO: Run Behavior\BuildLiteBehavior [ RunTime:0.000034s ]
INFO: [ app_init ] --END-- [ RunTime:0.000543s ]
INFO: [ app_begin ] --START--
INFO: Run Behavior\ReadHtmlCacheBehavior [ RunTime:0.000790s ]
INFO: [ app_begin ] --END-- [ RunTime:0.000886s ]
NOTIC: [2] curl_setopt(): CURLOPT_FOLLOWLOCATION cannot be activated when an open_basedir is set /data/www/smalltown/Application/Home/Common/function.php 第 29 行.

[ 2017-09-03T14:51:57+08:00 ] 183.14.30.125 /Home/Index/articleDetail/id/33
INFO: [ app_init ] --START--
INFO: Run Behavior\BuildLiteBehavior [ RunTime:0.000021s ]
INFO: [ app_init ] --END-- [ RunTime:0.000534s ]
INFO: [ app_begin ] --START--
INFO: Run Behavior\ReadHtmlCacheBehavior [ RunTime:0.000780s ]
INFO: [ app_begin ] --END-- [ RunTime:0.000870s ]
SQL: SHOW COLUMNS FROM `wb_micro_article` [ RunTime:0.0008s ]
SQL: SHOW COLUMNS FROM `wb_category` [ RunTime:0.0006s ]
SQL: SELECT * FROM `wb_micro_article` WHERE ( id='33' ) LIMIT 1   [ RunTime:0.0003s ]
SQL: SELECT * FROM `wb_category` WHERE ( id='11' ) LIMIT 1   [ RunTime:0.0002s ]

[ 2017-09-03T14:52:37+08:00 ] 183.14.30.125 /Home/Index/articleDetail/id/30
INFO: [ app_init ] --START--
INFO: Run Behavior\BuildLiteBehavior [ RunTime:0.000023s ]
INFO: [ app_init ] --END-- [ RunTime:0.000572s ]
INFO: [ app_begin ] --START--
INFO: Run Behavior\ReadHtmlCacheBehavior [ RunTime:0.001012s ]
INFO: [ app_begin ] --END-- [ RunTime:0.001135s ]
SQL: SHOW COLUMNS FROM `wb_micro_article` [ RunTime:0.0006s ]
SQL: SHOW COLUMNS FROM `wb_category` [ RunTime:0.0004s ]
SQL: SELECT * FROM `wb_micro_article` WHERE ( id='30' ) LIMIT 1   [ RunTime:0.0002s ]
SQL: SELECT * FROM `wb_category` WHERE ( id='2' ) LIMIT 1   [ RunTime:0.0002s ]

[ 2017-09-03T14:52:48+08:00 ] 183.14.30.125 /Home/Index/articleDetail/id/13
INFO: [ app_init ] --START--
INFO: Run Behavior\BuildLiteBehavior [ RunTime:0.000021s ]
INFO: [ app_init ] --END-- [ RunTime:0.000644s ]
INFO: [ app_begin ] --START--
INFO: Run Behavior\ReadHtmlCacheBehavior [ RunTime:0.000854s ]
INFO: [ app_begin ] --END-- [ RunTime:0.000949s ]
SQL: SHOW COLUMNS FROM `wb_micro_article` [ RunTime:0.0006s ]
SQL: SHOW COLUMNS FROM `wb_category` [ RunTime:0.0004s ]
SQL: SELECT * FROM `wb_micro_article` WHERE ( id='13' ) LIMIT 1   [ RunTime:0.0002s ]
SQL: SELECT * FROM `wb_category` WHERE ( id='16' ) LIMIT 1   [ RunTime:0.0002s ]

[ 2017-09-03T14:52:53+08:00 ] 183.14.30.125 /Home/Index/articleDetail/id/12
INFO: [ app_init ] --START--
INFO: Run Behavior\BuildLiteBehavior [ RunTime:0.000023s ]
INFO: [ app_init ] --END-- [ RunTime:0.000655s ]
INFO: [ app_begin ] --START--
INFO: Run Behavior\ReadHtmlCacheBehavior [ RunTime:0.000800s ]
INFO: [ app_begin ] --END-- [ RunTime:0.000894s ]
SQL: SHOW COLUMNS FROM `wb_micro_article` [ RunTime:0.0006s ]
SQL: SHOW COLUMNS FROM `wb_category` [ RunTime:0.0004s ]
SQL: SELECT * FROM `wb_micro_article` WHERE ( id='12' ) LIMIT 1   [ RunTime:0.0002s ]
SQL: SELECT * FROM `wb_category` WHERE ( id='15' ) LIMIT 1   [ RunTime:0.0002s ]

[ 2017-09-03T14:52:58+08:00 ] 183.14.30.125 /Home/Index/articleDetail/id/15
INFO: [ app_init ] --START--
INFO: Run Behavior\BuildLiteBehavior [ RunTime:0.000022s ]
INFO: [ app_init ] --END-- [ RunTime:0.000549s ]
INFO: [ app_begin ] --START--
INFO: Run Behavior\ReadHtmlCacheBehavior [ RunTime:0.000892s ]
INFO: [ app_begin ] --END-- [ RunTime:0.000995s ]
SQL: SHOW COLUMNS FROM `wb_micro_article` [ RunTime:0.0006s ]
SQL: SHOW COLUMNS FROM `wb_category` [ RunTime:0.0004s ]
SQL: SELECT * FROM `wb_micro_article` WHERE ( id='15' ) LIMIT 1   [ RunTime:0.0002s ]
SQL: SELECT * FROM `wb_category` WHERE ( id='13' ) LIMIT 1   [ RunTime:0.0002s ]

[ 2017-09-03T14:53:12+08:00 ] 183.14.30.125 /Home/Index/articleDetail/id/16
INFO: [ app_init ] --START--
INFO: Run Behavior\BuildLiteBehavior [ RunTime:0.000056s ]
INFO: [ app_init ] --END-- [ RunTime:0.000623s ]
INFO: [ app_begin ] --START--
INFO: Run Behavior\ReadHtmlCacheBehavior [ RunTime:0.000878s ]
INFO: [ app_begin ] --END-- [ RunTime:0.000970s ]
SQL: SHOW COLUMNS FROM `wb_micro_article` [ RunTime:0.0006s ]
SQL: SHOW COLUMNS FROM `wb_category` [ RunTime:0.0004s ]
SQL: SELECT * FROM `wb_micro_article` WHERE ( id='16' ) LIMIT 1   [ RunTime:0.0002s ]
SQL: SELECT * FROM `wb_category` WHERE ( id='14' ) LIMIT 1   [ RunTime:0.0002s ]

[ 2017-09-03T14:53:17+08:00 ] 183.14.30.125 /Home/Index/articleDetail/id/14
INFO: [ app_init ] --START--
INFO: Run Behavior\BuildLiteBehavior [ RunTime:0.000021s ]
INFO: [ app_init ] --END-- [ RunTime:0.000583s ]
INFO: [ app_begin ] --START--
INFO: Run Behavior\ReadHtmlCacheBehavior [ RunTime:0.000910s ]
INFO: [ app_begin ] --END-- [ RunTime:0.001005s ]
SQL: SHOW COLUMNS FROM `wb_micro_article` [ RunTime:0.0005s ]
SQL: SHOW COLUMNS FROM `wb_category` [ RunTime:0.0004s ]
SQL: SELECT * FROM `wb_micro_article` WHERE ( id='14' ) LIMIT 1   [ RunTime:0.0002s ]
SQL: SELECT * FROM `wb_category` WHERE ( id='12' ) LIMIT 1   [ RunTime:0.0002s ]

[ 2017-09-03T14:53:50+08:00 ] 183.14.30.125 /Home/Index/articleDetail/id/22
INFO: [ app_init ] --START--
INFO: Run Behavior\BuildLiteBehavior [ RunTime:0.000024s ]
INFO: [ app_init ] --END-- [ RunTime:0.000591s ]
INFO: [ app_begin ] --START--
INFO: Run Behavior\ReadHtmlCacheBehavior [ RunTime:0.001298s ]
INFO: [ app_begin ] --END-- [ RunTime:0.001475s ]
SQL: SHOW COLUMNS FROM `wb_micro_article` [ RunTime:0.0006s ]
SQL: SHOW COLUMNS FROM `wb_category` [ RunTime:0.0005s ]
SQL: SELECT * FROM `wb_micro_article` WHERE ( id='22' ) LIMIT 1   [ RunTime:0.0003s ]
SQL: SELECT * FROM `wb_category` WHERE ( id='17' ) LIMIT 1   [ RunTime:0.0002s ]

[ 2017-09-03T14:53:55+08:00 ] 183.14.30.125 /Home/Index/articleDetail/id/23
INFO: [ app_init ] --START--
INFO: Run Behavior\BuildLiteBehavior [ RunTime:0.000021s ]
INFO: [ app_init ] --END-- [ RunTime:0.000521s ]
INFO: [ app_begin ] --START--
INFO: Run Behavior\ReadHtmlCacheBehavior [ RunTime:0.000763s ]
INFO: [ app_begin ] --END-- [ RunTime:0.000885s ]
SQL: SHOW COLUMNS FROM `wb_micro_article` [ RunTime:0.0005s ]
SQL: SHOW COLUMNS FROM `wb_category` [ RunTime:0.0004s ]
SQL: SELECT * FROM `wb_micro_article` WHERE ( id='23' ) LIMIT 1   [ RunTime:0.0003s ]
SQL: SELECT * FROM `wb_category` WHERE ( id='17' ) LIMIT 1   [ RunTime:0.0002s ]

[ 2017-09-03T14:54:06+08:00 ] 183.14.30.125 /Home/Index/articleDetail/id/8
INFO: [ app_init ] --START--
INFO: Run Behavior\BuildLiteBehavior [ RunTime:0.000022s ]
INFO: [ app_init ] --END-- [ RunTime:0.000554s ]
INFO: [ app_begin ] --START--
INFO: Run Behavior\ReadHtmlCacheBehavior [ RunTime:0.000936s ]
INFO: [ app_begin ] --END-- [ RunTime:0.001045s ]
SQL: SHOW COLUMNS FROM `wb_micro_article` [ RunTime:0.0006s ]
SQL: SHOW COLUMNS FROM `wb_category` [ RunTime:0.0004s ]
SQL: SELECT * FROM `wb_micro_article` WHERE ( id='8' ) LIMIT 1   [ RunTime:0.0002s ]
SQL: SELECT * FROM `wb_category` WHERE ( id='20' ) LIMIT 1   [ RunTime:0.0002s ]

[ 2017-09-03T14:54:11+08:00 ] 183.14.30.125 /Home/Index/articleDetail/id/7
INFO: [ app_init ] --START--
INFO: Run Behavior\BuildLiteBehavior [ RunTime:0.000021s ]
INFO: [ app_init ] --END-- [ RunTime:0.000544s ]
INFO: [ app_begin ] --START--
INFO: Run Behavior\ReadHtmlCacheBehavior [ RunTime:0.000793s ]
INFO: [ app_begin ] --END-- [ RunTime:0.000885s ]
SQL: SHOW COLUMNS FROM `wb_micro_article` [ RunTime:0.0005s ]
SQL: SHOW COLUMNS FROM `wb_category` [ RunTime:0.0004s ]
SQL: SELECT * FROM `wb_micro_article` WHERE ( id='7' ) LIMIT 1   [ RunTime:0.0002s ]
SQL: SELECT * FROM `wb_category` WHERE ( id='20' ) LIMIT 1   [ RunTime:0.0002s ]

[ 2017-09-03T14:54:16+08:00 ] 183.14.30.125 /Home/Index/articleDetail/id/6
INFO: [ app_init ] --START--
INFO: Run Behavior\BuildLiteBehavior [ RunTime:0.000020s ]
INFO: [ app_init ] --END-- [ RunTime:0.000544s ]
INFO: [ app_begin ] --START--
INFO: Run Behavior\ReadHtmlCacheBehavior [ RunTime:0.000861s ]
INFO: [ app_begin ] --END-- [ RunTime:0.000953s ]
SQL: SHOW COLUMNS FROM `wb_micro_article` [ RunTime:0.0007s ]
SQL: SHOW COLUMNS FROM `wb_category` [ RunTime:0.0005s ]
SQL: SELECT * FROM `wb_micro_article` WHERE ( id='6' ) LIMIT 1   [ RunTime:0.0002s ]
SQL: SELECT * FROM `wb_category` WHERE ( id='20' ) LIMIT 1   [ RunTime:0.0002s ]

[ 2017-09-03T14:54:28+08:00 ] 183.14.30.125 /Home/Index/articleDetail/id/4
INFO: [ app_init ] --START--
INFO: Run Behavior\BuildLiteBehavior [ RunTime:0.000024s ]
INFO: [ app_init ] --END-- [ RunTime:0.000588s ]
INFO: [ app_begin ] --START--
INFO: Run Behavior\ReadHtmlCacheBehavior [ RunTime:0.001260s ]
INFO: [ app_begin ] --END-- [ RunTime:0.001394s ]
SQL: SHOW COLUMNS FROM `wb_micro_article` [ RunTime:0.0007s ]
SQL: SHOW COLUMNS FROM `wb_category` [ RunTime:0.0004s ]
SQL: SELECT * FROM `wb_micro_article` WHERE ( id='4' ) LIMIT 1   [ RunTime:0.0003s ]
SQL: SELECT * FROM `wb_category` WHERE ( id='18' ) LIMIT 1   [ RunTime:0.0002s ]

[ 2017-09-03T14:54:33+08:00 ] 183.14.30.125 /Home/Index/articleDetail/id/28
INFO: [ app_init ] --START--
INFO: Run Behavior\BuildLiteBehavior [ RunTime:0.000022s ]
INFO: [ app_init ] --END-- [ RunTime:0.000541s ]
INFO: [ app_begin ] --START--
INFO: Run Behavior\ReadHtmlCacheBehavior [ RunTime:0.000787s ]
INFO: [ app_begin ] --END-- [ RunTime:0.000873s ]
SQL: SHOW COLUMNS FROM `wb_micro_article` [ RunTime:0.0005s ]
SQL: SHOW COLUMNS FROM `wb_category` [ RunTime:0.0004s ]
SQL: SELECT * FROM `wb_micro_article` WHERE ( id='28' ) LIMIT 1   [ RunTime:0.0002s ]
SQL: SELECT * FROM `wb_category` WHERE ( id='17' ) LIMIT 1   [ RunTime:0.0002s ]

[ 2017-09-03T14:54:53+08:00 ] 183.14.30.125 /Home/Index/articleDetail/id/10
INFO: [ app_init ] --START--
INFO: Run Behavior\BuildLiteBehavior [ RunTime:0.000021s ]
INFO: [ app_init ] --END-- [ RunTime:0.000595s ]
INFO: [ app_begin ] --START--
INFO: Run Behavior\ReadHtmlCacheBehavior [ RunTime:0.000935s ]
INFO: [ app_begin ] --END-- [ RunTime:0.001033s ]
SQL: SHOW COLUMNS FROM `wb_micro_article` [ RunTime:0.0006s ]
SQL: SHOW COLUMNS FROM `wb_category` [ RunTime:0.0004s ]
SQL: SELECT * FROM `wb_micro_article` WHERE ( id='10' ) LIMIT 1   [ RunTime:0.0002s ]
SQL: SELECT * FROM `wb_category` WHERE ( id='19' ) LIMIT 1   [ RunTime:0.0002s ]

[ 2017-09-03T14:54:58+08:00 ] 183.14.30.125 /Home/Index/articleDetail/id/5
INFO: [ app_init ] --START--
INFO: Run Behavior\BuildLiteBehavior [ RunTime:0.000031s ]
INFO: [ app_init ] --END-- [ RunTime:0.000574s ]
INFO: [ app_begin ] --START--
INFO: Run Behavior\ReadHtmlCacheBehavior [ RunTime:0.000837s ]
INFO: [ app_begin ] --END-- [ RunTime:0.000930s ]
SQL: SHOW COLUMNS FROM `wb_micro_article` [ RunTime:0.0008s ]
SQL: SHOW COLUMNS FROM `wb_category` [ RunTime:0.0004s ]
SQL: SELECT * FROM `wb_micro_article` WHERE ( id='5' ) LIMIT 1   [ RunTime:0.0003s ]
SQL: SELECT * FROM `wb_category` WHERE ( id='19' ) LIMIT 1   [ RunTime:0.0002s ]

[ 2017-09-03T14:55:02+08:00 ] 183.14.30.125 /Home/Index/articleDetail/id/11
INFO: [ app_init ] --START--
INFO: Run Behavior\BuildLiteBehavior [ RunTime:0.000022s ]
INFO: [ app_init ] --END-- [ RunTime:0.000556s ]
INFO: [ app_begin ] --START--
INFO: Run Behavior\ReadHtmlCacheBehavior [ RunTime:0.000831s ]
INFO: [ app_begin ] --END-- [ RunTime:0.000928s ]
SQL: SHOW COLUMNS FROM `wb_micro_article` [ RunTime:0.0006s ]
SQL: SHOW COLUMNS FROM `wb_category` [ RunTime:0.0004s ]
SQL: SELECT * FROM `wb_micro_article` WHERE ( id='11' ) LIMIT 1   [ RunTime:0.0002s ]
SQL: SELECT * FROM `wb_category` WHERE ( id='19' ) LIMIT 1   [ RunTime:0.0002s ]

[ 2017-09-03T14:55:11+08:00 ] 183.14.30.125 /Home/Index/articleDetail/id/9
INFO: [ app_init ] --START--
INFO: Run Behavior\BuildLiteBehavior [ RunTime:0.000021s ]
INFO: [ app_init ] --END-- [ RunTime:0.000551s ]
INFO: [ app_begin ] --START--
INFO: Run Behavior\ReadHtmlCacheBehavior [ RunTime:0.000780s ]
INFO: [ app_begin ] --END-- [ RunTime:0.000885s ]
SQL: SHOW COLUMNS FROM `wb_micro_article` [ RunTime:0.0006s ]
SQL: SHOW COLUMNS FROM `wb_category` [ RunTime:0.0004s ]
SQL: SELECT * FROM `wb_micro_article` WHERE ( id='9' ) LIMIT 1   [ RunTime:0.0003s ]
SQL: SELECT * FROM `wb_category` WHERE ( id='19' ) LIMIT 1   [ RunTime:0.0002s ]

[ 2017-09-03T14:55:21+08:00 ] 183.14.30.125 /Home/Index/articleDetail/id/20
INFO: [ app_init ] --START--
INFO: Run Behavior\BuildLiteBehavior [ RunTime:0.000023s ]
INFO: [ app_init ] --END-- [ RunTime:0.000536s ]
INFO: [ app_begin ] --START--
INFO: Run Behavior\ReadHtmlCacheBehavior [ RunTime:0.000786s ]
INFO: [ app_begin ] --END-- [ RunTime:0.000874s ]
SQL: SHOW COLUMNS FROM `wb_micro_article` [ RunTime:0.0005s ]
SQL: SHOW COLUMNS FROM `wb_category` [ RunTime:0.0004s ]
SQL: SELECT * FROM `wb_micro_article` WHERE ( id='20' ) LIMIT 1   [ RunTime:0.0002s ]
SQL: SELECT * FROM `wb_category` WHERE ( id='17' ) LIMIT 1   [ RunTime:0.0002s ]

[ 2017-09-03T14:55:38+08:00 ] 183.14.30.125 /Home/Index/articleDetail/id/26
INFO: [ app_init ] --START--
INFO: Run Behavior\BuildLiteBehavior [ RunTime:0.000033s ]
INFO: [ app_init ] --END-- [ RunTime:0.000761s ]
INFO: [ app_begin ] --START--
INFO: Run Behavior\ReadHtmlCacheBehavior [ RunTime:0.000935s ]
INFO: [ app_begin ] --END-- [ RunTime:0.001033s ]
SQL: SHOW COLUMNS FROM `wb_micro_article` [ RunTime:0.0006s ]
SQL: SHOW COLUMNS FROM `wb_category` [ RunTime:0.0004s ]
SQL: SELECT * FROM `wb_micro_article` WHERE ( id='26' ) LIMIT 1   [ RunTime:0.0003s ]
SQL: SELECT * FROM `wb_category` WHERE ( id='17' ) LIMIT 1   [ RunTime:0.0002s ]

[ 2017-09-03T14:55:43+08:00 ] 183.14.30.125 /Home/Index/articleDetail/id/21
INFO: [ app_init ] --START--
INFO: Run Behavior\BuildLiteBehavior [ RunTime:0.000049s ]
INFO: [ app_init ] --END-- [ RunTime:0.000608s ]
INFO: [ app_begin ] --START--
INFO: Run Behavior\ReadHtmlCacheBehavior [ RunTime:0.000782s ]
INFO: [ app_begin ] --END-- [ RunTime:0.000872s ]
SQL: SHOW COLUMNS FROM `wb_micro_article` [ RunTime:0.0006s ]
SQL: SHOW COLUMNS FROM `wb_category` [ RunTime:0.0004s ]
SQL: SELECT * FROM `wb_micro_article` WHERE ( id='21' ) LIMIT 1   [ RunTime:0.0002s ]
SQL: SELECT * FROM `wb_category` WHERE ( id='17' ) LIMIT 1   [ RunTime:0.0002s ]

[ 2017-09-03T14:55:48+08:00 ] 183.14.30.125 /Home/Index/articleDetail/id/32
INFO: [ app_init ] --START--
INFO: Run Behavior\BuildLiteBehavior [ RunTime:0.000023s ]
INFO: [ app_init ] --END-- [ RunTime:0.000555s ]
INFO: [ app_begin ] --START--
INFO: Run Behavior\ReadHtmlCacheBehavior [ RunTime:0.000762s ]
INFO: [ app_begin ] --END-- [ RunTime:0.000853s ]
SQL: SHOW COLUMNS FROM `wb_micro_article` [ RunTime:0.0007s ]
SQL: SHOW COLUMNS FROM `wb_category` [ RunTime:0.0004s ]
SQL: SELECT * FROM `wb_micro_article` WHERE ( id='32' ) LIMIT 1   [ RunTime:0.0002s ]
SQL: SELECT * FROM `wb_category` WHERE ( id='1' ) LIMIT 1   [ RunTime:0.0002s ]

[ 2017-09-03T14:55:55+08:00 ] 183.14.30.125 /Home/Index/articleDetail/id/25
INFO: [ app_init ] --START--
INFO: Run Behavior\BuildLiteBehavior [ RunTime:0.000024s ]
INFO: [ app_init ] --END-- [ RunTime:0.000536s ]
INFO: [ app_begin ] --START--
INFO: Run Behavior\ReadHtmlCacheBehavior [ RunTime:0.000947s ]
INFO: [ app_begin ] --END-- [ RunTime:0.001058s ]
SQL: SHOW COLUMNS FROM `wb_micro_article` [ RunTime:0.0006s ]
SQL: SHOW COLUMNS FROM `wb_category` [ RunTime:0.0004s ]
SQL: SELECT * FROM `wb_micro_article` WHERE ( id='25' ) LIMIT 1   [ RunTime:0.0002s ]
SQL: SELECT * FROM `wb_category` WHERE ( id='17' ) LIMIT 1   [ RunTime:0.0003s ]

[ 2017-09-03T14:56:00+08:00 ] 183.14.30.125 /Home/Index/articleDetail/id/24
INFO: [ app_init ] --START--
INFO: Run Behavior\BuildLiteBehavior [ RunTime:0.000021s ]
INFO: [ app_init ] --END-- [ RunTime:0.000679s ]
INFO: [ app_begin ] --START--
INFO: Run Behavior\ReadHtmlCacheBehavior [ RunTime:0.000831s ]
INFO: [ app_begin ] --END-- [ RunTime:0.000924s ]
SQL: SHOW COLUMNS FROM `wb_micro_article` [ RunTime:0.0006s ]
SQL: SHOW COLUMNS FROM `wb_category` [ RunTime:0.0004s ]
SQL: SELECT * FROM `wb_micro_article` WHERE ( id='24' ) LIMIT 1   [ RunTime:0.0002s ]
SQL: SELECT * FROM `wb_category` WHERE ( id='17' ) LIMIT 1   [ RunTime:0.0002s ]

