[ 2017-08-26T15:57:37+08:00 ] 121.235.241.3 /
INFO: [ app_init ] --START--
INFO: Run Behavior\BuildLiteBehavior [ RunTime:0.000024s ]
INFO: [ app_init ] --END-- [ RunTime:0.000556s ]
INFO: [ app_begin ] --START--
INFO: Run Behavior\ReadHtmlCacheBehavior [ RunTime:0.001290s ]
INFO: [ app_begin ] --END-- [ RunTime:0.001446s ]
INFO: [ app_end ] --START--
INFO: Run Behavior\ShowPageTraceBehavior [ RunTime:0.001135s ]
INFO: [ app_end ] --END-- [ RunTime:0.001313s ]

[ 2017-08-26T15:57:43+08:00 ] 121.235.241.3 /index.php
INFO: [ app_init ] --START--
INFO: Run Behavior\BuildLiteBehavior [ RunTime:0.000027s ]
INFO: [ app_init ] --END-- [ RunTime:0.000605s ]
INFO: [ app_begin ] --START--
INFO: Run Behavior\ReadHtmlCacheBehavior [ RunTime:0.000795s ]
INFO: [ app_begin ] --END-- [ RunTime:0.000900s ]
INFO: [ app_end ] --START--
INFO: Run Behavior\ShowPageTraceBehavior [ RunTime:0.000865s ]
INFO: [ app_end ] --END-- [ RunTime:0.000980s ]

[ 2017-08-26T15:58:15+08:00 ] 121.235.241.3 /index.php
INFO: [ app_init ] --START--
INFO: Run Behavior\BuildLiteBehavior [ RunTime:0.000024s ]
INFO: [ app_init ] --END-- [ RunTime:0.000601s ]
INFO: [ app_begin ] --START--
INFO: Run Behavior\ReadHtmlCacheBehavior [ RunTime:0.000930s ]
INFO: [ app_begin ] --END-- [ RunTime:0.001067s ]
INFO: [ app_end ] --START--
INFO: Run Behavior\ShowPageTraceBehavior [ RunTime:0.001075s ]
INFO: [ app_end ] --END-- [ RunTime:0.001214s ]

[ 2017-08-26T15:58:15+08:00 ] 121.235.241.3 /
INFO: [ app_init ] --START--
INFO: Run Behavior\BuildLiteBehavior [ RunTime:0.000022s ]
INFO: [ app_init ] --END-- [ RunTime:0.000600s ]
INFO: [ app_begin ] --START--
INFO: Run Behavior\ReadHtmlCacheBehavior [ RunTime:0.000834s ]
INFO: [ app_begin ] --END-- [ RunTime:0.000945s ]
INFO: [ app_end ] --START--
INFO: Run Behavior\ShowPageTraceBehavior [ RunTime:0.000931s ]
INFO: [ app_end ] --END-- [ RunTime:0.001037s ]

[ 2017-08-26T16:01:51+08:00 ] 121.235.241.3 /index.php
INFO: [ app_init ] --START--
INFO: Run Behavior\BuildLiteBehavior [ RunTime:0.000024s ]
INFO: [ app_init ] --END-- [ RunTime:0.000637s ]
INFO: [ app_begin ] --START--
INFO: Run Behavior\ReadHtmlCacheBehavior [ RunTime:0.000838s ]
INFO: [ app_begin ] --END-- [ RunTime:0.000937s ]
INFO: [ app_end ] --START--
INFO: Run Behavior\ShowPageTraceBehavior [ RunTime:0.000982s ]
INFO: [ app_end ] --END-- [ RunTime:0.001113s ]

[ 2017-08-26T16:01:58+08:00 ] 121.235.241.3 /
INFO: [ app_init ] --START--
INFO: Run Behavior\BuildLiteBehavior [ RunTime:0.000023s ]
INFO: [ app_init ] --END-- [ RunTime:0.000532s ]
INFO: [ app_begin ] --START--
INFO: Run Behavior\ReadHtmlCacheBehavior [ RunTime:0.000827s ]
INFO: [ app_begin ] --END-- [ RunTime:0.000930s ]
INFO: [ app_end ] --START--
INFO: Run Behavior\ShowPageTraceBehavior [ RunTime:0.000815s ]
INFO: [ app_end ] --END-- [ RunTime:0.000920s ]

[ 2017-08-26T16:19:15+08:00 ] 121.235.241.3 /Home/Ticket/index
INFO: [ app_init ] --START--
INFO: Run Behavior\BuildLiteBehavior [ RunTime:0.000022s ]
INFO: [ app_init ] --END-- [ RunTime:0.000525s ]
INFO: [ app_begin ] --START--
INFO: Run Behavior\ReadHtmlCacheBehavior [ RunTime:0.000768s ]
INFO: [ app_begin ] --END-- [ RunTime:0.000862s ]
SQL: SHOW COLUMNS FROM `wb_ticket` [ RunTime:0.0006s ]
SQL: SELECT * FROM `wb_ticket`  [ RunTime:0.0002s ]

[ 2017-08-26T16:19:36+08:00 ] 183.3.239.159 /Home/Ticket/index
INFO: [ app_init ] --START--
INFO: Run Behavior\BuildLiteBehavior [ RunTime:0.000021s ]
INFO: [ app_init ] --END-- [ RunTime:0.000591s ]
INFO: [ app_begin ] --START--
INFO: Run Behavior\ReadHtmlCacheBehavior [ RunTime:0.000786s ]
INFO: [ app_begin ] --END-- [ RunTime:0.000878s ]
SQL: SHOW COLUMNS FROM `wb_ticket` [ RunTime:0.0007s ]
SQL: SELECT * FROM `wb_ticket`  [ RunTime:0.0002s ]

[ 2017-08-26T16:20:33+08:00 ] 121.235.241.3 /Home/Ticket/detail/1
INFO: [ app_init ] --START--
INFO: Run Behavior\BuildLiteBehavior [ RunTime:0.000024s ]
INFO: [ app_init ] --END-- [ RunTime:0.000565s ]
INFO: [ app_begin ] --START--
INFO: Run Behavior\ReadHtmlCacheBehavior [ RunTime:0.000809s ]
INFO: [ app_begin ] --END-- [ RunTime:0.000905s ]

[ 2017-08-26T16:20:38+08:00 ] 121.235.241.3 /Home/Ticket/detail/1
INFO: [ app_init ] --START--
INFO: Run Behavior\BuildLiteBehavior [ RunTime:0.000035s ]
INFO: [ app_init ] --END-- [ RunTime:0.000544s ]
INFO: [ app_begin ] --START--
INFO: Run Behavior\ReadHtmlCacheBehavior [ RunTime:0.000925s ]
INFO: [ app_begin ] --END-- [ RunTime:0.001017s ]

[ 2017-08-26T16:20:49+08:00 ] 121.235.241.3 /Home/Ticket/detail/id/1
INFO: [ app_init ] --START--
INFO: Run Behavior\BuildLiteBehavior [ RunTime:0.000023s ]
INFO: [ app_init ] --END-- [ RunTime:0.000541s ]
INFO: [ app_begin ] --START--
INFO: Run Behavior\ReadHtmlCacheBehavior [ RunTime:0.001037s ]
INFO: [ app_begin ] --END-- [ RunTime:0.001144s ]
SQL: SHOW COLUMNS FROM `wb_ticket` [ RunTime:0.0007s ]
SQL: SELECT * FROM `wb_ticket` WHERE ( id=1 ) LIMIT 1   [ RunTime:0.0003s ]

[ 2017-08-26T16:21:01+08:00 ] 113.108.10.15 /Home/Ticket/detail/id/1
INFO: [ app_init ] --START--
INFO: Run Behavior\BuildLiteBehavior [ RunTime:0.000028s ]
INFO: [ app_init ] --END-- [ RunTime:0.000724s ]
INFO: [ app_begin ] --START--
INFO: Run Behavior\ReadHtmlCacheBehavior [ RunTime:0.001174s ]
INFO: [ app_begin ] --END-- [ RunTime:0.001286s ]
SQL: SHOW COLUMNS FROM `wb_ticket` [ RunTime:0.0009s ]
SQL: SELECT * FROM `wb_ticket` WHERE ( id=1 ) LIMIT 1   [ RunTime:0.0002s ]

[ 2017-08-26T16:21:01+08:00 ] 119.147.207.152 /Home/Ticket/detail/id/1
INFO: [ app_init ] --START--
INFO: Run Behavior\BuildLiteBehavior [ RunTime:0.000026s ]
INFO: [ app_init ] --END-- [ RunTime:0.000644s ]
INFO: [ app_begin ] --START--
INFO: Run Behavior\ReadHtmlCacheBehavior [ RunTime:0.000905s ]
INFO: [ app_begin ] --END-- [ RunTime:0.001038s ]
SQL: SHOW COLUMNS FROM `wb_ticket` [ RunTime:0.0126s ]
SQL: SELECT * FROM `wb_ticket` WHERE ( id=1 ) LIMIT 1   [ RunTime:0.0003s ]

[ 2017-08-26T16:21:10+08:00 ] 101.226.66.178 /Home/Ticket/detail/id/1
INFO: [ app_init ] --START--
INFO: Run Behavior\BuildLiteBehavior [ RunTime:0.000031s ]
INFO: [ app_init ] --END-- [ RunTime:0.000641s ]
INFO: [ app_begin ] --START--
INFO: Run Behavior\ReadHtmlCacheBehavior [ RunTime:0.000930s ]
INFO: [ app_begin ] --END-- [ RunTime:0.001028s ]
SQL: SHOW COLUMNS FROM `wb_ticket` [ RunTime:0.0010s ]
SQL: SELECT * FROM `wb_ticket` WHERE ( id=1 ) LIMIT 1   [ RunTime:0.0003s ]

[ 2017-08-26T16:23:22+08:00 ] 121.235.241.3 /Home/Ticket/index
INFO: [ app_init ] --START--
INFO: Run Behavior\BuildLiteBehavior [ RunTime:0.000024s ]
INFO: [ app_init ] --END-- [ RunTime:0.000634s ]
INFO: [ app_begin ] --START--
INFO: Run Behavior\ReadHtmlCacheBehavior [ RunTime:0.001193s ]
INFO: [ app_begin ] --END-- [ RunTime:0.001302s ]
SQL: SHOW COLUMNS FROM `wb_ticket` [ RunTime:0.0008s ]
SQL: SELECT * FROM `wb_ticket`  [ RunTime:0.0002s ]

[ 2017-08-26T16:27:56+08:00 ] 121.235.241.3 /Home/Pay/pay
INFO: [ app_init ] --START--
INFO: Run Behavior\BuildLiteBehavior [ RunTime:0.000030s ]
INFO: [ app_init ] --END-- [ RunTime:0.000606s ]
INFO: [ app_begin ] --START--
INFO: Run Behavior\ReadHtmlCacheBehavior [ RunTime:0.000874s ]
INFO: [ app_begin ] --END-- [ RunTime:0.000988s ]

[ 2017-08-26T16:28:01+08:00 ] 121.235.241.3 /Home/Ticket/detail/id/1
INFO: [ app_init ] --START--
INFO: Run Behavior\BuildLiteBehavior [ RunTime:0.000030s ]
INFO: [ app_init ] --END-- [ RunTime:0.000767s ]
INFO: [ app_begin ] --START--
INFO: Run Behavior\ReadHtmlCacheBehavior [ RunTime:0.001264s ]
INFO: [ app_begin ] --END-- [ RunTime:0.001476s ]
SQL: SHOW COLUMNS FROM `wb_ticket` [ RunTime:0.0011s ]
SQL: SELECT * FROM `wb_ticket` WHERE ( id=1 ) LIMIT 1   [ RunTime:0.0003s ]

[ 2017-08-26T16:28:37+08:00 ] 119.147.207.152 /Home/Pay/pay
INFO: [ app_init ] --START--
INFO: Run Behavior\BuildLiteBehavior [ RunTime:0.000024s ]
INFO: [ app_init ] --END-- [ RunTime:0.000653s ]
INFO: [ app_begin ] --START--
INFO: Run Behavior\ReadHtmlCacheBehavior [ RunTime:0.000869s ]
INFO: [ app_begin ] --END-- [ RunTime:0.000974s ]

[ 2017-08-26T16:28:47+08:00 ] 180.163.2.118 /Home/Pay/pay
INFO: [ app_init ] --START--
INFO: Run Behavior\BuildLiteBehavior [ RunTime:0.000026s ]
INFO: [ app_init ] --END-- [ RunTime:0.000617s ]
INFO: [ app_begin ] --START--
INFO: Run Behavior\ReadHtmlCacheBehavior [ RunTime:0.001123s ]
INFO: [ app_begin ] --END-- [ RunTime:0.001228s ]

[ 2017-08-26T16:58:57+08:00 ] 121.235.241.3 /Home/Ticket/index
INFO: [ app_init ] --START--
INFO: Run Behavior\BuildLiteBehavior [ RunTime:0.000025s ]
INFO: [ app_init ] --END-- [ RunTime:0.000759s ]
INFO: [ app_begin ] --START--
INFO: Run Behavior\ReadHtmlCacheBehavior [ RunTime:0.000959s ]
INFO: [ app_begin ] --END-- [ RunTime:0.001082s ]
SQL: SHOW COLUMNS FROM `wb_ticket` [ RunTime:0.0007s ]
SQL: SELECT * FROM `wb_ticket`  [ RunTime:0.0003s ]

[ 2017-08-26T17:02:15+08:00 ] 121.235.241.3 /Home/Ticket/detail/id/1
INFO: [ app_init ] --START--
INFO: Run Behavior\BuildLiteBehavior [ RunTime:0.000025s ]
INFO: [ app_init ] --END-- [ RunTime:0.000555s ]
INFO: [ app_begin ] --START--
INFO: Run Behavior\ReadHtmlCacheBehavior [ RunTime:0.000890s ]
INFO: [ app_begin ] --END-- [ RunTime:0.000998s ]
SQL: SHOW COLUMNS FROM `wb_ticket` [ RunTime:0.0009s ]
SQL: SELECT * FROM `wb_ticket` WHERE ( id=1 ) LIMIT 1   [ RunTime:0.0003s ]

[ 2017-08-26T17:04:20+08:00 ] 121.235.241.3 /Home/Ticket/index
INFO: [ app_init ] --START--
INFO: Run Behavior\BuildLiteBehavior [ RunTime:0.000035s ]
INFO: [ app_init ] --END-- [ RunTime:0.000803s ]
INFO: [ app_begin ] --START--
INFO: Run Behavior\ReadHtmlCacheBehavior [ RunTime:0.001243s ]
INFO: [ app_begin ] --END-- [ RunTime:0.001392s ]
SQL: SHOW COLUMNS FROM `wb_ticket` [ RunTime:0.0009s ]
SQL: SELECT * FROM `wb_ticket`  [ RunTime:0.0002s ]

[ 2017-08-26T17:07:16+08:00 ] 121.235.241.3 /Home/Ticket/index
INFO: [ app_init ] --START--
INFO: Run Behavior\BuildLiteBehavior [ RunTime:0.000025s ]
INFO: [ app_init ] --END-- [ RunTime:0.000663s ]
INFO: [ app_begin ] --START--
INFO: Run Behavior\ReadHtmlCacheBehavior [ RunTime:0.000952s ]
INFO: [ app_begin ] --END-- [ RunTime:0.001072s ]
SQL: SHOW COLUMNS FROM `wb_ticket` [ RunTime:0.0010s ]
SQL: SELECT * FROM `wb_ticket`  [ RunTime:0.0003s ]

[ 2017-08-26T17:15:48+08:00 ] 121.235.241.3 /Home/Ticket/index
INFO: [ app_init ] --START--
INFO: Run Behavior\BuildLiteBehavior [ RunTime:0.000022s ]
INFO: [ app_init ] --END-- [ RunTime:0.000579s ]
INFO: [ app_begin ] --START--
INFO: Run Behavior\ReadHtmlCacheBehavior [ RunTime:0.000868s ]
INFO: [ app_begin ] --END-- [ RunTime:0.000962s ]
SQL: SHOW COLUMNS FROM `wb_ticket` [ RunTime:0.0007s ]
SQL: SELECT * FROM `wb_ticket`  [ RunTime:0.0002s ]

[ 2017-08-26T17:16:00+08:00 ] 121.235.241.3 /Home/Ticket/index
INFO: [ app_init ] --START--
INFO: Run Behavior\BuildLiteBehavior [ RunTime:0.000024s ]
INFO: [ app_init ] --END-- [ RunTime:0.000569s ]
INFO: [ app_begin ] --START--
INFO: Run Behavior\ReadHtmlCacheBehavior [ RunTime:0.000823s ]
INFO: [ app_begin ] --END-- [ RunTime:0.000955s ]
SQL: SHOW COLUMNS FROM `wb_ticket` [ RunTime:0.0006s ]
SQL: SELECT * FROM `wb_ticket`  [ RunTime:0.0002s ]

[ 2017-08-26T17:16:28+08:00 ] 121.235.241.3 /Home/Ticket/index
INFO: [ app_init ] --START--
INFO: Run Behavior\BuildLiteBehavior [ RunTime:0.000036s ]
INFO: [ app_init ] --END-- [ RunTime:0.000566s ]
INFO: [ app_begin ] --START--
INFO: Run Behavior\ReadHtmlCacheBehavior [ RunTime:0.000788s ]
INFO: [ app_begin ] --END-- [ RunTime:0.000888s ]
SQL: SHOW COLUMNS FROM `wb_ticket` [ RunTime:0.0006s ]
SQL: SELECT * FROM `wb_ticket`  [ RunTime:0.0002s ]

[ 2017-08-26T17:17:03+08:00 ] 121.235.241.3 /Home/Ticket/index
INFO: [ app_init ] --START--
INFO: Run Behavior\BuildLiteBehavior [ RunTime:0.000025s ]
INFO: [ app_init ] --END-- [ RunTime:0.000634s ]
INFO: [ app_begin ] --START--
INFO: Run Behavior\ReadHtmlCacheBehavior [ RunTime:0.000857s ]
INFO: [ app_begin ] --END-- [ RunTime:0.000980s ]
SQL: SHOW COLUMNS FROM `wb_ticket` [ RunTime:0.0007s ]
SQL: SELECT * FROM `wb_ticket`  [ RunTime:0.0002s ]

[ 2017-08-26T17:17:46+08:00 ] 121.235.241.3 /Home/Ticket/index
INFO: [ app_init ] --START--
INFO: Run Behavior\BuildLiteBehavior [ RunTime:0.000024s ]
INFO: [ app_init ] --END-- [ RunTime:0.000569s ]
INFO: [ app_begin ] --START--
INFO: Run Behavior\ReadHtmlCacheBehavior [ RunTime:0.000843s ]
INFO: [ app_begin ] --END-- [ RunTime:0.000943s ]
SQL: SHOW COLUMNS FROM `wb_ticket` [ RunTime:0.0007s ]
SQL: SELECT * FROM `wb_ticket`  [ RunTime:0.0002s ]

[ 2017-08-26T17:17:48+08:00 ] 121.235.241.3 /Home/Ticket/detail/id/1
INFO: [ app_init ] --START--
INFO: Run Behavior\BuildLiteBehavior [ RunTime:0.000032s ]
INFO: [ app_init ] --END-- [ RunTime:0.000786s ]
INFO: [ app_begin ] --START--
INFO: Run Behavior\ReadHtmlCacheBehavior [ RunTime:0.000887s ]
INFO: [ app_begin ] --END-- [ RunTime:0.000987s ]
SQL: SHOW COLUMNS FROM `wb_ticket` [ RunTime:0.0009s ]
SQL: SELECT * FROM `wb_ticket` WHERE ( id=1 ) LIMIT 1   [ RunTime:0.0004s ]

[ 2017-08-26T17:18:36+08:00 ] 121.235.241.3 /Home/Ticket/index
INFO: [ app_init ] --START--
INFO: Run Behavior\BuildLiteBehavior [ RunTime:0.000022s ]
INFO: [ app_init ] --END-- [ RunTime:0.000536s ]
INFO: [ app_begin ] --START--
INFO: Run Behavior\ReadHtmlCacheBehavior [ RunTime:0.000979s ]
INFO: [ app_begin ] --END-- [ RunTime:0.001081s ]
SQL: SHOW COLUMNS FROM `wb_ticket` [ RunTime:0.0006s ]
SQL: SELECT * FROM `wb_ticket`  [ RunTime:0.0002s ]

[ 2017-08-26T17:18:38+08:00 ] 121.235.241.3 /Home/Ticket/detail/id/1
INFO: [ app_init ] --START--
INFO: Run Behavior\BuildLiteBehavior [ RunTime:0.000024s ]
INFO: [ app_init ] --END-- [ RunTime:0.000573s ]
INFO: [ app_begin ] --START--
INFO: Run Behavior\ReadHtmlCacheBehavior [ RunTime:0.000802s ]
INFO: [ app_begin ] --END-- [ RunTime:0.000895s ]
SQL: SHOW COLUMNS FROM `wb_ticket` [ RunTime:0.0006s ]
SQL: SELECT * FROM `wb_ticket` WHERE ( id=1 ) LIMIT 1   [ RunTime:0.0002s ]

[ 2017-08-26T17:19:36+08:00 ] 121.235.241.3 /Home/Ticket/index
INFO: [ app_init ] --START--
INFO: Run Behavior\BuildLiteBehavior [ RunTime:0.000021s ]
INFO: [ app_init ] --END-- [ RunTime:0.000604s ]
INFO: [ app_begin ] --START--
INFO: Run Behavior\ReadHtmlCacheBehavior [ RunTime:0.000901s ]
INFO: [ app_begin ] --END-- [ RunTime:0.003020s ]
SQL: SHOW COLUMNS FROM `wb_ticket` [ RunTime:0.0007s ]
SQL: SELECT * FROM `wb_ticket`  [ RunTime:0.0002s ]

[ 2017-08-26T17:19:47+08:00 ] 121.235.241.3 /Home/Ticket/detail/id/1
INFO: [ app_init ] --START--
INFO: Run Behavior\BuildLiteBehavior [ RunTime:0.000034s ]
INFO: [ app_init ] --END-- [ RunTime:0.000886s ]
INFO: [ app_begin ] --START--
INFO: Run Behavior\ReadHtmlCacheBehavior [ RunTime:0.000849s ]
INFO: [ app_begin ] --END-- [ RunTime:0.000967s ]
SQL: SHOW COLUMNS FROM `wb_ticket` [ RunTime:0.0007s ]
SQL: SELECT * FROM `wb_ticket` WHERE ( id=1 ) LIMIT 1   [ RunTime:0.0002s ]

[ 2017-08-26T17:23:10+08:00 ] 121.235.241.3 /Home/Ticket/index
INFO: [ app_init ] --START--
INFO: Run Behavior\BuildLiteBehavior [ RunTime:0.000033s ]
INFO: [ app_init ] --END-- [ RunTime:0.000631s ]
INFO: [ app_begin ] --START--
INFO: Run Behavior\ReadHtmlCacheBehavior [ RunTime:0.000946s ]
INFO: [ app_begin ] --END-- [ RunTime:0.001043s ]
SQL: SHOW COLUMNS FROM `wb_ticket` [ RunTime:0.0007s ]
SQL: SELECT * FROM `wb_ticket`  [ RunTime:0.0002s ]

[ 2017-08-26T17:23:12+08:00 ] 121.235.241.3 /Home/Ticket/detail/id/1
INFO: [ app_init ] --START--
INFO: Run Behavior\BuildLiteBehavior [ RunTime:0.000021s ]
INFO: [ app_init ] --END-- [ RunTime:0.000526s ]
INFO: [ app_begin ] --START--
INFO: Run Behavior\ReadHtmlCacheBehavior [ RunTime:0.000844s ]
INFO: [ app_begin ] --END-- [ RunTime:0.000937s ]
SQL: SHOW COLUMNS FROM `wb_ticket` [ RunTime:0.0012s ]
SQL: SELECT * FROM `wb_ticket` WHERE ( id=1 ) LIMIT 1   [ RunTime:0.0005s ]

[ 2017-08-26T17:23:17+08:00 ] 121.235.241.3 /Home/Ticket/detail/id/1
INFO: [ app_init ] --START--
INFO: Run Behavior\BuildLiteBehavior [ RunTime:0.000023s ]
INFO: [ app_init ] --END-- [ RunTime:0.000568s ]
INFO: [ app_begin ] --START--
INFO: Run Behavior\ReadHtmlCacheBehavior [ RunTime:0.000786s ]
INFO: [ app_begin ] --END-- [ RunTime:0.000898s ]
SQL: SHOW COLUMNS FROM `wb_ticket` [ RunTime:0.0032s ]
SQL: SELECT * FROM `wb_ticket` WHERE ( id=1 ) LIMIT 1   [ RunTime:0.0003s ]

[ 2017-08-26T17:23:53+08:00 ] 121.235.241.3 /Home/Ticket/index
INFO: [ app_init ] --START--
INFO: Run Behavior\BuildLiteBehavior [ RunTime:0.000032s ]
INFO: [ app_init ] --END-- [ RunTime:0.000689s ]
INFO: [ app_begin ] --START--
INFO: Run Behavior\ReadHtmlCacheBehavior [ RunTime:0.001173s ]
INFO: [ app_begin ] --END-- [ RunTime:0.001300s ]
SQL: SHOW COLUMNS FROM `wb_ticket` [ RunTime:0.0007s ]
SQL: SELECT * FROM `wb_ticket`  [ RunTime:0.0003s ]

[ 2017-08-26T17:23:56+08:00 ] 121.235.241.3 /Home/Ticket/detail/id/1
INFO: [ app_init ] --START--
INFO: Run Behavior\BuildLiteBehavior [ RunTime:0.000025s ]
INFO: [ app_init ] --END-- [ RunTime:0.000549s ]
INFO: [ app_begin ] --START--
INFO: Run Behavior\ReadHtmlCacheBehavior [ RunTime:0.000923s ]
INFO: [ app_begin ] --END-- [ RunTime:0.001085s ]
SQL: SHOW COLUMNS FROM `wb_ticket` [ RunTime:0.0007s ]
SQL: SELECT * FROM `wb_ticket` WHERE ( id=1 ) LIMIT 1   [ RunTime:0.0002s ]

[ 2017-08-26T17:24:37+08:00 ] 121.235.241.3 /Home/Ticket/index
INFO: [ app_init ] --START--
INFO: Run Behavior\BuildLiteBehavior [ RunTime:0.000033s ]
INFO: [ app_init ] --END-- [ RunTime:0.000737s ]
INFO: [ app_begin ] --START--
INFO: Run Behavior\ReadHtmlCacheBehavior [ RunTime:0.001092s ]
INFO: [ app_begin ] --END-- [ RunTime:0.001212s ]
SQL: SHOW COLUMNS FROM `wb_ticket` [ RunTime:0.0006s ]
SQL: SELECT * FROM `wb_ticket`  [ RunTime:0.0003s ]

[ 2017-08-26T17:24:39+08:00 ] 121.235.241.3 /Home/Ticket/detail/id/1
INFO: [ app_init ] --START--
INFO: Run Behavior\BuildLiteBehavior [ RunTime:0.000022s ]
INFO: [ app_init ] --END-- [ RunTime:0.000539s ]
INFO: [ app_begin ] --START--
INFO: Run Behavior\ReadHtmlCacheBehavior [ RunTime:0.000864s ]
INFO: [ app_begin ] --END-- [ RunTime:0.000999s ]
SQL: SHOW COLUMNS FROM `wb_ticket` [ RunTime:0.0007s ]
SQL: SELECT * FROM `wb_ticket` WHERE ( id=1 ) LIMIT 1   [ RunTime:0.0002s ]

[ 2017-08-26T17:29:00+08:00 ] 121.235.241.3 /Home/Ticket/index
INFO: [ app_init ] --START--
INFO: Run Behavior\BuildLiteBehavior [ RunTime:0.000025s ]
INFO: [ app_init ] --END-- [ RunTime:0.000610s ]
INFO: [ app_begin ] --START--
INFO: Run Behavior\ReadHtmlCacheBehavior [ RunTime:0.000850s ]
INFO: [ app_begin ] --END-- [ RunTime:0.000953s ]
SQL: SHOW COLUMNS FROM `wb_ticket` [ RunTime:0.0007s ]
SQL: SELECT * FROM `wb_ticket`  [ RunTime:0.0002s ]

[ 2017-08-26T17:29:03+08:00 ] 121.235.241.3 /Home/Ticket/detail/id/1
INFO: [ app_init ] --START--
INFO: Run Behavior\BuildLiteBehavior [ RunTime:0.000031s ]
INFO: [ app_init ] --END-- [ RunTime:0.000629s ]
INFO: [ app_begin ] --START--
INFO: Run Behavior\ReadHtmlCacheBehavior [ RunTime:0.000840s ]
INFO: [ app_begin ] --END-- [ RunTime:0.000935s ]
SQL: SHOW COLUMNS FROM `wb_ticket` [ RunTime:0.0008s ]
SQL: SELECT * FROM `wb_ticket` WHERE ( id=1 ) LIMIT 1   [ RunTime:0.0003s ]

[ 2017-08-26T17:31:09+08:00 ] 121.235.241.3 /Home/Ticket/index
INFO: [ app_init ] --START--
INFO: Run Behavior\BuildLiteBehavior [ RunTime:0.000023s ]
INFO: [ app_init ] --END-- [ RunTime:0.000612s ]
INFO: [ app_begin ] --START--
INFO: Run Behavior\ReadHtmlCacheBehavior [ RunTime:0.000914s ]
INFO: [ app_begin ] --END-- [ RunTime:0.001054s ]
SQL: SHOW COLUMNS FROM `wb_ticket` [ RunTime:0.0007s ]
SQL: SELECT * FROM `wb_ticket`  [ RunTime:0.0002s ]

[ 2017-08-26T17:31:14+08:00 ] 121.235.241.3 /Home/Ticket/detail/id/1
INFO: [ app_init ] --START--
INFO: Run Behavior\BuildLiteBehavior [ RunTime:0.000024s ]
INFO: [ app_init ] --END-- [ RunTime:0.000574s ]
INFO: [ app_begin ] --START--
INFO: Run Behavior\ReadHtmlCacheBehavior [ RunTime:0.001023s ]
INFO: [ app_begin ] --END-- [ RunTime:0.001162s ]
SQL: SHOW COLUMNS FROM `wb_ticket` [ RunTime:0.0008s ]
SQL: SELECT * FROM `wb_ticket` WHERE ( id=1 ) LIMIT 1   [ RunTime:0.0003s ]

[ 2017-08-26T17:31:57+08:00 ] 121.235.241.3 /Home/Ticket/index
INFO: [ app_init ] --START--
INFO: Run Behavior\BuildLiteBehavior [ RunTime:0.000022s ]
INFO: [ app_init ] --END-- [ RunTime:0.000529s ]
INFO: [ app_begin ] --START--
INFO: Run Behavior\ReadHtmlCacheBehavior [ RunTime:0.001389s ]
INFO: [ app_begin ] --END-- [ RunTime:0.001529s ]
SQL: SHOW COLUMNS FROM `wb_ticket` [ RunTime:0.0006s ]
SQL: SELECT * FROM `wb_ticket`  [ RunTime:0.0002s ]

[ 2017-08-26T17:31:59+08:00 ] 121.235.241.3 /Home/Ticket/detail/id/1
INFO: [ app_init ] --START--
INFO: Run Behavior\BuildLiteBehavior [ RunTime:0.000024s ]
INFO: [ app_init ] --END-- [ RunTime:0.000596s ]
INFO: [ app_begin ] --START--
INFO: Run Behavior\ReadHtmlCacheBehavior [ RunTime:0.000828s ]
INFO: [ app_begin ] --END-- [ RunTime:0.000933s ]
SQL: SHOW COLUMNS FROM `wb_ticket` [ RunTime:0.0007s ]
SQL: SELECT * FROM `wb_ticket` WHERE ( id=1 ) LIMIT 1   [ RunTime:0.0002s ]

[ 2017-08-26T17:34:12+08:00 ] 121.235.241.3 /Home/Ticket/index
INFO: [ app_init ] --START--
INFO: Run Behavior\BuildLiteBehavior [ RunTime:0.000025s ]
INFO: [ app_init ] --END-- [ RunTime:0.000628s ]
INFO: [ app_begin ] --START--
INFO: Run Behavior\ReadHtmlCacheBehavior [ RunTime:0.000925s ]
INFO: [ app_begin ] --END-- [ RunTime:0.001055s ]
SQL: SHOW COLUMNS FROM `wb_ticket` [ RunTime:0.0007s ]
SQL: SELECT * FROM `wb_ticket`  [ RunTime:0.0002s ]

[ 2017-08-26T17:34:14+08:00 ] 121.235.241.3 /Home/Ticket/detail/id/1
INFO: [ app_init ] --START--
INFO: Run Behavior\BuildLiteBehavior [ RunTime:0.000065s ]
INFO: [ app_init ] --END-- [ RunTime:0.000734s ]
INFO: [ app_begin ] --START--
INFO: Run Behavior\ReadHtmlCacheBehavior [ RunTime:0.001290s ]
INFO: [ app_begin ] --END-- [ RunTime:0.001452s ]
SQL: SHOW COLUMNS FROM `wb_ticket` [ RunTime:0.0007s ]
SQL: SELECT * FROM `wb_ticket` WHERE ( id=1 ) LIMIT 1   [ RunTime:0.0002s ]

[ 2017-08-26T17:34:18+08:00 ] 121.235.241.3 /Home/Pay/pay?openid=&t_name=undefined&use_time=&phone=undefined&count=1&price=20.00
INFO: [ app_init ] --START--
INFO: Run Behavior\BuildLiteBehavior [ RunTime:0.000022s ]
INFO: [ app_init ] --END-- [ RunTime:0.000561s ]
INFO: [ app_begin ] --START--
INFO: Run Behavior\ReadHtmlCacheBehavior [ RunTime:0.000808s ]
INFO: [ app_begin ] --END-- [ RunTime:0.000918s ]

[ 2017-08-26T17:34:34+08:00 ] 121.235.241.3 /Home/Pay/pay?openid=&t_name=undefined&use_time=&phone=undefined&count=1&price=20.00
INFO: [ app_init ] --START--
INFO: Run Behavior\BuildLiteBehavior [ RunTime:0.000023s ]
INFO: [ app_init ] --END-- [ RunTime:0.000563s ]
INFO: [ app_begin ] --START--
INFO: Run Behavior\ReadHtmlCacheBehavior [ RunTime:0.000813s ]
INFO: [ app_begin ] --END-- [ RunTime:0.000921s ]

[ 2017-08-26T17:56:38+08:00 ] 121.235.241.3 /Home/Ticket/index
INFO: [ app_init ] --START--
INFO: Run Behavior\BuildLiteBehavior [ RunTime:0.000034s ]
INFO: [ app_init ] --END-- [ RunTime:0.000711s ]
INFO: [ app_begin ] --START--
INFO: Run Behavior\ReadHtmlCacheBehavior [ RunTime:0.000847s ]
INFO: [ app_begin ] --END-- [ RunTime:0.000953s ]
SQL: SHOW COLUMNS FROM `wb_ticket` [ RunTime:0.0007s ]
SQL: SELECT * FROM `wb_ticket`  [ RunTime:0.0002s ]

[ 2017-08-26T17:56:40+08:00 ] 121.235.241.3 /Home/Ticket/detail/id/1
INFO: [ app_init ] --START--
INFO: Run Behavior\BuildLiteBehavior [ RunTime:0.000023s ]
INFO: [ app_init ] --END-- [ RunTime:0.000591s ]
INFO: [ app_begin ] --START--
INFO: Run Behavior\ReadHtmlCacheBehavior [ RunTime:0.001177s ]
INFO: [ app_begin ] --END-- [ RunTime:0.001406s ]
SQL: SHOW COLUMNS FROM `wb_ticket` [ RunTime:0.0007s ]
SQL: SELECT * FROM `wb_ticket` WHERE ( id=1 ) LIMIT 1   [ RunTime:0.0003s ]

[ 2017-08-26T17:56:44+08:00 ] 121.235.241.3 /Home/Pay/pay?openid=&t_name=undefined&use_time=&phone=undefined&count=1&price=20.00
INFO: [ app_init ] --START--
INFO: Run Behavior\BuildLiteBehavior [ RunTime:0.000030s ]
INFO: [ app_init ] --END-- [ RunTime:0.000769s ]
INFO: [ app_begin ] --START--
INFO: Run Behavior\ReadHtmlCacheBehavior [ RunTime:0.000907s ]
INFO: [ app_begin ] --END-- [ RunTime:0.001043s ]

[ 2017-08-26T17:58:41+08:00 ] 121.235.241.3 /Home/Pay/pay?openid=&t_name=aaa&use_time=08-27&phone=aaa&count=2&price=40
INFO: [ app_init ] --START--
INFO: Run Behavior\BuildLiteBehavior [ RunTime:0.000025s ]
INFO: [ app_init ] --END-- [ RunTime:0.000591s ]
INFO: [ app_begin ] --START--
INFO: Run Behavior\ReadHtmlCacheBehavior [ RunTime:0.000802s ]
INFO: [ app_begin ] --END-- [ RunTime:0.000906s ]

[ 2017-08-26T17:59:25+08:00 ] 222.191.203.241 /Home/Ticket/index
INFO: [ app_init ] --START--
INFO: Run Behavior\BuildLiteBehavior [ RunTime:0.000024s ]
INFO: [ app_init ] --END-- [ RunTime:0.000581s ]
INFO: [ app_begin ] --START--
INFO: Run Behavior\ReadHtmlCacheBehavior [ RunTime:0.000911s ]
INFO: [ app_begin ] --END-- [ RunTime:0.001003s ]
SQL: SHOW COLUMNS FROM `wb_ticket` [ RunTime:0.0007s ]
SQL: SELECT * FROM `wb_ticket`  [ RunTime:0.0002s ]

[ 2017-08-26T17:59:27+08:00 ] 222.191.203.241 /Home/Ticket/detail/id/1
INFO: [ app_init ] --START--
INFO: Run Behavior\BuildLiteBehavior [ RunTime:0.000031s ]
INFO: [ app_init ] --END-- [ RunTime:0.000647s ]
INFO: [ app_begin ] --START--
INFO: Run Behavior\ReadHtmlCacheBehavior [ RunTime:0.000850s ]
INFO: [ app_begin ] --END-- [ RunTime:0.000950s ]
SQL: SHOW COLUMNS FROM `wb_ticket` [ RunTime:0.0010s ]
SQL: SELECT * FROM `wb_ticket` WHERE ( id=1 ) LIMIT 1   [ RunTime:0.0002s ]

[ 2017-08-26T18:22:17+08:00 ] 180.98.156.12 /Home/Ticket/index
INFO: [ app_init ] --START--
INFO: Run Behavior\BuildLiteBehavior [ RunTime:0.000022s ]
INFO: [ app_init ] --END-- [ RunTime:0.000559s ]
INFO: [ app_begin ] --START--
INFO: Run Behavior\ReadHtmlCacheBehavior [ RunTime:0.000837s ]
INFO: [ app_begin ] --END-- [ RunTime:0.000929s ]
SQL: SHOW COLUMNS FROM `wb_ticket` [ RunTime:0.0007s ]
SQL: SELECT * FROM `wb_ticket`  [ RunTime:0.0002s ]

[ 2017-08-26T18:23:02+08:00 ] 180.98.156.12 /Home/Ticket/index
INFO: [ app_init ] --START--
INFO: Run Behavior\BuildLiteBehavior [ RunTime:0.000026s ]
INFO: [ app_init ] --END-- [ RunTime:0.000667s ]
INFO: [ app_begin ] --START--
INFO: Run Behavior\ReadHtmlCacheBehavior [ RunTime:0.000965s ]
INFO: [ app_begin ] --END-- [ RunTime:0.001072s ]
SQL: SHOW COLUMNS FROM `wb_ticket` [ RunTime:0.0008s ]
SQL: SELECT * FROM `wb_ticket`  [ RunTime:0.0003s ]

[ 2017-08-26T18:23:16+08:00 ] 180.98.156.12 /Home/Ticket/index
INFO: [ app_init ] --START--
INFO: Run Behavior\BuildLiteBehavior [ RunTime:0.000029s ]
INFO: [ app_init ] --END-- [ RunTime:0.001168s ]
INFO: [ app_begin ] --START--
INFO: Run Behavior\ReadHtmlCacheBehavior [ RunTime:0.001356s ]
INFO: [ app_begin ] --END-- [ RunTime:0.001516s ]
SQL: SHOW COLUMNS FROM `wb_ticket` [ RunTime:0.0006s ]
SQL: SELECT * FROM `wb_ticket`  [ RunTime:0.0004s ]

[ 2017-08-26T18:23:21+08:00 ] 180.98.156.12 /Home/Ticket/index
INFO: [ app_init ] --START--
INFO: Run Behavior\BuildLiteBehavior [ RunTime:0.000023s ]
INFO: [ app_init ] --END-- [ RunTime:0.000534s ]
INFO: [ app_begin ] --START--
INFO: Run Behavior\ReadHtmlCacheBehavior [ RunTime:0.000877s ]
INFO: [ app_begin ] --END-- [ RunTime:0.001012s ]
SQL: SHOW COLUMNS FROM `wb_ticket` [ RunTime:0.0006s ]
SQL: SELECT * FROM `wb_ticket`  [ RunTime:0.0002s ]

[ 2017-08-26T18:23:25+08:00 ] 180.98.156.12 /Home/Ticket/detail/id/1
INFO: [ app_init ] --START--
INFO: Run Behavior\BuildLiteBehavior [ RunTime:0.000027s ]
INFO: [ app_init ] --END-- [ RunTime:0.000555s ]
INFO: [ app_begin ] --START--
INFO: Run Behavior\ReadHtmlCacheBehavior [ RunTime:0.000895s ]
INFO: [ app_begin ] --END-- [ RunTime:0.000999s ]
SQL: SHOW COLUMNS FROM `wb_ticket` [ RunTime:0.0007s ]
SQL: SELECT * FROM `wb_ticket` WHERE ( id=1 ) LIMIT 1   [ RunTime:0.0003s ]

[ 2017-08-26T18:28:21+08:00 ] 180.98.156.12 /Home/Ticket/index
INFO: [ app_init ] --START--
INFO: Run Behavior\BuildLiteBehavior [ RunTime:0.000029s ]
INFO: [ app_init ] --END-- [ RunTime:0.000675s ]
INFO: [ app_begin ] --START--
INFO: Run Behavior\ReadHtmlCacheBehavior [ RunTime:0.001098s ]
INFO: [ app_begin ] --END-- [ RunTime:0.001251s ]
SQL: SHOW COLUMNS FROM `wb_ticket` [ RunTime:0.0007s ]
SQL: SELECT * FROM `wb_ticket`  [ RunTime:0.0002s ]

[ 2017-08-26T18:28:39+08:00 ] 180.98.156.12 /Home/Ticket/index
INFO: [ app_init ] --START--
INFO: Run Behavior\BuildLiteBehavior [ RunTime:0.000024s ]
INFO: [ app_init ] --END-- [ RunTime:0.000594s ]
INFO: [ app_begin ] --START--
INFO: Run Behavior\ReadHtmlCacheBehavior [ RunTime:0.000915s ]
INFO: [ app_begin ] --END-- [ RunTime:0.001008s ]
SQL: SHOW COLUMNS FROM `wb_ticket` [ RunTime:0.0007s ]
SQL: SELECT * FROM `wb_ticket`  [ RunTime:0.0002s ]

[ 2017-08-26T18:28:51+08:00 ] 180.98.156.12 /Home/Ticket/index
INFO: [ app_init ] --START--
INFO: Run Behavior\BuildLiteBehavior [ RunTime:0.000022s ]
INFO: [ app_init ] --END-- [ RunTime:0.000531s ]
INFO: [ app_begin ] --START--
INFO: Run Behavior\ReadHtmlCacheBehavior [ RunTime:0.000834s ]
INFO: [ app_begin ] --END-- [ RunTime:0.000944s ]
SQL: SHOW COLUMNS FROM `wb_ticket` [ RunTime:0.0008s ]
SQL: SELECT * FROM `wb_ticket`  [ RunTime:0.0003s ]

[ 2017-08-26T18:29:29+08:00 ] 180.98.156.12 /Home/Ticket/index
INFO: [ app_init ] --START--
INFO: Run Behavior\BuildLiteBehavior [ RunTime:0.000023s ]
INFO: [ app_init ] --END-- [ RunTime:0.000552s ]
INFO: [ app_begin ] --START--
INFO: Run Behavior\ReadHtmlCacheBehavior [ RunTime:0.000822s ]
INFO: [ app_begin ] --END-- [ RunTime:0.000911s ]
SQL: SHOW COLUMNS FROM `wb_ticket` [ RunTime:0.0007s ]
SQL: SELECT * FROM `wb_ticket`  [ RunTime:0.0002s ]

[ 2017-08-26T18:45:23+08:00 ] 180.98.156.12 /Home/Ticket/index
INFO: [ app_init ] --START--
INFO: Run Behavior\BuildLiteBehavior [ RunTime:0.000022s ]
INFO: [ app_init ] --END-- [ RunTime:0.000602s ]
INFO: [ app_begin ] --START--
INFO: Run Behavior\ReadHtmlCacheBehavior [ RunTime:0.000931s ]
INFO: [ app_begin ] --END-- [ RunTime:0.001074s ]
SQL: SHOW COLUMNS FROM `wb_ticket` [ RunTime:0.0008s ]
SQL: SELECT * FROM `wb_ticket`  [ RunTime:0.0003s ]

[ 2017-08-26T18:45:36+08:00 ] 180.98.156.12 /Home/Ticket/index
INFO: [ app_init ] --START--
INFO: Run Behavior\BuildLiteBehavior [ RunTime:0.000023s ]
INFO: [ app_init ] --END-- [ RunTime:0.000601s ]
INFO: [ app_begin ] --START--
INFO: Run Behavior\ReadHtmlCacheBehavior [ RunTime:0.000839s ]
INFO: [ app_begin ] --END-- [ RunTime:0.000944s ]
SQL: SHOW COLUMNS FROM `wb_ticket` [ RunTime:0.0006s ]
SQL: SELECT * FROM `wb_ticket`  [ RunTime:0.0002s ]

[ 2017-08-26T18:45:42+08:00 ] 180.98.156.12 /Home/Ticket/index
INFO: [ app_init ] --START--
INFO: Run Behavior\BuildLiteBehavior [ RunTime:0.000023s ]
INFO: [ app_init ] --END-- [ RunTime:0.000560s ]
INFO: [ app_begin ] --START--
INFO: Run Behavior\ReadHtmlCacheBehavior [ RunTime:0.000946s ]
INFO: [ app_begin ] --END-- [ RunTime:0.001054s ]
SQL: SHOW COLUMNS FROM `wb_ticket` [ RunTime:0.0006s ]
SQL: SELECT * FROM `wb_ticket`  [ RunTime:0.0002s ]

[ 2017-08-26T22:02:03+08:00 ] 14.17.21.58 /Home/Ticket/detail/id/1
INFO: [ app_init ] --START--
INFO: Run Behavior\BuildLiteBehavior [ RunTime:0.000025s ]
INFO: [ app_init ] --END-- [ RunTime:0.000541s ]
INFO: [ app_begin ] --START--
INFO: Run Behavior\ReadHtmlCacheBehavior [ RunTime:0.000818s ]
INFO: [ app_begin ] --END-- [ RunTime:0.000927s ]
SQL: SHOW COLUMNS FROM `wb_ticket` [ RunTime:0.0268s ]
SQL: SELECT * FROM `wb_ticket` WHERE ( id=1 ) LIMIT 1   [ RunTime:0.0003s ]

[ 2017-08-26T22:02:03+08:00 ] 119.147.207.152 /Home/Pay/pay
INFO: [ app_init ] --START--
INFO: Run Behavior\BuildLiteBehavior [ RunTime:0.000033s ]
INFO: [ app_init ] --END-- [ RunTime:0.000945s ]
INFO: [ app_begin ] --START--
INFO: Run Behavior\ReadHtmlCacheBehavior [ RunTime:0.001017s ]
INFO: [ app_begin ] --END-- [ RunTime:0.001153s ]

[ 2017-08-26T22:03:16+08:00 ] 222.191.191.169 /Home/Ticket/index
INFO: [ app_init ] --START--
INFO: Run Behavior\BuildLiteBehavior [ RunTime:0.000029s ]
INFO: [ app_init ] --END-- [ RunTime:0.000616s ]
INFO: [ app_begin ] --START--
INFO: Run Behavior\ReadHtmlCacheBehavior [ RunTime:0.000809s ]
INFO: [ app_begin ] --END-- [ RunTime:0.000907s ]
SQL: SHOW COLUMNS FROM `wb_ticket` [ RunTime:0.0006s ]
SQL: SELECT * FROM `wb_ticket`  [ RunTime:0.0002s ]

[ 2017-08-26T22:03:22+08:00 ] 222.191.191.169 /Home/Ticket/detail/id/1
INFO: [ app_init ] --START--
INFO: Run Behavior\BuildLiteBehavior [ RunTime:0.000022s ]
INFO: [ app_init ] --END-- [ RunTime:0.000526s ]
INFO: [ app_begin ] --START--
INFO: Run Behavior\ReadHtmlCacheBehavior [ RunTime:0.000738s ]
INFO: [ app_begin ] --END-- [ RunTime:0.000827s ]
SQL: SHOW COLUMNS FROM `wb_ticket` [ RunTime:0.0005s ]
SQL: SELECT * FROM `wb_ticket` WHERE ( id=1 ) LIMIT 1   [ RunTime:0.0002s ]

[ 2017-08-26T22:03:26+08:00 ] 222.191.191.169 /Home/Pay/pay?openid=&t_name=undefined&use_time=&phone=undefined&count=1&price=20.00
INFO: [ app_init ] --START--
INFO: Run Behavior\BuildLiteBehavior [ RunTime:0.000026s ]
INFO: [ app_init ] --END-- [ RunTime:0.000550s ]
INFO: [ app_begin ] --START--
INFO: Run Behavior\ReadHtmlCacheBehavior [ RunTime:0.000824s ]
INFO: [ app_begin ] --END-- [ RunTime:0.000936s ]

[ 2017-08-26T22:03:51+08:00 ] 222.191.191.169 /Home/Pay/pay?openid=&t_name=aaa&use_time=08-27&phone=112&count=1&price=20.00
INFO: [ app_init ] --START--
INFO: Run Behavior\BuildLiteBehavior [ RunTime:0.000021s ]
INFO: [ app_init ] --END-- [ RunTime:0.000561s ]
INFO: [ app_begin ] --START--
INFO: Run Behavior\ReadHtmlCacheBehavior [ RunTime:0.000810s ]
INFO: [ app_begin ] --END-- [ RunTime:0.000901s ]

[ 2017-08-26T22:04:49+08:00 ] 222.191.191.169 /Home/Ticket/index
INFO: [ app_init ] --START--
INFO: Run Behavior\BuildLiteBehavior [ RunTime:0.000024s ]
INFO: [ app_init ] --END-- [ RunTime:0.000607s ]
INFO: [ app_begin ] --START--
INFO: Run Behavior\ReadHtmlCacheBehavior [ RunTime:0.000760s ]
INFO: [ app_begin ] --END-- [ RunTime:0.000851s ]
SQL: SHOW COLUMNS FROM `wb_ticket` [ RunTime:0.0007s ]
SQL: SELECT * FROM `wb_ticket`  [ RunTime:0.0002s ]

[ 2017-08-26T22:04:51+08:00 ] 222.191.191.169 /Home/Ticket/detail/id/1
INFO: [ app_init ] --START--
INFO: Run Behavior\BuildLiteBehavior [ RunTime:0.000049s ]
INFO: [ app_init ] --END-- [ RunTime:0.000628s ]
INFO: [ app_begin ] --START--
INFO: Run Behavior\ReadHtmlCacheBehavior [ RunTime:0.000743s ]
INFO: [ app_begin ] --END-- [ RunTime:0.000851s ]
SQL: SHOW COLUMNS FROM `wb_ticket` [ RunTime:0.0005s ]
SQL: SELECT * FROM `wb_ticket` WHERE ( id=1 ) LIMIT 1   [ RunTime:0.0003s ]

[ 2017-08-26T22:16:06+08:00 ] 222.191.191.169 /Home/Ticket/index
INFO: [ app_init ] --START--
INFO: Run Behavior\BuildLiteBehavior [ RunTime:0.000023s ]
INFO: [ app_init ] --END-- [ RunTime:0.000574s ]
INFO: [ app_begin ] --START--
INFO: Run Behavior\ReadHtmlCacheBehavior [ RunTime:0.000853s ]
INFO: [ app_begin ] --END-- [ RunTime:0.001016s ]
SQL: SHOW COLUMNS FROM `wb_ticket` [ RunTime:0.0005s ]
SQL: SELECT * FROM `wb_ticket`  [ RunTime:0.0002s ]

[ 2017-08-26T22:16:08+08:00 ] 222.191.191.169 /Home/Ticket/detail/id/1
INFO: [ app_init ] --START--
INFO: Run Behavior\BuildLiteBehavior [ RunTime:0.000023s ]
INFO: [ app_init ] --END-- [ RunTime:0.000574s ]
INFO: [ app_begin ] --START--
INFO: Run Behavior\ReadHtmlCacheBehavior [ RunTime:0.000806s ]
INFO: [ app_begin ] --END-- [ RunTime:0.000893s ]
SQL: SHOW COLUMNS FROM `wb_ticket` [ RunTime:0.0007s ]
SQL: SELECT * FROM `wb_ticket` WHERE ( id=1 ) LIMIT 1   [ RunTime:0.0002s ]

[ 2017-08-26T22:54:52+08:00 ] 49.66.94.169 /Home/Ticket/index
INFO: [ app_init ] --START--
INFO: Run Behavior\BuildLiteBehavior [ RunTime:0.000022s ]
INFO: [ app_init ] --END-- [ RunTime:0.000519s ]
INFO: [ app_begin ] --START--
INFO: Run Behavior\ReadHtmlCacheBehavior [ RunTime:0.000840s ]
INFO: [ app_begin ] --END-- [ RunTime:0.000939s ]
SQL: SHOW COLUMNS FROM `wb_ticket` [ RunTime:0.0008s ]
SQL: SELECT * FROM `wb_ticket`  [ RunTime:0.0002s ]

[ 2017-08-26T22:54:54+08:00 ] 49.66.94.169 /Home/Ticket/detail/id/1
INFO: [ app_init ] --START--
INFO: Run Behavior\BuildLiteBehavior [ RunTime:0.000024s ]
INFO: [ app_init ] --END-- [ RunTime:0.000515s ]
INFO: [ app_begin ] --START--
INFO: Run Behavior\ReadHtmlCacheBehavior [ RunTime:0.000769s ]
INFO: [ app_begin ] --END-- [ RunTime:0.000864s ]
SQL: SHOW COLUMNS FROM `wb_ticket` [ RunTime:0.0006s ]
SQL: SELECT * FROM `wb_ticket` WHERE ( id=1 ) LIMIT 1   [ RunTime:0.0002s ]

[ 2017-08-26T22:55:42+08:00 ] 49.66.94.169 /Home/Pay/pay?openid=&t_name=123&use_time=2017-09-26&phone=1234567890&count=2&price=40
INFO: [ app_init ] --START--
INFO: Run Behavior\BuildLiteBehavior [ RunTime:0.000033s ]
INFO: [ app_init ] --END-- [ RunTime:0.000552s ]
INFO: [ app_begin ] --START--
INFO: Run Behavior\ReadHtmlCacheBehavior [ RunTime:0.000785s ]
INFO: [ app_begin ] --END-- [ RunTime:0.000881s ]

[ 2017-08-26T22:55:42+08:00 ] 49.66.94.169 /Home/Pay/pay?openid=&t_name=123&use_time=2017-09-26&phone=1234567890&count=2&price=40
INFO: [ app_init ] --START--
INFO: Run Behavior\BuildLiteBehavior [ RunTime:0.000025s ]
INFO: [ app_init ] --END-- [ RunTime:0.000628s ]
INFO: [ app_begin ] --START--
INFO: Run Behavior\ReadHtmlCacheBehavior [ RunTime:0.000767s ]
INFO: [ app_begin ] --END-- [ RunTime:0.000875s ]

[ 2017-08-26T22:55:43+08:00 ] 49.66.94.169 /Home/Pay/pay?openid=&t_name=123&use_time=2017-09-26&phone=1234567890&count=2&price=40
INFO: [ app_init ] --START--
INFO: Run Behavior\BuildLiteBehavior [ RunTime:0.000025s ]
INFO: [ app_init ] --END-- [ RunTime:0.000702s ]
INFO: [ app_begin ] --START--
INFO: Run Behavior\ReadHtmlCacheBehavior [ RunTime:0.000820s ]
INFO: [ app_begin ] --END-- [ RunTime:0.000939s ]

[ 2017-08-26T22:55:44+08:00 ] 49.66.94.169 /Home/Pay/pay?openid=&t_name=123&use_time=2017-09-26&phone=1234567890&count=2&price=40
INFO: [ app_init ] --START--
INFO: Run Behavior\BuildLiteBehavior [ RunTime:0.000023s ]
INFO: [ app_init ] --END-- [ RunTime:0.000528s ]
INFO: [ app_begin ] --START--
INFO: Run Behavior\ReadHtmlCacheBehavior [ RunTime:0.000859s ]
INFO: [ app_begin ] --END-- [ RunTime:0.000957s ]

[ 2017-08-26T22:55:44+08:00 ] 49.66.94.169 /Home/Pay/pay?openid=&t_name=123&use_time=2017-09-26&phone=1234567890&count=2&price=40
INFO: [ app_init ] --START--
INFO: Run Behavior\BuildLiteBehavior [ RunTime:0.000031s ]
INFO: [ app_init ] --END-- [ RunTime:0.000599s ]
INFO: [ app_begin ] --START--
INFO: Run Behavior\ReadHtmlCacheBehavior [ RunTime:0.000800s ]
INFO: [ app_begin ] --END-- [ RunTime:0.000912s ]

[ 2017-08-26T22:55:44+08:00 ] 49.66.94.169 /Home/Pay/pay?openid=&t_name=123&use_time=2017-09-26&phone=1234567890&count=2&price=40
INFO: [ app_init ] --START--
INFO: Run Behavior\BuildLiteBehavior [ RunTime:0.000023s ]
INFO: [ app_init ] --END-- [ RunTime:0.000573s ]
INFO: [ app_begin ] --START--
INFO: Run Behavior\ReadHtmlCacheBehavior [ RunTime:0.000750s ]
INFO: [ app_begin ] --END-- [ RunTime:0.000841s ]

[ 2017-08-26T22:55:44+08:00 ] 49.66.94.169 /Home/Pay/pay?openid=&t_name=123&use_time=2017-09-26&phone=1234567890&count=2&price=40
INFO: [ app_init ] --START--
INFO: Run Behavior\BuildLiteBehavior [ RunTime:0.000028s ]
INFO: [ app_init ] --END-- [ RunTime:0.000601s ]
INFO: [ app_begin ] --START--
INFO: Run Behavior\ReadHtmlCacheBehavior [ RunTime:0.000836s ]
INFO: [ app_begin ] --END-- [ RunTime:0.000941s ]

[ 2017-08-26T22:55:44+08:00 ] 49.66.94.169 /Home/Pay/pay?openid=&t_name=123&use_time=2017-09-26&phone=1234567890&count=2&price=40
INFO: [ app_init ] --START--
INFO: Run Behavior\BuildLiteBehavior [ RunTime:0.000031s ]
INFO: [ app_init ] --END-- [ RunTime:0.000716s ]
INFO: [ app_begin ] --START--
INFO: Run Behavior\ReadHtmlCacheBehavior [ RunTime:0.000825s ]
INFO: [ app_begin ] --END-- [ RunTime:0.000929s ]

[ 2017-08-26T22:55:45+08:00 ] 49.66.94.169 /Home/Pay/pay?openid=&t_name=123&use_time=2017-09-26&phone=1234567890&count=2&price=40
INFO: [ app_init ] --START--
INFO: Run Behavior\BuildLiteBehavior [ RunTime:0.000025s ]
INFO: [ app_init ] --END-- [ RunTime:0.000541s ]
INFO: [ app_begin ] --START--
INFO: Run Behavior\ReadHtmlCacheBehavior [ RunTime:0.000891s ]
INFO: [ app_begin ] --END-- [ RunTime:0.001002s ]

[ 2017-08-26T22:55:45+08:00 ] 49.66.94.169 /Home/Pay/pay?openid=&t_name=123&use_time=2017-09-26&phone=1234567890&count=2&price=40
INFO: [ app_init ] --START--
INFO: Run Behavior\BuildLiteBehavior [ RunTime:0.000021s ]
INFO: [ app_init ] --END-- [ RunTime:0.000502s ]
INFO: [ app_begin ] --START--
INFO: Run Behavior\ReadHtmlCacheBehavior [ RunTime:0.000792s ]
INFO: [ app_begin ] --END-- [ RunTime:0.000888s ]

[ 2017-08-26T22:55:45+08:00 ] 49.66.94.169 /Home/Pay/pay?openid=&t_name=123&use_time=2017-09-26&phone=1234567890&count=2&price=40
INFO: [ app_init ] --START--
INFO: Run Behavior\BuildLiteBehavior [ RunTime:0.000021s ]
INFO: [ app_init ] --END-- [ RunTime:0.000488s ]
INFO: [ app_begin ] --START--
INFO: Run Behavior\ReadHtmlCacheBehavior [ RunTime:0.000759s ]
INFO: [ app_begin ] --END-- [ RunTime:0.000850s ]

[ 2017-08-26T22:55:45+08:00 ] 49.66.94.169 /Home/Pay/pay?openid=&t_name=123&use_time=2017-09-26&phone=1234567890&count=2&price=40
INFO: [ app_init ] --START--
INFO: Run Behavior\BuildLiteBehavior [ RunTime:0.000021s ]
INFO: [ app_init ] --END-- [ RunTime:0.000493s ]
INFO: [ app_begin ] --START--
INFO: Run Behavior\ReadHtmlCacheBehavior [ RunTime:0.000731s ]
INFO: [ app_begin ] --END-- [ RunTime:0.000821s ]

[ 2017-08-26T22:55:45+08:00 ] 49.66.94.169 /Home/Pay/pay?openid=&t_name=123&use_time=2017-09-26&phone=1234567890&count=2&price=40
INFO: [ app_init ] --START--
INFO: Run Behavior\BuildLiteBehavior [ RunTime:0.000023s ]
INFO: [ app_init ] --END-- [ RunTime:0.000527s ]
INFO: [ app_begin ] --START--
INFO: Run Behavior\ReadHtmlCacheBehavior [ RunTime:0.000750s ]
INFO: [ app_begin ] --END-- [ RunTime:0.000840s ]

[ 2017-08-26T22:55:46+08:00 ] 49.66.94.169 /Home/Pay/pay?openid=&t_name=123&use_time=2017-09-26&phone=1234567890&count=2&price=40
INFO: [ app_init ] --START--
INFO: Run Behavior\BuildLiteBehavior [ RunTime:0.000022s ]
INFO: [ app_init ] --END-- [ RunTime:0.000528s ]
INFO: [ app_begin ] --START--
INFO: Run Behavior\ReadHtmlCacheBehavior [ RunTime:0.000753s ]
INFO: [ app_begin ] --END-- [ RunTime:0.000864s ]

[ 2017-08-26T22:55:46+08:00 ] 49.66.94.169 /Home/Pay/pay?openid=&t_name=123&use_time=2017-09-26&phone=1234567890&count=2&price=40
INFO: [ app_init ] --START--
INFO: Run Behavior\BuildLiteBehavior [ RunTime:0.000028s ]
INFO: [ app_init ] --END-- [ RunTime:0.000524s ]
INFO: [ app_begin ] --START--
INFO: Run Behavior\ReadHtmlCacheBehavior [ RunTime:0.000753s ]
INFO: [ app_begin ] --END-- [ RunTime:0.000852s ]

[ 2017-08-26T22:55:46+08:00 ] 49.66.94.169 /Home/Pay/pay?openid=&t_name=123&use_time=2017-09-26&phone=1234567890&count=2&price=40
INFO: [ app_init ] --START--
INFO: Run Behavior\BuildLiteBehavior [ RunTime:0.000022s ]
INFO: [ app_init ] --END-- [ RunTime:0.000565s ]
INFO: [ app_begin ] --START--
INFO: Run Behavior\ReadHtmlCacheBehavior [ RunTime:0.000740s ]
INFO: [ app_begin ] --END-- [ RunTime:0.000832s ]

[ 2017-08-26T22:55:46+08:00 ] 49.66.94.169 /Home/Pay/pay?openid=&t_name=123&use_time=2017-09-26&phone=1234567890&count=2&price=40
INFO: [ app_init ] --START--
INFO: Run Behavior\BuildLiteBehavior [ RunTime:0.000032s ]
INFO: [ app_init ] --END-- [ RunTime:0.000573s ]
INFO: [ app_begin ] --START--
INFO: Run Behavior\ReadHtmlCacheBehavior [ RunTime:0.000786s ]
INFO: [ app_begin ] --END-- [ RunTime:0.000893s ]

[ 2017-08-26T22:55:46+08:00 ] 49.66.94.169 /Home/Pay/pay?openid=&t_name=123&use_time=2017-09-26&phone=1234567890&count=2&price=40
INFO: [ app_init ] --START--
INFO: Run Behavior\BuildLiteBehavior [ RunTime:0.000023s ]
INFO: [ app_init ] --END-- [ RunTime:0.000568s ]
INFO: [ app_begin ] --START--
INFO: Run Behavior\ReadHtmlCacheBehavior [ RunTime:0.000727s ]
INFO: [ app_begin ] --END-- [ RunTime:0.000836s ]

[ 2017-08-26T22:55:47+08:00 ] 49.66.94.169 /Home/Pay/pay?openid=&t_name=123&use_time=2017-09-26&phone=1234567890&count=2&price=40
INFO: [ app_init ] --START--
INFO: Run Behavior\BuildLiteBehavior [ RunTime:0.000022s ]
INFO: [ app_init ] --END-- [ RunTime:0.000508s ]
INFO: [ app_begin ] --START--
INFO: Run Behavior\ReadHtmlCacheBehavior [ RunTime:0.000831s ]
INFO: [ app_begin ] --END-- [ RunTime:0.000971s ]

[ 2017-08-26T22:55:47+08:00 ] 49.66.94.169 /Home/Pay/pay?openid=&t_name=123&use_time=2017-09-26&phone=1234567890&count=2&price=40
INFO: [ app_init ] --START--
INFO: Run Behavior\BuildLiteBehavior [ RunTime:0.000021s ]
INFO: [ app_init ] --END-- [ RunTime:0.000519s ]
INFO: [ app_begin ] --START--
INFO: Run Behavior\ReadHtmlCacheBehavior [ RunTime:0.000726s ]
INFO: [ app_begin ] --END-- [ RunTime:0.000816s ]

[ 2017-08-26T22:55:47+08:00 ] 49.66.94.169 /Home/Pay/pay?openid=&t_name=123&use_time=2017-09-26&phone=1234567890&count=2&price=40
INFO: [ app_init ] --START--
INFO: Run Behavior\BuildLiteBehavior [ RunTime:0.000024s ]
INFO: [ app_init ] --END-- [ RunTime:0.000577s ]
INFO: [ app_begin ] --START--
INFO: Run Behavior\ReadHtmlCacheBehavior [ RunTime:0.000834s ]
INFO: [ app_begin ] --END-- [ RunTime:0.000941s ]

[ 2017-08-26T22:55:47+08:00 ] 49.66.94.169 /Home/Pay/pay?openid=&t_name=123&use_time=2017-09-26&phone=1234567890&count=2&price=40
INFO: [ app_init ] --START--
INFO: Run Behavior\BuildLiteBehavior [ RunTime:0.000023s ]
INFO: [ app_init ] --END-- [ RunTime:0.000576s ]
INFO: [ app_begin ] --START--
INFO: Run Behavior\ReadHtmlCacheBehavior [ RunTime:0.000803s ]
INFO: [ app_begin ] --END-- [ RunTime:0.000947s ]

[ 2017-08-26T22:55:47+08:00 ] 49.66.94.169 /Home/Pay/pay?openid=&t_name=123&use_time=2017-09-26&phone=1234567890&count=2&price=40
INFO: [ app_init ] --START--
INFO: Run Behavior\BuildLiteBehavior [ RunTime:0.000033s ]
INFO: [ app_init ] --END-- [ RunTime:0.000793s ]
INFO: [ app_begin ] --START--
INFO: Run Behavior\ReadHtmlCacheBehavior [ RunTime:0.001199s ]
INFO: [ app_begin ] --END-- [ RunTime:0.001340s ]

[ 2017-08-26T22:55:48+08:00 ] 49.66.94.169 /Home/Pay/pay?openid=&t_name=123&use_time=2017-09-26&phone=1234567890&count=2&price=40
INFO: [ app_init ] --START--
INFO: Run Behavior\BuildLiteBehavior [ RunTime:0.000024s ]
INFO: [ app_init ] --END-- [ RunTime:0.000694s ]
INFO: [ app_begin ] --START--
INFO: Run Behavior\ReadHtmlCacheBehavior [ RunTime:0.001118s ]
INFO: [ app_begin ] --END-- [ RunTime:0.001244s ]

[ 2017-08-26T22:55:48+08:00 ] 49.66.94.169 /Home/Pay/pay?openid=&t_name=123&use_time=2017-09-26&phone=1234567890&count=2&price=40
INFO: [ app_init ] --START--
INFO: Run Behavior\BuildLiteBehavior [ RunTime:0.000024s ]
INFO: [ app_init ] --END-- [ RunTime:0.000588s ]
INFO: [ app_begin ] --START--
INFO: Run Behavior\ReadHtmlCacheBehavior [ RunTime:0.000774s ]
INFO: [ app_begin ] --END-- [ RunTime:0.000866s ]

[ 2017-08-26T22:55:48+08:00 ] 49.66.94.169 /Home/Pay/pay?openid=&t_name=123&use_time=2017-09-26&phone=1234567890&count=2&price=40
INFO: [ app_init ] --START--
INFO: Run Behavior\BuildLiteBehavior [ RunTime:0.000024s ]
INFO: [ app_init ] --END-- [ RunTime:0.000603s ]
INFO: [ app_begin ] --START--
INFO: Run Behavior\ReadHtmlCacheBehavior [ RunTime:0.000800s ]
INFO: [ app_begin ] --END-- [ RunTime:0.000897s ]

[ 2017-08-26T22:55:48+08:00 ] 49.66.94.169 /Home/Pay/pay?openid=&t_name=123&use_time=2017-09-26&phone=1234567890&count=2&price=40
INFO: [ app_init ] --START--
INFO: Run Behavior\BuildLiteBehavior [ RunTime:0.000025s ]
INFO: [ app_init ] --END-- [ RunTime:0.000552s ]
INFO: [ app_begin ] --START--
INFO: Run Behavior\ReadHtmlCacheBehavior [ RunTime:0.000797s ]
INFO: [ app_begin ] --END-- [ RunTime:0.000896s ]

[ 2017-08-26T22:55:48+08:00 ] 49.66.94.169 /Home/Pay/pay?openid=&t_name=123&use_time=2017-09-26&phone=1234567890&count=2&price=40
INFO: [ app_init ] --START--
INFO: Run Behavior\BuildLiteBehavior [ RunTime:0.000023s ]
INFO: [ app_init ] --END-- [ RunTime:0.000528s ]
INFO: [ app_begin ] --START--
INFO: Run Behavior\ReadHtmlCacheBehavior [ RunTime:0.000804s ]
INFO: [ app_begin ] --END-- [ RunTime:0.000912s ]

[ 2017-08-26T23:13:57+08:00 ] 222.191.191.169 /Home/Ticket/index
INFO: [ app_init ] --START--
INFO: Run Behavior\BuildLiteBehavior [ RunTime:0.000022s ]
INFO: [ app_init ] --END-- [ RunTime:0.000536s ]
INFO: [ app_begin ] --START--
INFO: Run Behavior\ReadHtmlCacheBehavior [ RunTime:0.001049s ]
INFO: [ app_begin ] --END-- [ RunTime:0.001188s ]
SQL: SHOW COLUMNS FROM `wb_ticket` [ RunTime:0.0006s ]
SQL: SELECT * FROM `wb_ticket`  [ RunTime:0.0002s ]

[ 2017-08-26T23:13:59+08:00 ] 222.191.191.169 /Home/Ticket/detail/id/1
INFO: [ app_init ] --START--
INFO: Run Behavior\BuildLiteBehavior [ RunTime:0.000023s ]
INFO: [ app_init ] --END-- [ RunTime:0.000604s ]
INFO: [ app_begin ] --START--
INFO: Run Behavior\ReadHtmlCacheBehavior [ RunTime:0.000765s ]
INFO: [ app_begin ] --END-- [ RunTime:0.000868s ]
SQL: SHOW COLUMNS FROM `wb_ticket` [ RunTime:0.0005s ]
SQL: SELECT * FROM `wb_ticket` WHERE ( id=1 ) LIMIT 1   [ RunTime:0.0002s ]

[ 2017-08-26T23:14:05+08:00 ] 222.191.191.169 /Home/Pay/pay?openid=&t_name=undefined&use_time=&phone=undefined&count=1&price=20.00
INFO: [ app_init ] --START--
INFO: Run Behavior\BuildLiteBehavior [ RunTime:0.000024s ]
INFO: [ app_init ] --END-- [ RunTime:0.000626s ]
INFO: [ app_begin ] --START--
INFO: Run Behavior\ReadHtmlCacheBehavior [ RunTime:0.000994s ]
INFO: [ app_begin ] --END-- [ RunTime:0.001129s ]

[ 2017-08-26T23:42:00+08:00 ] 49.66.94.169 /Home/Ticket/index
INFO: [ app_init ] --START--
INFO: Run Behavior\BuildLiteBehavior [ RunTime:0.000022s ]
INFO: [ app_init ] --END-- [ RunTime:0.000499s ]
INFO: [ app_begin ] --START--
INFO: Run Behavior\ReadHtmlCacheBehavior [ RunTime:0.000736s ]
INFO: [ app_begin ] --END-- [ RunTime:0.000826s ]
SQL: SHOW COLUMNS FROM `wb_ticket` [ RunTime:0.0006s ]
SQL: SELECT * FROM `wb_ticket`  [ RunTime:0.0002s ]

[ 2017-08-26T23:42:03+08:00 ] 49.66.94.169 /Home/Ticket/detail/id/1
INFO: [ app_init ] --START--
INFO: Run Behavior\BuildLiteBehavior [ RunTime:0.000022s ]
INFO: [ app_init ] --END-- [ RunTime:0.000551s ]
INFO: [ app_begin ] --START--
INFO: Run Behavior\ReadHtmlCacheBehavior [ RunTime:0.000813s ]
INFO: [ app_begin ] --END-- [ RunTime:0.000905s ]
SQL: SHOW COLUMNS FROM `wb_ticket` [ RunTime:0.0006s ]
SQL: SELECT * FROM `wb_ticket` WHERE ( id=1 ) LIMIT 1   [ RunTime:0.0003s ]

[ 2017-08-26T23:42:23+08:00 ] 49.66.94.169 /Home/Pay/pay?openid=&t_name=1122&use_time=&phone=18915330621&count=1&price=20.00
INFO: [ app_init ] --START--
INFO: Run Behavior\BuildLiteBehavior [ RunTime:0.000022s ]
INFO: [ app_init ] --END-- [ RunTime:0.000571s ]
INFO: [ app_begin ] --START--
INFO: Run Behavior\ReadHtmlCacheBehavior [ RunTime:0.000805s ]
INFO: [ app_begin ] --END-- [ RunTime:0.000895s ]

[ 2017-08-26T23:42:27+08:00 ] 49.66.94.169 /Home/Pay/pay?openid=&t_name=1122&use_time=08-27&phone=18915330621&count=1&price=20.00
INFO: [ app_init ] --START--
INFO: Run Behavior\BuildLiteBehavior [ RunTime:0.000023s ]
INFO: [ app_init ] --END-- [ RunTime:0.000501s ]
INFO: [ app_begin ] --START--
INFO: Run Behavior\ReadHtmlCacheBehavior [ RunTime:0.000868s ]
INFO: [ app_begin ] --END-- [ RunTime:0.000960s ]

[ 2017-08-26T23:42:30+08:00 ] 49.66.94.169 /Home/Pay/pay?openid=&t_name=1122&use_time=08-27&phone=18915330621&count=1&price=20.00
INFO: [ app_init ] --START--
INFO: Run Behavior\BuildLiteBehavior [ RunTime:0.000024s ]
INFO: [ app_init ] --END-- [ RunTime:0.000530s ]
INFO: [ app_begin ] --START--
INFO: Run Behavior\ReadHtmlCacheBehavior [ RunTime:0.000791s ]
INFO: [ app_begin ] --END-- [ RunTime:0.000890s ]

[ 2017-08-26T23:42:31+08:00 ] 49.66.94.169 /Home/Pay/pay?openid=&t_name=1122&use_time=08-27&phone=18915330621&count=1&price=20.00
INFO: [ app_init ] --START--
INFO: Run Behavior\BuildLiteBehavior [ RunTime:0.000035s ]
INFO: [ app_init ] --END-- [ RunTime:0.000564s ]
INFO: [ app_begin ] --START--
INFO: Run Behavior\ReadHtmlCacheBehavior [ RunTime:0.000849s ]
INFO: [ app_begin ] --END-- [ RunTime:0.000956s ]

[ 2017-08-26T23:42:31+08:00 ] 49.66.94.169 /Home/Pay/pay?openid=&t_name=1122&use_time=08-27&phone=18915330621&count=1&price=20.00
INFO: [ app_init ] --START--
INFO: Run Behavior\BuildLiteBehavior [ RunTime:0.000023s ]
INFO: [ app_init ] --END-- [ RunTime:0.000525s ]
INFO: [ app_begin ] --START--
INFO: Run Behavior\ReadHtmlCacheBehavior [ RunTime:0.000713s ]
INFO: [ app_begin ] --END-- [ RunTime:0.000803s ]

[ 2017-08-26T23:42:32+08:00 ] 49.66.94.169 /Home/Pay/pay?openid=&t_name=1122&use_time=08-27&phone=18915330621&count=1&price=20.00
INFO: [ app_init ] --START--
INFO: Run Behavior\BuildLiteBehavior [ RunTime:0.000023s ]
INFO: [ app_init ] --END-- [ RunTime:0.000552s ]
INFO: [ app_begin ] --START--
INFO: Run Behavior\ReadHtmlCacheBehavior [ RunTime:0.000771s ]
INFO: [ app_begin ] --END-- [ RunTime:0.000859s ]

[ 2017-08-26T23:42:32+08:00 ] 49.66.94.169 /Home/Pay/pay?openid=&t_name=1122&use_time=08-27&phone=18915330621&count=1&price=20.00
INFO: [ app_init ] --START--
INFO: Run Behavior\BuildLiteBehavior [ RunTime:0.000026s ]
INFO: [ app_init ] --END-- [ RunTime:0.000515s ]
INFO: [ app_begin ] --START--
INFO: Run Behavior\ReadHtmlCacheBehavior [ RunTime:0.000730s ]
INFO: [ app_begin ] --END-- [ RunTime:0.000834s ]

[ 2017-08-26T23:42:33+08:00 ] 49.66.94.169 /Home/Pay/pay?openid=&t_name=1122&use_time=08-27&phone=18915330621&count=1&price=20.00
INFO: [ app_init ] --START--
INFO: Run Behavior\BuildLiteBehavior [ RunTime:0.000023s ]
INFO: [ app_init ] --END-- [ RunTime:0.000600s ]
INFO: [ app_begin ] --START--
INFO: Run Behavior\ReadHtmlCacheBehavior [ RunTime:0.000858s ]
INFO: [ app_begin ] --END-- [ RunTime:0.000954s ]

[ 2017-08-26T23:42:33+08:00 ] 49.66.94.169 /Home/Pay/pay?openid=&t_name=1122&use_time=08-27&phone=18915330621&count=1&price=20.00
INFO: [ app_init ] --START--
INFO: Run Behavior\BuildLiteBehavior [ RunTime:0.000024s ]
INFO: [ app_init ] --END-- [ RunTime:0.000540s ]
INFO: [ app_begin ] --START--
INFO: Run Behavior\ReadHtmlCacheBehavior [ RunTime:0.000810s ]
INFO: [ app_begin ] --END-- [ RunTime:0.000908s ]

[ 2017-08-26T23:42:35+08:00 ] 49.66.94.169 /Home/Pay/pay?openid=&t_name=1122&use_time=08-27&phone=18915330621&count=1&price=20.00
INFO: [ app_init ] --START--
INFO: Run Behavior\BuildLiteBehavior [ RunTime:0.000021s ]
INFO: [ app_init ] --END-- [ RunTime:0.000517s ]
INFO: [ app_begin ] --START--
INFO: Run Behavior\ReadHtmlCacheBehavior [ RunTime:0.000794s ]
INFO: [ app_begin ] --END-- [ RunTime:0.000884s ]

[ 2017-08-26T23:42:35+08:00 ] 49.66.94.169 /Home/Pay/pay?openid=&t_name=1122&use_time=08-27&phone=18915330621&count=1&price=20.00
INFO: [ app_init ] --START--
INFO: Run Behavior\BuildLiteBehavior [ RunTime:0.000022s ]
INFO: [ app_init ] --END-- [ RunTime:0.000520s ]
INFO: [ app_begin ] --START--
INFO: Run Behavior\ReadHtmlCacheBehavior [ RunTime:0.000787s ]
INFO: [ app_begin ] --END-- [ RunTime:0.000883s ]

[ 2017-08-26T23:42:36+08:00 ] 49.66.94.169 /Home/Pay/pay?openid=&t_name=1122&use_time=08-27&phone=18915330621&count=1&price=20.00
INFO: [ app_init ] --START--
INFO: Run Behavior\BuildLiteBehavior [ RunTime:0.000023s ]
INFO: [ app_init ] --END-- [ RunTime:0.000498s ]
INFO: [ app_begin ] --START--
INFO: Run Behavior\ReadHtmlCacheBehavior [ RunTime:0.000744s ]
INFO: [ app_begin ] --END-- [ RunTime:0.000849s ]

[ 2017-08-26T23:42:36+08:00 ] 49.66.94.169 /Home/Pay/pay?openid=&t_name=1122&use_time=08-27&phone=18915330621&count=1&price=20.00
INFO: [ app_init ] --START--
INFO: Run Behavior\BuildLiteBehavior [ RunTime:0.000023s ]
INFO: [ app_init ] --END-- [ RunTime:0.000523s ]
INFO: [ app_begin ] --START--
INFO: Run Behavior\ReadHtmlCacheBehavior [ RunTime:0.000712s ]
INFO: [ app_begin ] --END-- [ RunTime:0.000810s ]

[ 2017-08-26T23:42:36+08:00 ] 49.66.94.169 /Home/Pay/pay?openid=&t_name=1122&use_time=08-27&phone=18915330621&count=1&price=20.00
INFO: [ app_init ] --START--
INFO: Run Behavior\BuildLiteBehavior [ RunTime:0.000022s ]
INFO: [ app_init ] --END-- [ RunTime:0.000506s ]
INFO: [ app_begin ] --START--
INFO: Run Behavior\ReadHtmlCacheBehavior [ RunTime:0.001962s ]
INFO: [ app_begin ] --END-- [ RunTime:0.002062s ]

[ 2017-08-26T23:42:37+08:00 ] 49.66.94.169 /Home/Pay/pay?openid=&t_name=1122&use_time=08-27&phone=18915330621&count=1&price=20.00
INFO: [ app_init ] --START--
INFO: Run Behavior\BuildLiteBehavior [ RunTime:0.000025s ]
INFO: [ app_init ] --END-- [ RunTime:0.000600s ]
INFO: [ app_begin ] --START--
INFO: Run Behavior\ReadHtmlCacheBehavior [ RunTime:0.000952s ]
INFO: [ app_begin ] --END-- [ RunTime:0.001106s ]

[ 2017-08-26T23:42:37+08:00 ] 49.66.94.169 /Home/Pay/pay?openid=&t_name=1122&use_time=08-27&phone=18915330621&count=1&price=20.00
INFO: [ app_init ] --START--
INFO: Run Behavior\BuildLiteBehavior [ RunTime:0.000036s ]
INFO: [ app_init ] --END-- [ RunTime:0.000745s ]
INFO: [ app_begin ] --START--
INFO: Run Behavior\ReadHtmlCacheBehavior [ RunTime:0.000926s ]
INFO: [ app_begin ] --END-- [ RunTime:0.001037s ]

[ 2017-08-26T23:42:37+08:00 ] 49.66.94.169 /Home/Pay/pay?openid=&t_name=1122&use_time=08-27&phone=18915330621&count=1&price=20.00
INFO: [ app_init ] --START--
INFO: Run Behavior\BuildLiteBehavior [ RunTime:0.000025s ]
INFO: [ app_init ] --END-- [ RunTime:0.000561s ]
INFO: [ app_begin ] --START--
INFO: Run Behavior\ReadHtmlCacheBehavior [ RunTime:0.000766s ]
INFO: [ app_begin ] --END-- [ RunTime:0.000881s ]

[ 2017-08-26T23:42:41+08:00 ] 49.66.94.169 /Home/Pay/pay?openid=&t_name=1122&use_time=08-27&phone=18915330621&count=2&price=40
INFO: [ app_init ] --START--
INFO: Run Behavior\BuildLiteBehavior [ RunTime:0.000022s ]
INFO: [ app_init ] --END-- [ RunTime:0.000557s ]
INFO: [ app_begin ] --START--
INFO: Run Behavior\ReadHtmlCacheBehavior [ RunTime:0.000853s ]
INFO: [ app_begin ] --END-- [ RunTime:0.000965s ]

[ 2017-08-26T23:45:52+08:00 ] 49.66.94.169 /Home/Pay/pay?openid=&t_name=1122&use_time=08-27&phone=18915330621&count=2&price=40
INFO: [ app_init ] --START--
INFO: Run Behavior\BuildLiteBehavior [ RunTime:0.000026s ]
INFO: [ app_init ] --END-- [ RunTime:0.000590s ]
INFO: [ app_begin ] --START--
INFO: Run Behavior\ReadHtmlCacheBehavior [ RunTime:0.000764s ]
INFO: [ app_begin ] --END-- [ RunTime:0.000857s ]

[ 2017-08-26T23:45:52+08:00 ] 49.66.94.169 /Home/Pay/pay?openid=&t_name=1122&use_time=08-27&phone=18915330621&count=2&price=40
INFO: [ app_init ] --START--
INFO: Run Behavior\BuildLiteBehavior [ RunTime:0.000023s ]
INFO: [ app_init ] --END-- [ RunTime:0.000562s ]
INFO: [ app_begin ] --START--
INFO: Run Behavior\ReadHtmlCacheBehavior [ RunTime:0.000831s ]
INFO: [ app_begin ] --END-- [ RunTime:0.000933s ]

[ 2017-08-26T23:45:53+08:00 ] 49.66.94.169 /Home/Pay/pay?openid=&t_name=1122&use_time=08-27&phone=18915330621&count=2&price=40
INFO: [ app_init ] --START--
INFO: Run Behavior\BuildLiteBehavior [ RunTime:0.000023s ]
INFO: [ app_init ] --END-- [ RunTime:0.000553s ]
INFO: [ app_begin ] --START--
INFO: Run Behavior\ReadHtmlCacheBehavior [ RunTime:0.000749s ]
INFO: [ app_begin ] --END-- [ RunTime:0.000859s ]

[ 2017-08-26T23:45:53+08:00 ] 49.66.94.169 /Home/Pay/pay?openid=&t_name=1122&use_time=08-27&phone=18915330621&count=2&price=40
INFO: [ app_init ] --START--
INFO: Run Behavior\BuildLiteBehavior [ RunTime:0.000022s ]
INFO: [ app_init ] --END-- [ RunTime:0.000545s ]
INFO: [ app_begin ] --START--
INFO: Run Behavior\ReadHtmlCacheBehavior [ RunTime:0.000744s ]
INFO: [ app_begin ] --END-- [ RunTime:0.000833s ]

[ 2017-08-26T23:45:53+08:00 ] 49.66.94.169 /Home/Pay/pay?openid=&t_name=1122&use_time=08-27&phone=18915330621&count=2&price=40
INFO: [ app_init ] --START--
INFO: Run Behavior\BuildLiteBehavior [ RunTime:0.000023s ]
INFO: [ app_init ] --END-- [ RunTime:0.000565s ]
INFO: [ app_begin ] --START--
INFO: Run Behavior\ReadHtmlCacheBehavior [ RunTime:0.000816s ]
INFO: [ app_begin ] --END-- [ RunTime:0.000905s ]

[ 2017-08-26T23:45:54+08:00 ] 49.66.94.169 /Home/Pay/pay?openid=&t_name=1122&use_time=08-27&phone=18915330621&count=2&price=40
INFO: [ app_init ] --START--
INFO: Run Behavior\BuildLiteBehavior [ RunTime:0.000034s ]
INFO: [ app_init ] --END-- [ RunTime:0.000526s ]
INFO: [ app_begin ] --START--
INFO: Run Behavior\ReadHtmlCacheBehavior [ RunTime:0.000744s ]
INFO: [ app_begin ] --END-- [ RunTime:0.000836s ]

[ 2017-08-26T23:45:54+08:00 ] 49.66.94.169 /Home/Pay/pay?openid=&t_name=1122&use_time=08-27&phone=18915330621&count=2&price=40
INFO: [ app_init ] --START--
INFO: Run Behavior\BuildLiteBehavior [ RunTime:0.000024s ]
INFO: [ app_init ] --END-- [ RunTime:0.000627s ]
INFO: [ app_begin ] --START--
INFO: Run Behavior\ReadHtmlCacheBehavior [ RunTime:0.000991s ]
INFO: [ app_begin ] --END-- [ RunTime:0.001108s ]

[ 2017-08-26T23:45:54+08:00 ] 49.66.94.169 /Home/Pay/pay?openid=&t_name=1122&use_time=08-27&phone=18915330621&count=2&price=40
INFO: [ app_init ] --START--
INFO: Run Behavior\BuildLiteBehavior [ RunTime:0.000059s ]
INFO: [ app_init ] --END-- [ RunTime:0.000783s ]
INFO: [ app_begin ] --START--
INFO: Run Behavior\ReadHtmlCacheBehavior [ RunTime:0.000771s ]
INFO: [ app_begin ] --END-- [ RunTime:0.000862s ]

[ 2017-08-26T23:45:54+08:00 ] 49.66.94.169 /Home/Pay/pay?openid=&t_name=1122&use_time=08-27&phone=18915330621&count=2&price=40
INFO: [ app_init ] --START--
INFO: Run Behavior\BuildLiteBehavior [ RunTime:0.000022s ]
INFO: [ app_init ] --END-- [ RunTime:0.000494s ]
INFO: [ app_begin ] --START--
INFO: Run Behavior\ReadHtmlCacheBehavior [ RunTime:0.000769s ]
INFO: [ app_begin ] --END-- [ RunTime:0.000868s ]

[ 2017-08-26T23:45:56+08:00 ] 49.66.94.169 /Home/Pay/pay?openid=&t_name=1122&use_time=08-27&phone=18915330621&count=2&price=40
INFO: [ app_init ] --START--
INFO: Run Behavior\BuildLiteBehavior [ RunTime:0.000021s ]
INFO: [ app_init ] --END-- [ RunTime:0.000624s ]
INFO: [ app_begin ] --START--
INFO: Run Behavior\ReadHtmlCacheBehavior [ RunTime:0.000781s ]
INFO: [ app_begin ] --END-- [ RunTime:0.000884s ]

[ 2017-08-26T23:45:56+08:00 ] 49.66.94.169 /Home/Pay/pay?openid=&t_name=1122&use_time=08-27&phone=18915330621&count=2&price=40
INFO: [ app_init ] --START--
INFO: Run Behavior\BuildLiteBehavior [ RunTime:0.000054s ]
INFO: [ app_init ] --END-- [ RunTime:0.000629s ]
INFO: [ app_begin ] --START--
INFO: Run Behavior\ReadHtmlCacheBehavior [ RunTime:0.000769s ]
INFO: [ app_begin ] --END-- [ RunTime:0.000858s ]

[ 2017-08-26T23:45:56+08:00 ] 49.66.94.169 /Home/Pay/pay?openid=&t_name=1122&use_time=08-27&phone=18915330621&count=2&price=40
INFO: [ app_init ] --START--
INFO: Run Behavior\BuildLiteBehavior [ RunTime:0.000030s ]
INFO: [ app_init ] --END-- [ RunTime:0.000535s ]
INFO: [ app_begin ] --START--
INFO: Run Behavior\ReadHtmlCacheBehavior [ RunTime:0.000744s ]
INFO: [ app_begin ] --END-- [ RunTime:0.000843s ]

[ 2017-08-26T23:45:56+08:00 ] 49.66.94.169 /Home/Pay/pay?openid=&t_name=1122&use_time=08-27&phone=18915330621&count=2&price=40
INFO: [ app_init ] --START--
INFO: Run Behavior\BuildLiteBehavior [ RunTime:0.000023s ]
INFO: [ app_init ] --END-- [ RunTime:0.000541s ]
INFO: [ app_begin ] --START--
INFO: Run Behavior\ReadHtmlCacheBehavior [ RunTime:0.000784s ]
INFO: [ app_begin ] --END-- [ RunTime:0.000881s ]

[ 2017-08-26T23:54:31+08:00 ] 49.66.94.169 /Home/Ticket/index
INFO: [ app_init ] --START--
INFO: Run Behavior\BuildLiteBehavior [ RunTime:0.000023s ]
INFO: [ app_init ] --END-- [ RunTime:0.000509s ]
INFO: [ app_begin ] --START--
INFO: Run Behavior\ReadHtmlCacheBehavior [ RunTime:0.001034s ]
INFO: [ app_begin ] --END-- [ RunTime:0.001199s ]
SQL: SHOW COLUMNS FROM `wb_ticket` [ RunTime:0.0005s ]
SQL: SELECT * FROM `wb_ticket`  [ RunTime:0.0002s ]

[ 2017-08-26T23:54:33+08:00 ] 49.66.94.169 /Home/Ticket/detail/id/1
INFO: [ app_init ] --START--
INFO: Run Behavior\BuildLiteBehavior [ RunTime:0.000025s ]
INFO: [ app_init ] --END-- [ RunTime:0.000524s ]
INFO: [ app_begin ] --START--
INFO: Run Behavior\ReadHtmlCacheBehavior [ RunTime:0.000780s ]
INFO: [ app_begin ] --END-- [ RunTime:0.000872s ]
SQL: SHOW COLUMNS FROM `wb_ticket` [ RunTime:0.0006s ]
SQL: SELECT * FROM `wb_ticket` WHERE ( id=1 ) LIMIT 1   [ RunTime:0.0002s ]

[ 2017-08-26T23:54:59+08:00 ] 49.66.94.169 /Home/Pay/pay?openid=&t_name=undefined&use_time=2017-08-27&phone=undefined&count=1&price=20.00
INFO: [ app_init ] --START--
INFO: Run Behavior\BuildLiteBehavior [ RunTime:0.000022s ]
INFO: [ app_init ] --END-- [ RunTime:0.000526s ]
INFO: [ app_begin ] --START--
INFO: Run Behavior\ReadHtmlCacheBehavior [ RunTime:0.000721s ]
INFO: [ app_begin ] --END-- [ RunTime:0.000812s ]

[ 2017-08-26T23:55:00+08:00 ] 49.66.94.169 /Home/Pay/pay?openid=&t_name=undefined&use_time=2017-08-27&phone=undefined&count=1&price=20.00
INFO: [ app_init ] --START--
INFO: Run Behavior\BuildLiteBehavior [ RunTime:0.000022s ]
INFO: [ app_init ] --END-- [ RunTime:0.000491s ]
INFO: [ app_begin ] --START--
INFO: Run Behavior\ReadHtmlCacheBehavior [ RunTime:0.000790s ]
INFO: [ app_begin ] --END-- [ RunTime:0.000878s ]

[ 2017-08-26T23:55:00+08:00 ] 49.66.94.169 /Home/Pay/pay?openid=&t_name=undefined&use_time=2017-08-27&phone=undefined&count=1&price=20.00
INFO: [ app_init ] --START--
INFO: Run Behavior\BuildLiteBehavior [ RunTime:0.000025s ]
INFO: [ app_init ] --END-- [ RunTime:0.000546s ]
INFO: [ app_begin ] --START--
INFO: Run Behavior\ReadHtmlCacheBehavior [ RunTime:0.000769s ]
INFO: [ app_begin ] --END-- [ RunTime:0.000860s ]

[ 2017-08-26T23:55:00+08:00 ] 49.66.94.169 /Home/Pay/pay?openid=&t_name=undefined&use_time=2017-08-27&phone=undefined&count=1&price=20.00
INFO: [ app_init ] --START--
INFO: Run Behavior\BuildLiteBehavior [ RunTime:0.000029s ]
INFO: [ app_init ] --END-- [ RunTime:0.000510s ]
INFO: [ app_begin ] --START--
INFO: Run Behavior\ReadHtmlCacheBehavior [ RunTime:0.001145s ]
INFO: [ app_begin ] --END-- [ RunTime:0.001280s ]

[ 2017-08-26T23:55:01+08:00 ] 49.66.94.169 /Home/Pay/pay?openid=&t_name=undefined&use_time=2017-08-27&phone=undefined&count=1&price=20.00
INFO: [ app_init ] --START--
INFO: Run Behavior\BuildLiteBehavior [ RunTime:0.000025s ]
INFO: [ app_init ] --END-- [ RunTime:0.000528s ]
INFO: [ app_begin ] --START--
INFO: Run Behavior\ReadHtmlCacheBehavior [ RunTime:0.000765s ]
INFO: [ app_begin ] --END-- [ RunTime:0.000866s ]

[ 2017-08-26T23:55:01+08:00 ] 49.66.94.169 /Home/Pay/pay?openid=&t_name=undefined&use_time=2017-08-27&phone=undefined&count=1&price=20.00
INFO: [ app_init ] --START--
INFO: Run Behavior\BuildLiteBehavior [ RunTime:0.000034s ]
INFO: [ app_init ] --END-- [ RunTime:0.000544s ]
INFO: [ app_begin ] --START--
INFO: Run Behavior\ReadHtmlCacheBehavior [ RunTime:0.000823s ]
INFO: [ app_begin ] --END-- [ RunTime:0.000951s ]

[ 2017-08-26T23:55:02+08:00 ] 49.66.94.169 /Home/Pay/pay?openid=&t_name=undefined&use_time=2017-08-27&phone=undefined&count=1&price=20.00
INFO: [ app_init ] --START--
INFO: Run Behavior\BuildLiteBehavior [ RunTime:0.000024s ]
INFO: [ app_init ] --END-- [ RunTime:0.000561s ]
INFO: [ app_begin ] --START--
INFO: Run Behavior\ReadHtmlCacheBehavior [ RunTime:0.000749s ]
INFO: [ app_begin ] --END-- [ RunTime:0.000837s ]

